<?xml version="1.0" encoding="UTF-8"?>
<robot generator="Rebot 6.1 (Python 3.8.10 on darwin)" generated="20230927 12:11:49.491" rpa="false" schemaversion="4">
<suite id="s1" name="Suites">
<suite id="s1-s1" name="Engagement-page" source="/Users/noppadon/Desktop/Testrobot/connectrobot/Engagement-page.robot">
<test id="s1-s1-t1" name="TC-001 Verify Ui Create Leed" line="18">
<kw name="Open Browser and Login" library="Engagement-Page" type="SETUP">
<kw name="Get Variable Value" library="BuiltIn">
<var>${headless}</var>
<arg>${HEADLESS}</arg>
<arg>${False}</arg>
<doc>Returns variable value or ``default`` if the variable does not exist.</doc>
<msg timestamp="20230927 11:35:57.143" level="INFO">${headless} = False</msg>
<status status="PASS" starttime="20230927 11:35:57.141" endtime="20230927 11:35:57.143"/>
</kw>
<kw name="Evaluate" library="BuiltIn">
<var>${options}</var>
<arg>{'args':['--start-maximized'], 'headless': ${headless}}</arg>
<doc>Evaluates the given expression in Python and returns the result.</doc>
<msg timestamp="20230927 11:35:57.143" level="INFO">${options} = {'args': ['--start-maximized'], 'headless': False}</msg>
<status status="PASS" starttime="20230927 11:35:57.143" endtime="20230927 11:35:57.143"/>
</kw>
<kw name="Open Browser" library="PuppeteerLibrary">
<arg>${BaseURL}/login</arg>
<arg>browser=pwchrome</arg>
<arg>options=${options}</arg>
<doc>Opens a new browser instance to the specific ``url``.</doc>
<msg timestamp="20230927 11:35:57.144" level="INFO">https://beta.connect-x.tech/login</msg>
<status status="PASS" starttime="20230927 11:35:57.143" endtime="20230927 11:36:00.727"/>
</kw>
<kw name="Input Text" library="PuppeteerLibrary">
<arg>${Email}</arg>
<arg>${emailOrgAgent3}</arg>
<doc>Types the given text into text field identified by ``locator``.</doc>
<msg timestamp="20230927 11:36:00.728" level="INFO">Typing text 'agent3@conx.tech' into text field 'xpath=//input[@name='email']'.</msg>
<status status="PASS" starttime="20230927 11:36:00.727" endtime="20230927 11:36:00.851"/>
</kw>
<kw name="Input Password" library="PuppeteerLibrary">
<arg>${Password}</arg>
<arg>${PassOrgAgent3}</arg>
<doc>Types the given text into text field same as ``Input Text`` Keyword.</doc>
<msg timestamp="20230927 11:36:00.852" level="INFO">Typing password into text field 'xpath=//input[@name='password']'.</msg>
<status status="PASS" starttime="20230927 11:36:00.851" endtime="20230927 11:36:00.926"/>
</kw>
<kw name="Select Checkbox" library="PuppeteerLibrary">
<arg>${ClickRemember}</arg>
<doc>Select checkbox based on locator</doc>
<msg timestamp="20230927 11:36:00.927" level="INFO">Select checkbox xpath=//input[@type='checkbox'].</msg>
<status status="PASS" starttime="20230927 11:36:00.926" endtime="20230927 11:36:00.974"/>
</kw>
<kw name="Click Element" library="PuppeteerLibrary">
<arg>${Buttonlogin}</arg>
<doc>Clicks element identified by ``locator``.</doc>
<msg timestamp="20230927 11:36:00.975" level="INFO">Clicking element 'xpath=//button[@type='submit']'.</msg>
<status status="PASS" starttime="20230927 11:36:00.974" endtime="20230927 11:36:01.034"/>
</kw>
<kw name="Wait Until Element Is Visible" library="PuppeteerLibrary">
<arg>${Waitlogin}</arg>
<arg>${Wait}</arg>
<doc>Waits until ``locator`` element is displayed on web page.</doc>
<status status="PASS" starttime="20230927 11:36:01.034" endtime="20230927 11:36:13.308"/>
</kw>
<status status="PASS" starttime="20230927 11:35:57.140" endtime="20230927 11:36:13.309"/>
</kw>
<kw name="Go to Engagement in Facebook" library="Engagement-Page">
<kw name="Go To" library="PuppeteerLibrary">
<arg>${BaseURL}/engagement</arg>
<doc>Navigates the current page to the ``url``</doc>
<msg timestamp="20230927 11:36:13.309" level="INFO">https://beta.connect-x.tech/engagement</msg>
<status status="PASS" starttime="20230927 11:36:13.309" endtime="20230927 11:36:14.952"/>
</kw>
<kw name="Wait Until Element Is Visible" library="PuppeteerLibrary">
<arg>${Goodboi}</arg>
<arg>${Wait}</arg>
<doc>Waits until ``locator`` element is displayed on web page.</doc>
<status status="PASS" starttime="20230927 11:36:14.953" endtime="20230927 11:36:16.391"/>
</kw>
<kw name="Click Element" library="PuppeteerLibrary">
<arg>${Goodboi}</arg>
<doc>Clicks element identified by ``locator``.</doc>
<msg timestamp="20230927 11:36:16.392" level="INFO">Clicking element 'xpath=//*[text()='Good boiii']'.</msg>
<status status="PASS" starttime="20230927 11:36:16.391" endtime="20230927 11:36:16.486"/>
</kw>
<kw name="Wait Until Element Is Visible" library="PuppeteerLibrary">
<arg>${nametanung}</arg>
<arg>${Wait}</arg>
<doc>Waits until ``locator`` element is displayed on web page.</doc>
<status status="PASS" starttime="20230927 11:36:16.486" endtime="20230927 11:36:18.298"/>
</kw>
<kw name="Click Element" library="PuppeteerLibrary">
<arg>${namenop}</arg>
<doc>Clicks element identified by ``locator``.</doc>
<msg timestamp="20230927 11:36:18.298" level="INFO">Clicking element 'xpath=//*[@id="6476044069149141"]'.</msg>
<status status="PASS" starttime="20230927 11:36:18.298" endtime="20230927 11:36:18.521"/>
</kw>
<kw name="Wait Until Element Is Visible" library="PuppeteerLibrary">
<arg>${waitdate}</arg>
<arg>${Wait}</arg>
<doc>Waits until ``locator`` element is displayed on web page.</doc>
<status status="PASS" starttime="20230927 11:36:18.521" endtime="20230927 11:36:18.763"/>
</kw>
<status status="PASS" starttime="20230927 11:36:13.309" endtime="20230927 11:36:18.764"/>
</kw>
<kw name="Drawer Engagement Create Lead" library="Engagement-Page">
<kw name="Click Element" library="PuppeteerLibrary">
<arg>${clickcreatelead}</arg>
<doc>Clicks element identified by ``locator``.</doc>
<msg timestamp="20230927 11:36:18.764" level="INFO">Clicking element 'xpath=//*[text()='Create Lead']'.</msg>
<status status="PASS" starttime="20230927 11:36:18.764" endtime="20230927 11:36:19.106"/>
</kw>
<kw name="Wait Until Element Is Visible" library="PuppeteerLibrary">
<arg>${waitleadNo}</arg>
<arg>${Wait}</arg>
<doc>Waits until ``locator`` element is displayed on web page.</doc>
<status status="PASS" starttime="20230927 11:36:19.106" endtime="20230927 11:36:20.319"/>
</kw>
<status status="PASS" starttime="20230927 11:36:18.764" endtime="20230927 11:36:20.319"/>
</kw>
<kw name="Close All Browser" library="PuppeteerLibrary" type="TEARDOWN">
<doc>Close all browser</doc>
<status status="PASS" starttime="20230927 11:36:20.320" endtime="20230927 11:36:20.388"/>
</kw>
<status status="PASS" starttime="20230927 11:35:57.140" endtime="20230927 11:36:20.389"/>
</test>
<test id="s1-s1-t2" name="TC-002 Verify Ui List view in Create Lead" line="22">
<kw name="Open Browser and Login" library="Engagement-Page" type="SETUP">
<kw name="Get Variable Value" library="BuiltIn">
<var>${headless}</var>
<arg>${HEADLESS}</arg>
<arg>${False}</arg>
<doc>Returns variable value or ``default`` if the variable does not exist.</doc>
<msg timestamp="20230927 11:36:20.392" level="INFO">${headless} = False</msg>
<status status="PASS" starttime="20230927 11:36:20.389" endtime="20230927 11:36:20.392"/>
</kw>
<kw name="Evaluate" library="BuiltIn">
<var>${options}</var>
<arg>{'args':['--start-maximized'], 'headless': ${headless}}</arg>
<doc>Evaluates the given expression in Python and returns the result.</doc>
<msg timestamp="20230927 11:36:20.392" level="INFO">${options} = {'args': ['--start-maximized'], 'headless': False}</msg>
<status status="PASS" starttime="20230927 11:36:20.392" endtime="20230927 11:36:20.392"/>
</kw>
<kw name="Open Browser" library="PuppeteerLibrary">
<arg>${BaseURL}/login</arg>
<arg>browser=pwchrome</arg>
<arg>options=${options}</arg>
<doc>Opens a new browser instance to the specific ``url``.</doc>
<msg timestamp="20230927 11:36:20.392" level="INFO">https://beta.connect-x.tech/login</msg>
<status status="PASS" starttime="20230927 11:36:20.392" endtime="20230927 11:36:23.839"/>
</kw>
<kw name="Input Text" library="PuppeteerLibrary">
<arg>${Email}</arg>
<arg>${emailOrgAgent3}</arg>
<doc>Types the given text into text field identified by ``locator``.</doc>
<msg timestamp="20230927 11:36:23.840" level="INFO">Typing text 'agent3@conx.tech' into text field 'xpath=//input[@name='email']'.</msg>
<status status="PASS" starttime="20230927 11:36:23.839" endtime="20230927 11:36:23.930"/>
</kw>
<kw name="Input Password" library="PuppeteerLibrary">
<arg>${Password}</arg>
<arg>${PassOrgAgent3}</arg>
<doc>Types the given text into text field same as ``Input Text`` Keyword.</doc>
<msg timestamp="20230927 11:36:23.931" level="INFO">Typing password into text field 'xpath=//input[@name='password']'.</msg>
<status status="PASS" starttime="20230927 11:36:23.930" endtime="20230927 11:36:23.993"/>
</kw>
<kw name="Select Checkbox" library="PuppeteerLibrary">
<arg>${ClickRemember}</arg>
<doc>Select checkbox based on locator</doc>
<msg timestamp="20230927 11:36:23.993" level="INFO">Select checkbox xpath=//input[@type='checkbox'].</msg>
<status status="PASS" starttime="20230927 11:36:23.993" endtime="20230927 11:36:24.038"/>
</kw>
<kw name="Click Element" library="PuppeteerLibrary">
<arg>${Buttonlogin}</arg>
<doc>Clicks element identified by ``locator``.</doc>
<msg timestamp="20230927 11:36:24.038" level="INFO">Clicking element 'xpath=//button[@type='submit']'.</msg>
<status status="PASS" starttime="20230927 11:36:24.038" endtime="20230927 11:36:24.086"/>
</kw>
<kw name="Wait Until Element Is Visible" library="PuppeteerLibrary">
<arg>${Waitlogin}</arg>
<arg>${Wait}</arg>
<doc>Waits until ``locator`` element is displayed on web page.</doc>
<status status="PASS" starttime="20230927 11:36:24.086" endtime="20230927 11:36:36.029"/>
</kw>
<status status="PASS" starttime="20230927 11:36:20.389" endtime="20230927 11:36:36.029"/>
</kw>
<kw name="Go to Engagement in Facebook" library="Engagement-Page">
<kw name="Go To" library="PuppeteerLibrary">
<arg>${BaseURL}/engagement</arg>
<doc>Navigates the current page to the ``url``</doc>
<msg timestamp="20230927 11:36:36.030" level="INFO">https://beta.connect-x.tech/engagement</msg>
<status status="PASS" starttime="20230927 11:36:36.030" endtime="20230927 11:36:37.621"/>
</kw>
<kw name="Wait Until Element Is Visible" library="PuppeteerLibrary">
<arg>${Goodboi}</arg>
<arg>${Wait}</arg>
<doc>Waits until ``locator`` element is displayed on web page.</doc>
<status status="PASS" starttime="20230927 11:36:37.622" endtime="20230927 11:36:39.027"/>
</kw>
<kw name="Click Element" library="PuppeteerLibrary">
<arg>${Goodboi}</arg>
<doc>Clicks element identified by ``locator``.</doc>
<msg timestamp="20230927 11:36:39.027" level="INFO">Clicking element 'xpath=//*[text()='Good boiii']'.</msg>
<status status="PASS" starttime="20230927 11:36:39.027" endtime="20230927 11:36:39.078"/>
</kw>
<kw name="Wait Until Element Is Visible" library="PuppeteerLibrary">
<arg>${nametanung}</arg>
<arg>${Wait}</arg>
<doc>Waits until ``locator`` element is displayed on web page.</doc>
<status status="PASS" starttime="20230927 11:36:39.078" endtime="20230927 11:36:39.853"/>
</kw>
<kw name="Click Element" library="PuppeteerLibrary">
<arg>${namenop}</arg>
<doc>Clicks element identified by ``locator``.</doc>
<msg timestamp="20230927 11:36:39.854" level="INFO">Clicking element 'xpath=//*[@id="6476044069149141"]'.</msg>
<status status="PASS" starttime="20230927 11:36:39.854" endtime="20230927 11:36:40.006"/>
</kw>
<kw name="Wait Until Element Is Visible" library="PuppeteerLibrary">
<arg>${waitdate}</arg>
<arg>${Wait}</arg>
<doc>Waits until ``locator`` element is displayed on web page.</doc>
<status status="PASS" starttime="20230927 11:36:40.006" endtime="20230927 11:36:40.072"/>
</kw>
<status status="PASS" starttime="20230927 11:36:36.029" endtime="20230927 11:36:40.072"/>
</kw>
<kw name="List view Lead from page create Lead" library="Engagement-Page">
<kw name="Click Element" library="PuppeteerLibrary">
<arg>${clickcreatelead}</arg>
<doc>Clicks element identified by ``locator``.</doc>
<msg timestamp="20230927 11:36:40.073" level="INFO">Clicking element 'xpath=//*[text()='Create Lead']'.</msg>
<status status="PASS" starttime="20230927 11:36:40.073" endtime="20230927 11:36:40.255"/>
</kw>
<kw name="Wait Until Element Is Visible" library="PuppeteerLibrary">
<arg>${waitleadNo}</arg>
<arg>${Wait}</arg>
<doc>Waits until ``locator`` element is displayed on web page.</doc>
<status status="PASS" starttime="20230927 11:36:40.256" endtime="20230927 11:36:41.941"/>
</kw>
<kw name="Click Element" library="PuppeteerLibrary">
<arg>${ClickListview}</arg>
<doc>Clicks element identified by ``locator``.</doc>
<msg timestamp="20230927 11:36:41.941" level="INFO">Clicking element 'xpath=//*[text()='List View']'.</msg>
<status status="PASS" starttime="20230927 11:36:41.941" endtime="20230927 11:36:42.142"/>
</kw>
<kw name="Wait Until Element Is Visible" library="PuppeteerLibrary">
<arg>${WaitAllLead}</arg>
<arg>${Wait}</arg>
<doc>Waits until ``locator`` element is displayed on web page.</doc>
<status status="PASS" starttime="20230927 11:36:42.142" endtime="20230927 11:36:43.970"/>
</kw>
<status status="PASS" starttime="20230927 11:36:40.073" endtime="20230927 11:36:43.970"/>
</kw>
<kw name="Close All Browser" library="PuppeteerLibrary" type="TEARDOWN">
<doc>Close all browser</doc>
<status status="PASS" starttime="20230927 11:36:43.970" endtime="20230927 11:36:44.041"/>
</kw>
<status status="PASS" starttime="20230927 11:36:20.389" endtime="20230927 11:36:44.041"/>
</test>
<test id="s1-s1-t3" name="TC-003 Verify Lead no in List view to no Lead" line="26">
<kw name="Open Browser and Login" library="Engagement-Page" type="SETUP">
<kw name="Get Variable Value" library="BuiltIn">
<var>${headless}</var>
<arg>${HEADLESS}</arg>
<arg>${False}</arg>
<doc>Returns variable value or ``default`` if the variable does not exist.</doc>
<msg timestamp="20230927 11:36:44.044" level="INFO">${headless} = False</msg>
<status status="PASS" starttime="20230927 11:36:44.042" endtime="20230927 11:36:44.044"/>
</kw>
<kw name="Evaluate" library="BuiltIn">
<var>${options}</var>
<arg>{'args':['--start-maximized'], 'headless': ${headless}}</arg>
<doc>Evaluates the given expression in Python and returns the result.</doc>
<msg timestamp="20230927 11:36:44.045" level="INFO">${options} = {'args': ['--start-maximized'], 'headless': False}</msg>
<status status="PASS" starttime="20230927 11:36:44.045" endtime="20230927 11:36:44.045"/>
</kw>
<kw name="Open Browser" library="PuppeteerLibrary">
<arg>${BaseURL}/login</arg>
<arg>browser=pwchrome</arg>
<arg>options=${options}</arg>
<doc>Opens a new browser instance to the specific ``url``.</doc>
<msg timestamp="20230927 11:36:44.045" level="INFO">https://beta.connect-x.tech/login</msg>
<status status="PASS" starttime="20230927 11:36:44.045" endtime="20230927 11:36:47.622"/>
</kw>
<kw name="Input Text" library="PuppeteerLibrary">
<arg>${Email}</arg>
<arg>${emailOrgAgent3}</arg>
<doc>Types the given text into text field identified by ``locator``.</doc>
<msg timestamp="20230927 11:36:47.623" level="INFO">Typing text 'agent3@conx.tech' into text field 'xpath=//input[@name='email']'.</msg>
<status status="PASS" starttime="20230927 11:36:47.623" endtime="20230927 11:36:47.707"/>
</kw>
<kw name="Input Password" library="PuppeteerLibrary">
<arg>${Password}</arg>
<arg>${PassOrgAgent3}</arg>
<doc>Types the given text into text field same as ``Input Text`` Keyword.</doc>
<msg timestamp="20230927 11:36:47.707" level="INFO">Typing password into text field 'xpath=//input[@name='password']'.</msg>
<status status="PASS" starttime="20230927 11:36:47.707" endtime="20230927 11:36:47.759"/>
</kw>
<kw name="Select Checkbox" library="PuppeteerLibrary">
<arg>${ClickRemember}</arg>
<doc>Select checkbox based on locator</doc>
<msg timestamp="20230927 11:36:47.760" level="INFO">Select checkbox xpath=//input[@type='checkbox'].</msg>
<status status="PASS" starttime="20230927 11:36:47.759" endtime="20230927 11:36:47.841"/>
</kw>
<kw name="Click Element" library="PuppeteerLibrary">
<arg>${Buttonlogin}</arg>
<doc>Clicks element identified by ``locator``.</doc>
<msg timestamp="20230927 11:36:47.842" level="INFO">Clicking element 'xpath=//button[@type='submit']'.</msg>
<status status="PASS" starttime="20230927 11:36:47.842" endtime="20230927 11:36:47.896"/>
</kw>
<kw name="Wait Until Element Is Visible" library="PuppeteerLibrary">
<arg>${Waitlogin}</arg>
<arg>${Wait}</arg>
<doc>Waits until ``locator`` element is displayed on web page.</doc>
<status status="PASS" starttime="20230927 11:36:47.896" endtime="20230927 11:36:59.956"/>
</kw>
<status status="PASS" starttime="20230927 11:36:44.041" endtime="20230927 11:36:59.956"/>
</kw>
<kw name="Go to Engagement in Facebook" library="Engagement-Page">
<kw name="Go To" library="PuppeteerLibrary">
<arg>${BaseURL}/engagement</arg>
<doc>Navigates the current page to the ``url``</doc>
<msg timestamp="20230927 11:36:59.957" level="INFO">https://beta.connect-x.tech/engagement</msg>
<status status="PASS" starttime="20230927 11:36:59.957" endtime="20230927 11:37:01.577"/>
</kw>
<kw name="Wait Until Element Is Visible" library="PuppeteerLibrary">
<arg>${Goodboi}</arg>
<arg>${Wait}</arg>
<doc>Waits until ``locator`` element is displayed on web page.</doc>
<status status="PASS" starttime="20230927 11:37:01.577" endtime="20230927 11:37:02.974"/>
</kw>
<kw name="Click Element" library="PuppeteerLibrary">
<arg>${Goodboi}</arg>
<doc>Clicks element identified by ``locator``.</doc>
<msg timestamp="20230927 11:37:02.975" level="INFO">Clicking element 'xpath=//*[text()='Good boiii']'.</msg>
<status status="PASS" starttime="20230927 11:37:02.975" endtime="20230927 11:37:03.073"/>
</kw>
<kw name="Wait Until Element Is Visible" library="PuppeteerLibrary">
<arg>${nametanung}</arg>
<arg>${Wait}</arg>
<doc>Waits until ``locator`` element is displayed on web page.</doc>
<status status="PASS" starttime="20230927 11:37:03.073" endtime="20230927 11:37:03.878"/>
</kw>
<kw name="Click Element" library="PuppeteerLibrary">
<arg>${namenop}</arg>
<doc>Clicks element identified by ``locator``.</doc>
<msg timestamp="20230927 11:37:03.879" level="INFO">Clicking element 'xpath=//*[@id="6476044069149141"]'.</msg>
<status status="PASS" starttime="20230927 11:37:03.878" endtime="20230927 11:37:04.008"/>
</kw>
<kw name="Wait Until Element Is Visible" library="PuppeteerLibrary">
<arg>${waitdate}</arg>
<arg>${Wait}</arg>
<doc>Waits until ``locator`` element is displayed on web page.</doc>
<status status="PASS" starttime="20230927 11:37:04.008" endtime="20230927 11:37:04.096"/>
</kw>
<status status="PASS" starttime="20230927 11:36:59.956" endtime="20230927 11:37:04.097"/>
</kw>
<kw name="Lead Number from page list view" library="Engagement-Page">
<kw name="Click Element" library="PuppeteerLibrary">
<arg>${clickcreatelead}</arg>
<doc>Clicks element identified by ``locator``.</doc>
<msg timestamp="20230927 11:37:04.098" level="INFO">Clicking element 'xpath=//*[text()='Create Lead']'.</msg>
<status status="PASS" starttime="20230927 11:37:04.098" endtime="20230927 11:37:04.301"/>
</kw>
<kw name="Wait Until Element Is Visible" library="PuppeteerLibrary">
<arg>${waitleadNo}</arg>
<arg>${Wait}</arg>
<doc>Waits until ``locator`` element is displayed on web page.</doc>
<status status="PASS" starttime="20230927 11:37:04.302" endtime="20230927 11:37:05.940"/>
</kw>
<kw name="Click Element" library="PuppeteerLibrary">
<arg>${ClickListview}</arg>
<doc>Clicks element identified by ``locator``.</doc>
<msg timestamp="20230927 11:37:05.940" level="INFO">Clicking element 'xpath=//*[text()='List View']'.</msg>
<status status="PASS" starttime="20230927 11:37:05.940" endtime="20230927 11:37:06.141"/>
</kw>
<kw name="Wait Until Element Is Visible" library="PuppeteerLibrary">
<arg>${WaitAllLead}</arg>
<arg>${Wait}</arg>
<doc>Waits until ``locator`` element is displayed on web page.</doc>
<status status="PASS" starttime="20230927 11:37:06.141" endtime="20230927 11:37:06.757"/>
</kw>
<kw name="Click Element" library="PuppeteerLibrary">
<arg>${Clickidcreate-Lead}</arg>
<doc>Clicks element identified by ``locator``.</doc>
<msg timestamp="20230927 11:37:06.757" level="INFO">Clicking element 'xpath=(//*[@id="create-lead"]//*[contains(text(),'LD-')])[1]'.</msg>
<status status="PASS" starttime="20230927 11:37:06.757" endtime="20230927 11:37:08.219"/>
</kw>
<kw name="Wait For New Window Open" library="PuppeteerLibrary">
<arg>${Wait}</arg>
<doc>Waits until new page or tab opens.</doc>
<status status="PASS" starttime="20230927 11:37:08.220" endtime="20230927 11:37:09.223"/>
</kw>
<kw name="Switch Window" library="PuppeteerLibrary">
<arg>url=.*edit.*</arg>
<doc>Switches to tabs matching locator
locator support options NEW, MAIN and query using name, title and url
    - NEW: latest opened window
    - MAIN: main window
    - title="QAHive": window title. Page title will have have error if new tab have auto redirection
    - url="https://qahive.com": url support regex Example: url=.*qahive.com</doc>
<msg timestamp="20230927 11:37:09.223" level="INFO">Url mismatch: https://beta.connect-x.tech/engagement</msg>
<status status="PASS" starttime="20230927 11:37:09.223" endtime="20230927 11:37:09.226"/>
</kw>
<kw name="Get Location" library="PuppeteerLibrary">
<var>${howto}</var>
<doc>Get page location</doc>
<msg timestamp="20230927 11:37:09.226" level="INFO">${howto} = https://beta.connect-x.tech/object/lead/edit/UblAunMcmp62KVqS1Doh</msg>
<status status="PASS" starttime="20230927 11:37:09.226" endtime="20230927 11:37:09.226"/>
</kw>
<kw name="Switch Window" library="PuppeteerLibrary">
<arg>url=.*engagement</arg>
<doc>Switches to tabs matching locator
locator support options NEW, MAIN and query using name, title and url
    - NEW: latest opened window
    - MAIN: main window
    - title="QAHive": window title. Page title will have have error if new tab have auto redirection
    - url="https://qahive.com": url support regex Example: url=.*qahive.com</doc>
<status status="PASS" starttime="20230927 11:37:09.226" endtime="20230927 11:37:09.236"/>
</kw>
<kw name="Get Location" library="PuppeteerLibrary">
<var>${Test01}</var>
<doc>Get page location</doc>
<msg timestamp="20230927 11:37:09.237" level="INFO">${Test01} = https://beta.connect-x.tech/engagement</msg>
<status status="PASS" starttime="20230927 11:37:09.236" endtime="20230927 11:37:09.237"/>
</kw>
<status status="PASS" starttime="20230927 11:37:04.097" endtime="20230927 11:37:09.237"/>
</kw>
<kw name="Close All Browser" library="PuppeteerLibrary" type="TEARDOWN">
<doc>Close all browser</doc>
<status status="PASS" starttime="20230927 11:37:09.237" endtime="20230927 11:37:09.307"/>
</kw>
<status status="PASS" starttime="20230927 11:36:44.041" endtime="20230927 11:37:09.308"/>
</test>
<test id="s1-s1-t4" name="TC-004 Verify Create Filter new" line="30">
<kw name="Open Browser and Login" library="Engagement-Page" type="SETUP">
<kw name="Get Variable Value" library="BuiltIn">
<var>${headless}</var>
<arg>${HEADLESS}</arg>
<arg>${False}</arg>
<doc>Returns variable value or ``default`` if the variable does not exist.</doc>
<msg timestamp="20230927 11:37:09.311" level="INFO">${headless} = False</msg>
<status status="PASS" starttime="20230927 11:37:09.309" endtime="20230927 11:37:09.311"/>
</kw>
<kw name="Evaluate" library="BuiltIn">
<var>${options}</var>
<arg>{'args':['--start-maximized'], 'headless': ${headless}}</arg>
<doc>Evaluates the given expression in Python and returns the result.</doc>
<msg timestamp="20230927 11:37:09.312" level="INFO">${options} = {'args': ['--start-maximized'], 'headless': False}</msg>
<status status="PASS" starttime="20230927 11:37:09.312" endtime="20230927 11:37:09.312"/>
</kw>
<kw name="Open Browser" library="PuppeteerLibrary">
<arg>${BaseURL}/login</arg>
<arg>browser=pwchrome</arg>
<arg>options=${options}</arg>
<doc>Opens a new browser instance to the specific ``url``.</doc>
<msg timestamp="20230927 11:37:09.312" level="INFO">https://beta.connect-x.tech/login</msg>
<status status="PASS" starttime="20230927 11:37:09.312" endtime="20230927 11:37:12.605"/>
</kw>
<kw name="Input Text" library="PuppeteerLibrary">
<arg>${Email}</arg>
<arg>${emailOrgAgent3}</arg>
<doc>Types the given text into text field identified by ``locator``.</doc>
<msg timestamp="20230927 11:37:12.606" level="INFO">Typing text 'agent3@conx.tech' into text field 'xpath=//input[@name='email']'.</msg>
<status status="PASS" starttime="20230927 11:37:12.605" endtime="20230927 11:37:12.751"/>
</kw>
<kw name="Input Password" library="PuppeteerLibrary">
<arg>${Password}</arg>
<arg>${PassOrgAgent3}</arg>
<doc>Types the given text into text field same as ``Input Text`` Keyword.</doc>
<msg timestamp="20230927 11:37:12.752" level="INFO">Typing password into text field 'xpath=//input[@name='password']'.</msg>
<status status="PASS" starttime="20230927 11:37:12.751" endtime="20230927 11:37:12.843"/>
</kw>
<kw name="Select Checkbox" library="PuppeteerLibrary">
<arg>${ClickRemember}</arg>
<doc>Select checkbox based on locator</doc>
<msg timestamp="20230927 11:37:12.843" level="INFO">Select checkbox xpath=//input[@type='checkbox'].</msg>
<status status="PASS" starttime="20230927 11:37:12.843" endtime="20230927 11:37:12.886"/>
</kw>
<kw name="Click Element" library="PuppeteerLibrary">
<arg>${Buttonlogin}</arg>
<doc>Clicks element identified by ``locator``.</doc>
<msg timestamp="20230927 11:37:12.887" level="INFO">Clicking element 'xpath=//button[@type='submit']'.</msg>
<status status="PASS" starttime="20230927 11:37:12.886" endtime="20230927 11:37:12.928"/>
</kw>
<kw name="Wait Until Element Is Visible" library="PuppeteerLibrary">
<arg>${Waitlogin}</arg>
<arg>${Wait}</arg>
<doc>Waits until ``locator`` element is displayed on web page.</doc>
<status status="PASS" starttime="20230927 11:37:12.928" endtime="20230927 11:37:24.825"/>
</kw>
<status status="PASS" starttime="20230927 11:37:09.309" endtime="20230927 11:37:24.826"/>
</kw>
<kw name="Create Filter Object Lead" library="Engagement-Page">
<kw name="Go To" library="PuppeteerLibrary">
<arg>url=${BaseURL}/object/lead</arg>
<doc>Navigates the current page to the ``url``</doc>
<msg timestamp="20230927 11:37:24.826" level="INFO">https://beta.connect-x.tech/object/lead</msg>
<status status="PASS" starttime="20230927 11:37:24.826" endtime="20230927 11:37:27.108"/>
</kw>
<kw name="Wait Until Element Is Visible" library="PuppeteerLibrary">
<arg>${ObjectTable}</arg>
<arg>${Wait}</arg>
<doc>Waits until ``locator`` element is displayed on web page.</doc>
<status status="PASS" starttime="20230927 11:37:27.108" endtime="20230927 11:37:29.830"/>
</kw>
<kw name="Click Element" library="PuppeteerLibrary">
<arg>${setFilter}</arg>
<doc>Clicks element identified by ``locator``.</doc>
<msg timestamp="20230927 11:37:29.831" level="INFO">Clicking element 'xpath=((//*[text()='คำสั่งซื้อใหม่']/../../../..//*//*//*//*//*)[3]//..//..)[1]'.</msg>
<status status="PASS" starttime="20230927 11:37:29.830" endtime="20230927 11:37:29.947"/>
</kw>
<kw name="Wait Until Element Is Visible" library="PuppeteerLibrary">
<arg>${FilterManagement}</arg>
<arg>${Wait}</arg>
<doc>Waits until ``locator`` element is displayed on web page.</doc>
<status status="PASS" starttime="20230927 11:37:29.948" endtime="20230927 11:37:29.951"/>
</kw>
<kw name="Click Element" library="PuppeteerLibrary">
<arg>${FilterManagement}</arg>
<doc>Clicks element identified by ``locator``.</doc>
<msg timestamp="20230927 11:37:29.951" level="INFO">Clicking element 'xpath=(//*[text()='การจัดการตัวกรอง']//..)[1]'.</msg>
<status status="PASS" starttime="20230927 11:37:29.951" endtime="20230927 11:37:30.069"/>
</kw>
<kw name="Wait Until Element Is Visible" library="PuppeteerLibrary">
<arg>${AllLeadFilter}</arg>
<arg>${Wait}</arg>
<doc>Waits until ``locator`` element is displayed on web page.</doc>
<status status="PASS" starttime="20230927 11:37:30.070" endtime="20230927 11:37:30.073"/>
</kw>
<kw name="Click Element" library="PuppeteerLibrary">
<arg>${CreateFileter}</arg>
<doc>Clicks element identified by ``locator``.</doc>
<msg timestamp="20230927 11:37:30.073" level="INFO">Clicking element 'xpath=//*[text()='สร้างตัวกรอง']'.</msg>
<status status="PASS" starttime="20230927 11:37:30.073" endtime="20230927 11:37:32.997"/>
</kw>
<kw name="Wait Until Element Is Visible" library="PuppeteerLibrary">
<arg>${ConditionFilter}</arg>
<arg>${Wait}</arg>
<doc>Waits until ``locator`` element is displayed on web page.</doc>
<status status="PASS" starttime="20230927 11:37:32.997" endtime="20230927 11:37:34.190"/>
</kw>
<kw name="Click Element" library="PuppeteerLibrary">
<arg>${NameFilter}</arg>
<doc>Clicks element identified by ``locator``.</doc>
<msg timestamp="20230927 11:37:34.190" level="INFO">Clicking element 'xpath=(//*[text()='ชื่อตัวกรอง'])[2]//..//..//..//input'.</msg>
<status status="PASS" starttime="20230927 11:37:34.190" endtime="20230927 11:37:34.952"/>
</kw>
<kw name="Input Text" library="PuppeteerLibrary">
<arg>${NameFilter}</arg>
<arg>Lead Test</arg>
<doc>Types the given text into text field identified by ``locator``.</doc>
<msg timestamp="20230927 11:37:34.953" level="INFO">Typing text 'Lead Test' into text field 'xpath=(//*[text()='ชื่อตัวกรอง'])[2]//..//..//..//input'.</msg>
<status status="PASS" starttime="20230927 11:37:34.953" endtime="20230927 11:37:35.087"/>
</kw>
<kw name="Sleep" library="BuiltIn">
<arg>1s</arg>
<doc>Pauses the test executed for the given time.</doc>
<msg timestamp="20230927 11:37:36.089" level="INFO">Slept 1 second</msg>
<status status="PASS" starttime="20230927 11:37:35.087" endtime="20230927 11:37:36.089"/>
</kw>
<kw name="Click Element" library="PuppeteerLibrary">
<arg>${LeadIDFilter}</arg>
<doc>Clicks element identified by ``locator``.</doc>
<msg timestamp="20230927 11:37:36.091" level="INFO">Clicking element 'xpath=//*[text()="Lead ID"]/..//input[@type='checkbox']'.</msg>
<status status="PASS" starttime="20230927 11:37:36.090" endtime="20230927 11:37:36.151"/>
</kw>
<kw name="Click Element" library="PuppeteerLibrary">
<arg>${ButtonselectFilter}</arg>
<doc>Clicks element identified by ``locator``.</doc>
<msg timestamp="20230927 11:37:36.151" level="INFO">Clicking element 'xpath=//*[@class="scrollable"]//button[1]//*//*'.</msg>
<status status="PASS" starttime="20230927 11:37:36.151" endtime="20230927 11:37:36.202"/>
</kw>
<kw name="Wait Until Element Is Visible" library="PuppeteerLibrary">
<arg>${WaitLeadIDFilter}</arg>
<arg>${Wait}</arg>
<doc>Waits until ``locator`` element is displayed on web page.</doc>
<status status="PASS" starttime="20230927 11:37:36.202" endtime="20230927 11:37:36.205"/>
</kw>
<kw name="Click Element" library="PuppeteerLibrary">
<arg>${LeadNoFilter}</arg>
<doc>Clicks element identified by ``locator``.</doc>
<msg timestamp="20230927 11:37:36.206" level="INFO">Clicking element 'xpath=//*[text()="Lead No."]/..//input[@type='checkbox']'.</msg>
<status status="PASS" starttime="20230927 11:37:36.206" endtime="20230927 11:37:36.243"/>
</kw>
<kw name="Click Element" library="PuppeteerLibrary">
<arg>${ButtonselectFilter}</arg>
<doc>Clicks element identified by ``locator``.</doc>
<msg timestamp="20230927 11:37:36.244" level="INFO">Clicking element 'xpath=//*[@class="scrollable"]//button[1]//*//*'.</msg>
<status status="PASS" starttime="20230927 11:37:36.243" endtime="20230927 11:37:36.300"/>
</kw>
<kw name="Wait Until Element Is Visible" library="PuppeteerLibrary">
<arg>${WaitLeadNoFilter}</arg>
<arg>${Wait}</arg>
<doc>Waits until ``locator`` element is displayed on web page.</doc>
<status status="PASS" starttime="20230927 11:37:36.300" endtime="20230927 11:37:36.303"/>
</kw>
<kw name="Click Element" library="PuppeteerLibrary">
<arg>${CreatedByFilter}</arg>
<doc>Clicks element identified by ``locator``.</doc>
<msg timestamp="20230927 11:37:36.304" level="INFO">Clicking element 'xpath=//*[text()="Created By"]/..//input[@type='checkbox']'.</msg>
<status status="PASS" starttime="20230927 11:37:36.303" endtime="20230927 11:37:36.344"/>
</kw>
<kw name="Click Element" library="PuppeteerLibrary">
<arg>${ButtonselectFilter}</arg>
<doc>Clicks element identified by ``locator``.</doc>
<msg timestamp="20230927 11:37:36.345" level="INFO">Clicking element 'xpath=//*[@class="scrollable"]//button[1]//*//*'.</msg>
<status status="PASS" starttime="20230927 11:37:36.344" endtime="20230927 11:37:36.402"/>
</kw>
<kw name="Wait Until Element Is Visible" library="PuppeteerLibrary">
<arg>${WaitCreatedByFilter}</arg>
<arg>${Wait}</arg>
<doc>Waits until ``locator`` element is displayed on web page.</doc>
<status status="PASS" starttime="20230927 11:37:36.402" endtime="20230927 11:37:36.405"/>
</kw>
<kw name="Click Element" library="PuppeteerLibrary">
<arg>${CreatedDateFilter}</arg>
<doc>Clicks element identified by ``locator``.</doc>
<msg timestamp="20230927 11:37:36.406" level="INFO">Clicking element 'xpath=//*[text()="Created Date"]/..//input[@type='checkbox']'.</msg>
<status status="PASS" starttime="20230927 11:37:36.405" endtime="20230927 11:37:36.444"/>
</kw>
<kw name="Click Element" library="PuppeteerLibrary">
<arg>${ButtonselectFilter}</arg>
<doc>Clicks element identified by ``locator``.</doc>
<msg timestamp="20230927 11:37:36.444" level="INFO">Clicking element 'xpath=//*[@class="scrollable"]//button[1]//*//*'.</msg>
<status status="PASS" starttime="20230927 11:37:36.444" endtime="20230927 11:37:36.506"/>
</kw>
<kw name="Wait Until Element Is Visible" library="PuppeteerLibrary">
<arg>${WaitCreatedDateFilter}</arg>
<arg>${Wait}</arg>
<doc>Waits until ``locator`` element is displayed on web page.</doc>
<status status="PASS" starttime="20230927 11:37:36.506" endtime="20230927 11:37:36.510"/>
</kw>
<kw name="Click Element" library="PuppeteerLibrary">
<arg>${LastModifiedFilter}</arg>
<doc>Clicks element identified by ``locator``.</doc>
<msg timestamp="20230927 11:37:36.510" level="INFO">Clicking element 'xpath=//*[text()="Last Modified"]/..//input[@type='checkbox']'.</msg>
<status status="PASS" starttime="20230927 11:37:36.510" endtime="20230927 11:37:36.559"/>
</kw>
<kw name="Click Element" library="PuppeteerLibrary">
<arg>${ButtonselectFilter}</arg>
<doc>Clicks element identified by ``locator``.</doc>
<msg timestamp="20230927 11:37:36.560" level="INFO">Clicking element 'xpath=//*[@class="scrollable"]//button[1]//*//*'.</msg>
<status status="PASS" starttime="20230927 11:37:36.559" endtime="20230927 11:37:36.617"/>
</kw>
<kw name="Wait Until Element Is Visible" library="PuppeteerLibrary">
<arg>${LastModifiedFilter}</arg>
<arg>${Wait}</arg>
<doc>Waits until ``locator`` element is displayed on web page.</doc>
<status status="PASS" starttime="20230927 11:37:36.618" endtime="20230927 11:37:36.621"/>
</kw>
<kw name="Click Element" library="PuppeteerLibrary">
<arg>${LastModifiedByFilter}</arg>
<doc>Clicks element identified by ``locator``.</doc>
<msg timestamp="20230927 11:37:36.621" level="INFO">Clicking element 'xpath=//*[text()="Last Modified By"]/..//input[@type='checkbox']'.</msg>
<status status="PASS" starttime="20230927 11:37:36.621" endtime="20230927 11:37:36.675"/>
</kw>
<kw name="Click Element" library="PuppeteerLibrary">
<arg>${ButtonselectFilter}</arg>
<doc>Clicks element identified by ``locator``.</doc>
<msg timestamp="20230927 11:37:36.676" level="INFO">Clicking element 'xpath=//*[@class="scrollable"]//button[1]//*//*'.</msg>
<status status="PASS" starttime="20230927 11:37:36.676" endtime="20230927 11:37:36.749"/>
</kw>
<kw name="Wait Until Element Is Visible" library="PuppeteerLibrary">
<arg>${WaitLastModifiedByFilter}</arg>
<arg>${Wait}</arg>
<doc>Waits until ``locator`` element is displayed on web page.</doc>
<status status="PASS" starttime="20230927 11:37:36.749" endtime="20230927 11:37:36.753"/>
</kw>
<kw name="Click Element" library="PuppeteerLibrary">
<arg>${ChannelFilter}</arg>
<doc>Clicks element identified by ``locator``.</doc>
<msg timestamp="20230927 11:37:36.753" level="INFO">Clicking element 'xpath=//*[text()="Channel"]/..//input[@type='checkbox']'.</msg>
<status status="PASS" starttime="20230927 11:37:36.753" endtime="20230927 11:37:36.792"/>
</kw>
<kw name="Click Element" library="PuppeteerLibrary">
<arg>${ButtonselectFilter}</arg>
<doc>Clicks element identified by ``locator``.</doc>
<msg timestamp="20230927 11:37:36.792" level="INFO">Clicking element 'xpath=//*[@class="scrollable"]//button[1]//*//*'.</msg>
<status status="PASS" starttime="20230927 11:37:36.792" endtime="20230927 11:37:36.850"/>
</kw>
<kw name="Wait Until Element Is Visible" library="PuppeteerLibrary">
<arg>${WaitChannelFilter}</arg>
<arg>${Wait}</arg>
<doc>Waits until ``locator`` element is displayed on web page.</doc>
<status status="PASS" starttime="20230927 11:37:36.850" endtime="20230927 11:37:36.854"/>
</kw>
<kw name="Click Element" library="PuppeteerLibrary">
<arg>${EmailFilter}</arg>
<doc>Clicks element identified by ``locator``.</doc>
<msg timestamp="20230927 11:37:36.854" level="INFO">Clicking element 'xpath=//*[text()="Email"]/..//input[@type='checkbox']'.</msg>
<status status="PASS" starttime="20230927 11:37:36.854" endtime="20230927 11:37:36.893"/>
</kw>
<kw name="Click Element" library="PuppeteerLibrary">
<arg>${ButtonselectFilter}</arg>
<doc>Clicks element identified by ``locator``.</doc>
<msg timestamp="20230927 11:37:36.893" level="INFO">Clicking element 'xpath=//*[@class="scrollable"]//button[1]//*//*'.</msg>
<status status="PASS" starttime="20230927 11:37:36.893" endtime="20230927 11:37:36.949"/>
</kw>
<kw name="Wait Until Element Is Visible" library="PuppeteerLibrary">
<arg>${WaitEmailFilter}</arg>
<arg>${Wait}</arg>
<doc>Waits until ``locator`` element is displayed on web page.</doc>
<status status="PASS" starttime="20230927 11:37:36.949" endtime="20230927 11:37:36.953"/>
</kw>
<kw name="Click Element" library="PuppeteerLibrary">
<arg>${RemarkFilter}</arg>
<doc>Clicks element identified by ``locator``.</doc>
<msg timestamp="20230927 11:37:36.953" level="INFO">Clicking element 'xpath=//*[text()="Remark"]/..//input[@type='checkbox']'.</msg>
<status status="PASS" starttime="20230927 11:37:36.953" endtime="20230927 11:37:36.994"/>
</kw>
<kw name="Click Element" library="PuppeteerLibrary">
<arg>${ButtonselectFilter}</arg>
<doc>Clicks element identified by ``locator``.</doc>
<msg timestamp="20230927 11:37:36.994" level="INFO">Clicking element 'xpath=//*[@class="scrollable"]//button[1]//*//*'.</msg>
<status status="PASS" starttime="20230927 11:37:36.994" endtime="20230927 11:37:37.052"/>
</kw>
<kw name="Wait Until Element Is Visible" library="PuppeteerLibrary">
<arg>${WaitRemarkFilter}</arg>
<arg>${Wait}</arg>
<doc>Waits until ``locator`` element is displayed on web page.</doc>
<status status="PASS" starttime="20230927 11:37:37.052" endtime="20230927 11:37:37.055"/>
</kw>
<kw name="Click Element" library="PuppeteerLibrary">
<arg>${ButtonSaveTH}</arg>
<doc>Clicks element identified by ``locator``.</doc>
<msg timestamp="20230927 11:37:37.056" level="INFO">Clicking element 'xpath=//*[text()='บันทึก']'.</msg>
<status status="PASS" starttime="20230927 11:37:37.056" endtime="20230927 11:37:37.110"/>
</kw>
<kw name="Wait Until Element Is Visible" library="PuppeteerLibrary">
<arg>${WaitSucces}</arg>
<arg>${Wait}</arg>
<doc>Waits until ``locator`` element is displayed on web page.</doc>
<status status="PASS" starttime="20230927 11:37:37.111" endtime="20230927 11:37:39.847"/>
</kw>
<kw name="Wait Until Element Is Visible" library="PuppeteerLibrary">
<arg>${WaitAllLead}</arg>
<arg>${Wait}</arg>
<doc>Waits until ``locator`` element is displayed on web page.</doc>
<status status="PASS" starttime="20230927 11:37:39.847" endtime="20230927 11:37:39.851"/>
</kw>
<kw name="Click Element" library="PuppeteerLibrary">
<arg>${CloseDrawerLead}</arg>
<arg>${Wait}</arg>
<doc>Clicks element identified by ``locator``.</doc>
<msg timestamp="20230927 11:37:39.851" level="INFO">Clicking element 'xpath=//*[text()='Close']/..'.</msg>
<status status="PASS" starttime="20230927 11:37:39.851" endtime="20230927 11:37:40.125"/>
</kw>
<kw name="Wait Until Element Is Visible" library="PuppeteerLibrary">
<arg>${ObjectTable}</arg>
<arg>${Wait}</arg>
<doc>Waits until ``locator`` element is displayed on web page.</doc>
<status status="PASS" starttime="20230927 11:37:40.125" endtime="20230927 11:37:41.414"/>
</kw>
<status status="PASS" starttime="20230927 11:37:24.826" endtime="20230927 11:37:41.415"/>
</kw>
<kw name="Go to Engagement in Facebook" library="Engagement-Page">
<kw name="Go To" library="PuppeteerLibrary">
<arg>${BaseURL}/engagement</arg>
<doc>Navigates the current page to the ``url``</doc>
<msg timestamp="20230927 11:37:41.415" level="INFO">https://beta.connect-x.tech/engagement</msg>
<status status="PASS" starttime="20230927 11:37:41.415" endtime="20230927 11:37:43.299"/>
</kw>
<kw name="Wait Until Element Is Visible" library="PuppeteerLibrary">
<arg>${Goodboi}</arg>
<arg>${Wait}</arg>
<doc>Waits until ``locator`` element is displayed on web page.</doc>
<status status="PASS" starttime="20230927 11:37:43.300" endtime="20230927 11:37:44.775"/>
</kw>
<kw name="Click Element" library="PuppeteerLibrary">
<arg>${Goodboi}</arg>
<doc>Clicks element identified by ``locator``.</doc>
<msg timestamp="20230927 11:37:44.776" level="INFO">Clicking element 'xpath=//*[text()='Good boiii']'.</msg>
<status status="PASS" starttime="20230927 11:37:44.775" endtime="20230927 11:37:44.856"/>
</kw>
<kw name="Wait Until Element Is Visible" library="PuppeteerLibrary">
<arg>${nametanung}</arg>
<arg>${Wait}</arg>
<doc>Waits until ``locator`` element is displayed on web page.</doc>
<status status="PASS" starttime="20230927 11:37:44.857" endtime="20230927 11:37:45.676"/>
</kw>
<kw name="Click Element" library="PuppeteerLibrary">
<arg>${namenop}</arg>
<doc>Clicks element identified by ``locator``.</doc>
<msg timestamp="20230927 11:37:45.677" level="INFO">Clicking element 'xpath=//*[@id="6476044069149141"]'.</msg>
<status status="PASS" starttime="20230927 11:37:45.677" endtime="20230927 11:37:45.796"/>
</kw>
<kw name="Wait Until Element Is Visible" library="PuppeteerLibrary">
<arg>${waitdate}</arg>
<arg>${Wait}</arg>
<doc>Waits until ``locator`` element is displayed on web page.</doc>
<status status="PASS" starttime="20230927 11:37:45.796" endtime="20230927 11:37:45.831"/>
</kw>
<status status="PASS" starttime="20230927 11:37:41.415" endtime="20230927 11:37:45.831"/>
</kw>
<kw name="Drawer All Lead" library="Engagement-Page">
<kw name="Click Element" library="PuppeteerLibrary">
<arg>${ButtonLead}</arg>
<doc>Clicks element identified by ``locator``.</doc>
<msg timestamp="20230927 11:37:45.832" level="INFO">Clicking element 'xpath=//*[@id="lead"]'.</msg>
<status status="PASS" starttime="20230927 11:37:45.831" endtime="20230927 11:37:45.985"/>
</kw>
<kw name="Wait Until Element Is Visible" library="PuppeteerLibrary">
<arg>${Owneragent}</arg>
<arg>${Wait}</arg>
<doc>Waits until ``locator`` element is displayed on web page.</doc>
<status status="PASS" starttime="20230927 11:37:45.985" endtime="20230927 11:37:46.241"/>
</kw>
<kw name="Click Element" library="PuppeteerLibrary">
<arg>${AllLeadDrawer}</arg>
<doc>Clicks element identified by ``locator``.</doc>
<msg timestamp="20230927 11:37:46.241" level="INFO">Clicking element 'xpath=(//*[text()='All'])'.</msg>
<status status="PASS" starttime="20230927 11:37:46.241" endtime="20230927 11:37:46.420"/>
</kw>
<kw name="Wait Until Element Is Visible" library="PuppeteerLibrary">
<arg>${Clickidcreate-Lead}</arg>
<arg>${Wait}</arg>
<doc>Waits until ``locator`` element is displayed on web page.</doc>
<status status="PASS" starttime="20230927 11:37:46.420" endtime="20230927 11:37:48.348"/>
</kw>
<kw name="Click Element" library="PuppeteerLibrary">
<arg>${CloseDrawerLead}</arg>
<doc>Clicks element identified by ``locator``.</doc>
<msg timestamp="20230927 11:37:48.348" level="INFO">Clicking element 'xpath=//*[text()='Close']/..'.</msg>
<status status="PASS" starttime="20230927 11:37:48.348" endtime="20230927 11:37:48.411"/>
</kw>
<kw name="Wait Until Element Is Visible" library="PuppeteerLibrary">
<arg>${waitdate}</arg>
<arg>${Wait}</arg>
<doc>Waits until ``locator`` element is displayed on web page.</doc>
<status status="PASS" starttime="20230927 11:37:48.411" endtime="20230927 11:37:48.414"/>
</kw>
<status status="PASS" starttime="20230927 11:37:45.831" endtime="20230927 11:37:48.414"/>
</kw>
<kw name="Close All Browser" library="PuppeteerLibrary" type="TEARDOWN">
<doc>Close all browser</doc>
<status status="PASS" starttime="20230927 11:37:48.415" endtime="20230927 11:37:48.468"/>
</kw>
<status status="PASS" starttime="20230927 11:37:09.308" endtime="20230927 11:37:48.469"/>
</test>
<test id="s1-s1-t5" name="TC-005 Verify Pin List view Drawer Lead" line="35">
<kw name="Open Browser and Login" library="Engagement-Page" type="SETUP">
<kw name="Get Variable Value" library="BuiltIn">
<var>${headless}</var>
<arg>${HEADLESS}</arg>
<arg>${False}</arg>
<doc>Returns variable value or ``default`` if the variable does not exist.</doc>
<msg timestamp="20230927 11:37:48.473" level="INFO">${headless} = False</msg>
<status status="PASS" starttime="20230927 11:37:48.470" endtime="20230927 11:37:48.473"/>
</kw>
<kw name="Evaluate" library="BuiltIn">
<var>${options}</var>
<arg>{'args':['--start-maximized'], 'headless': ${headless}}</arg>
<doc>Evaluates the given expression in Python and returns the result.</doc>
<msg timestamp="20230927 11:37:48.473" level="INFO">${options} = {'args': ['--start-maximized'], 'headless': False}</msg>
<status status="PASS" starttime="20230927 11:37:48.473" endtime="20230927 11:37:48.473"/>
</kw>
<kw name="Open Browser" library="PuppeteerLibrary">
<arg>${BaseURL}/login</arg>
<arg>browser=pwchrome</arg>
<arg>options=${options}</arg>
<doc>Opens a new browser instance to the specific ``url``.</doc>
<msg timestamp="20230927 11:37:48.474" level="INFO">https://beta.connect-x.tech/login</msg>
<status status="PASS" starttime="20230927 11:37:48.474" endtime="20230927 11:37:51.818"/>
</kw>
<kw name="Input Text" library="PuppeteerLibrary">
<arg>${Email}</arg>
<arg>${emailOrgAgent3}</arg>
<doc>Types the given text into text field identified by ``locator``.</doc>
<msg timestamp="20230927 11:37:51.819" level="INFO">Typing text 'agent3@conx.tech' into text field 'xpath=//input[@name='email']'.</msg>
<status status="PASS" starttime="20230927 11:37:51.819" endtime="20230927 11:37:51.952"/>
</kw>
<kw name="Input Password" library="PuppeteerLibrary">
<arg>${Password}</arg>
<arg>${PassOrgAgent3}</arg>
<doc>Types the given text into text field same as ``Input Text`` Keyword.</doc>
<msg timestamp="20230927 11:37:51.952" level="INFO">Typing password into text field 'xpath=//input[@name='password']'.</msg>
<status status="PASS" starttime="20230927 11:37:51.952" endtime="20230927 11:37:52.005"/>
</kw>
<kw name="Select Checkbox" library="PuppeteerLibrary">
<arg>${ClickRemember}</arg>
<doc>Select checkbox based on locator</doc>
<msg timestamp="20230927 11:37:52.005" level="INFO">Select checkbox xpath=//input[@type='checkbox'].</msg>
<status status="PASS" starttime="20230927 11:37:52.005" endtime="20230927 11:37:52.052"/>
</kw>
<kw name="Click Element" library="PuppeteerLibrary">
<arg>${Buttonlogin}</arg>
<doc>Clicks element identified by ``locator``.</doc>
<msg timestamp="20230927 11:37:52.052" level="INFO">Clicking element 'xpath=//button[@type='submit']'.</msg>
<status status="PASS" starttime="20230927 11:37:52.052" endtime="20230927 11:37:52.094"/>
</kw>
<kw name="Wait Until Element Is Visible" library="PuppeteerLibrary">
<arg>${Waitlogin}</arg>
<arg>${Wait}</arg>
<doc>Waits until ``locator`` element is displayed on web page.</doc>
<status status="PASS" starttime="20230927 11:37:52.094" endtime="20230927 11:38:04.199"/>
</kw>
<status status="PASS" starttime="20230927 11:37:48.469" endtime="20230927 11:38:04.199"/>
</kw>
<kw name="Go to Engagement in Facebook" library="Engagement-Page">
<kw name="Go To" library="PuppeteerLibrary">
<arg>${BaseURL}/engagement</arg>
<doc>Navigates the current page to the ``url``</doc>
<msg timestamp="20230927 11:38:04.200" level="INFO">https://beta.connect-x.tech/engagement</msg>
<status status="PASS" starttime="20230927 11:38:04.199" endtime="20230927 11:38:05.827"/>
</kw>
<kw name="Wait Until Element Is Visible" library="PuppeteerLibrary">
<arg>${Goodboi}</arg>
<arg>${Wait}</arg>
<doc>Waits until ``locator`` element is displayed on web page.</doc>
<status status="PASS" starttime="20230927 11:38:05.827" endtime="20230927 11:38:07.276"/>
</kw>
<kw name="Click Element" library="PuppeteerLibrary">
<arg>${Goodboi}</arg>
<doc>Clicks element identified by ``locator``.</doc>
<msg timestamp="20230927 11:38:07.276" level="INFO">Clicking element 'xpath=//*[text()='Good boiii']'.</msg>
<status status="PASS" starttime="20230927 11:38:07.276" endtime="20230927 11:38:07.327"/>
</kw>
<kw name="Wait Until Element Is Visible" library="PuppeteerLibrary">
<arg>${nametanung}</arg>
<arg>${Wait}</arg>
<doc>Waits until ``locator`` element is displayed on web page.</doc>
<status status="PASS" starttime="20230927 11:38:07.328" endtime="20230927 11:38:08.157"/>
</kw>
<kw name="Click Element" library="PuppeteerLibrary">
<arg>${namenop}</arg>
<doc>Clicks element identified by ``locator``.</doc>
<msg timestamp="20230927 11:38:08.157" level="INFO">Clicking element 'xpath=//*[@id="6476044069149141"]'.</msg>
<status status="PASS" starttime="20230927 11:38:08.157" endtime="20230927 11:38:08.257"/>
</kw>
<kw name="Wait Until Element Is Visible" library="PuppeteerLibrary">
<arg>${waitdate}</arg>
<arg>${Wait}</arg>
<doc>Waits until ``locator`` element is displayed on web page.</doc>
<status status="PASS" starttime="20230927 11:38:08.257" endtime="20230927 11:38:08.325"/>
</kw>
<status status="PASS" starttime="20230927 11:38:04.199" endtime="20230927 11:38:08.325"/>
</kw>
<kw name="Drawer All Lead" library="Engagement-Page">
<kw name="Click Element" library="PuppeteerLibrary">
<arg>${ButtonLead}</arg>
<doc>Clicks element identified by ``locator``.</doc>
<msg timestamp="20230927 11:38:08.326" level="INFO">Clicking element 'xpath=//*[@id="lead"]'.</msg>
<status status="PASS" starttime="20230927 11:38:08.326" endtime="20230927 11:38:08.462"/>
</kw>
<kw name="Wait Until Element Is Visible" library="PuppeteerLibrary">
<arg>${Owneragent}</arg>
<arg>${Wait}</arg>
<doc>Waits until ``locator`` element is displayed on web page.</doc>
<status status="PASS" starttime="20230927 11:38:08.462" endtime="20230927 11:38:08.737"/>
</kw>
<kw name="Click Element" library="PuppeteerLibrary">
<arg>${AllLeadDrawer}</arg>
<doc>Clicks element identified by ``locator``.</doc>
<msg timestamp="20230927 11:38:08.738" level="INFO">Clicking element 'xpath=(//*[text()='All'])'.</msg>
<status status="PASS" starttime="20230927 11:38:08.737" endtime="20230927 11:38:08.927"/>
</kw>
<kw name="Wait Until Element Is Visible" library="PuppeteerLibrary">
<arg>${Clickidcreate-Lead}</arg>
<arg>${Wait}</arg>
<doc>Waits until ``locator`` element is displayed on web page.</doc>
<status status="PASS" starttime="20230927 11:38:08.927" endtime="20230927 11:38:11.094"/>
</kw>
<kw name="Click Element" library="PuppeteerLibrary">
<arg>${CloseDrawerLead}</arg>
<doc>Clicks element identified by ``locator``.</doc>
<msg timestamp="20230927 11:38:11.094" level="INFO">Clicking element 'xpath=//*[text()='Close']/..'.</msg>
<status status="PASS" starttime="20230927 11:38:11.094" endtime="20230927 11:38:11.145"/>
</kw>
<kw name="Wait Until Element Is Visible" library="PuppeteerLibrary">
<arg>${waitdate}</arg>
<arg>${Wait}</arg>
<doc>Waits until ``locator`` element is displayed on web page.</doc>
<status status="PASS" starttime="20230927 11:38:11.146" endtime="20230927 11:38:11.149"/>
</kw>
<status status="PASS" starttime="20230927 11:38:08.325" endtime="20230927 11:38:11.149"/>
</kw>
<kw name="Pin Lead1" library="Engagement-Page">
<kw name="Go To" library="PuppeteerLibrary">
<arg>url=${BaseURL}/object/lead</arg>
<doc>Navigates the current page to the ``url``</doc>
<msg timestamp="20230927 11:38:11.149" level="INFO">https://beta.connect-x.tech/object/lead</msg>
<status status="PASS" starttime="20230927 11:38:11.149" endtime="20230927 11:38:12.903"/>
</kw>
<kw name="Wait Until Element Is Visible" library="PuppeteerLibrary">
<arg>${ObjectTable}</arg>
<arg>${Wait}</arg>
<doc>Waits until ``locator`` element is displayed on web page.</doc>
<status status="PASS" starttime="20230927 11:38:12.904" endtime="20230927 11:38:15.576"/>
</kw>
<kw name="Click Element" library="PuppeteerLibrary">
<arg>${setFilter}</arg>
<doc>Clicks element identified by ``locator``.</doc>
<msg timestamp="20230927 11:38:15.577" level="INFO">Clicking element 'xpath=((//*[text()='คำสั่งซื้อใหม่']/../../../..//*//*//*//*//*)[3]//..//..)[1]'.</msg>
<status status="PASS" starttime="20230927 11:38:15.577" endtime="20230927 11:38:15.695"/>
</kw>
<kw name="Wait Until Element Is Visible" library="PuppeteerLibrary">
<arg>${FilterManagement}</arg>
<arg>${Wait}</arg>
<doc>Waits until ``locator`` element is displayed on web page.</doc>
<status status="PASS" starttime="20230927 11:38:15.696" endtime="20230927 11:38:15.699"/>
</kw>
<kw name="Click Element" library="PuppeteerLibrary">
<arg>${FilterManagement}</arg>
<doc>Clicks element identified by ``locator``.</doc>
<msg timestamp="20230927 11:38:15.699" level="INFO">Clicking element 'xpath=(//*[text()='การจัดการตัวกรอง']//..)[1]'.</msg>
<status status="PASS" starttime="20230927 11:38:15.699" endtime="20230927 11:38:15.819"/>
</kw>
<kw name="Wait Until Element Is Visible" library="PuppeteerLibrary">
<arg>${3dotAllLead}</arg>
<arg>${Wait}</arg>
<doc>Waits until ``locator`` element is displayed on web page.</doc>
<status status="PASS" starttime="20230927 11:38:15.819" endtime="20230927 11:38:15.822"/>
</kw>
<kw name="Click Element" library="PuppeteerLibrary">
<arg>${PinLeadTest}</arg>
<doc>Clicks element identified by ``locator``.</doc>
<msg timestamp="20230927 11:38:15.823" level="INFO">Clicking element 'xpath=(//*[text()='Lead Test']/../../..//button)[1]'.</msg>
<status status="PASS" starttime="20230927 11:38:15.822" endtime="20230927 11:38:18.742"/>
</kw>
<kw name="Wait Until Element Is Visible" library="PuppeteerLibrary">
<arg>${PinLeadTest}</arg>
<doc>Waits until ``locator`` element is displayed on web page.</doc>
<status status="PASS" starttime="20230927 11:38:18.742" endtime="20230927 11:38:18.747"/>
</kw>
<kw name="Click Button" library="PuppeteerLibrary">
<arg>${ButtonClose}</arg>
<doc>Clicks button identified by ``locator``.</doc>
<msg timestamp="20230927 11:38:18.747" level="INFO">Clicking button 'xpath=//*[text()='Close']'.</msg>
<status status="PASS" starttime="20230927 11:38:18.747" endtime="20230927 11:38:19.064"/>
</kw>
<kw name="Wait Until Element Is Visible" library="PuppeteerLibrary">
<arg>${ObjectTable}</arg>
<arg>${Wait}</arg>
<doc>Waits until ``locator`` element is displayed on web page.</doc>
<status status="PASS" starttime="20230927 11:38:19.064" endtime="20230927 11:38:19.970"/>
</kw>
<status status="PASS" starttime="20230927 11:38:11.149" endtime="20230927 11:38:19.970"/>
</kw>
<kw name="Go to Engagement in Facebook" library="Engagement-Page">
<kw name="Go To" library="PuppeteerLibrary">
<arg>${BaseURL}/engagement</arg>
<doc>Navigates the current page to the ``url``</doc>
<msg timestamp="20230927 11:38:19.971" level="INFO">https://beta.connect-x.tech/engagement</msg>
<status status="PASS" starttime="20230927 11:38:19.971" endtime="20230927 11:38:21.400"/>
</kw>
<kw name="Wait Until Element Is Visible" library="PuppeteerLibrary">
<arg>${Goodboi}</arg>
<arg>${Wait}</arg>
<doc>Waits until ``locator`` element is displayed on web page.</doc>
<status status="PASS" starttime="20230927 11:38:21.401" endtime="20230927 11:38:23.105"/>
</kw>
<kw name="Click Element" library="PuppeteerLibrary">
<arg>${Goodboi}</arg>
<doc>Clicks element identified by ``locator``.</doc>
<msg timestamp="20230927 11:38:23.105" level="INFO">Clicking element 'xpath=//*[text()='Good boiii']'.</msg>
<status status="PASS" starttime="20230927 11:38:23.105" endtime="20230927 11:38:23.162"/>
</kw>
<kw name="Wait Until Element Is Visible" library="PuppeteerLibrary">
<arg>${nametanung}</arg>
<arg>${Wait}</arg>
<doc>Waits until ``locator`` element is displayed on web page.</doc>
<status status="PASS" starttime="20230927 11:38:23.162" endtime="20230927 11:38:23.976"/>
</kw>
<kw name="Click Element" library="PuppeteerLibrary">
<arg>${namenop}</arg>
<doc>Clicks element identified by ``locator``.</doc>
<msg timestamp="20230927 11:38:23.976" level="INFO">Clicking element 'xpath=//*[@id="6476044069149141"]'.</msg>
<status status="PASS" starttime="20230927 11:38:23.976" endtime="20230927 11:38:24.074"/>
</kw>
<kw name="Wait Until Element Is Visible" library="PuppeteerLibrary">
<arg>${waitdate}</arg>
<arg>${Wait}</arg>
<doc>Waits until ``locator`` element is displayed on web page.</doc>
<status status="PASS" starttime="20230927 11:38:24.074" endtime="20230927 11:38:24.142"/>
</kw>
<status status="PASS" starttime="20230927 11:38:19.970" endtime="20230927 11:38:24.142"/>
</kw>
<kw name="Drawer All Lead" library="Engagement-Page">
<kw name="Click Element" library="PuppeteerLibrary">
<arg>${ButtonLead}</arg>
<doc>Clicks element identified by ``locator``.</doc>
<msg timestamp="20230927 11:38:24.143" level="INFO">Clicking element 'xpath=//*[@id="lead"]'.</msg>
<status status="PASS" starttime="20230927 11:38:24.143" endtime="20230927 11:38:24.276"/>
</kw>
<kw name="Wait Until Element Is Visible" library="PuppeteerLibrary">
<arg>${Owneragent}</arg>
<arg>${Wait}</arg>
<doc>Waits until ``locator`` element is displayed on web page.</doc>
<status status="PASS" starttime="20230927 11:38:24.276" endtime="20230927 11:38:24.506"/>
</kw>
<kw name="Click Element" library="PuppeteerLibrary">
<arg>${AllLeadDrawer}</arg>
<doc>Clicks element identified by ``locator``.</doc>
<msg timestamp="20230927 11:38:24.506" level="INFO">Clicking element 'xpath=(//*[text()='All'])'.</msg>
<status status="PASS" starttime="20230927 11:38:24.506" endtime="20230927 11:38:24.721"/>
</kw>
<kw name="Wait Until Element Is Visible" library="PuppeteerLibrary">
<arg>${Clickidcreate-Lead}</arg>
<arg>${Wait}</arg>
<doc>Waits until ``locator`` element is displayed on web page.</doc>
<status status="PASS" starttime="20230927 11:38:24.721" endtime="20230927 11:38:25.993"/>
</kw>
<kw name="Click Element" library="PuppeteerLibrary">
<arg>${CloseDrawerLead}</arg>
<doc>Clicks element identified by ``locator``.</doc>
<msg timestamp="20230927 11:38:25.993" level="INFO">Clicking element 'xpath=//*[text()='Close']/..'.</msg>
<status status="PASS" starttime="20230927 11:38:25.993" endtime="20230927 11:38:26.062"/>
</kw>
<kw name="Wait Until Element Is Visible" library="PuppeteerLibrary">
<arg>${waitdate}</arg>
<arg>${Wait}</arg>
<doc>Waits until ``locator`` element is displayed on web page.</doc>
<status status="PASS" starttime="20230927 11:38:26.062" endtime="20230927 11:38:26.065"/>
</kw>
<status status="PASS" starttime="20230927 11:38:24.142" endtime="20230927 11:38:26.065"/>
</kw>
<kw name="Close All Browser" library="PuppeteerLibrary" type="TEARDOWN">
<doc>Close all browser</doc>
<status status="PASS" starttime="20230927 11:38:26.066" endtime="20230927 11:38:26.121"/>
</kw>
<status status="PASS" starttime="20230927 11:37:48.469" endtime="20230927 11:38:26.121"/>
</test>
<test id="s1-s1-t6" name="TC-006 Verify Unpin List view Drawer Lead" line="42">
<kw name="Open Browser and Login" library="Engagement-Page" type="SETUP">
<kw name="Get Variable Value" library="BuiltIn">
<var>${headless}</var>
<arg>${HEADLESS}</arg>
<arg>${False}</arg>
<doc>Returns variable value or ``default`` if the variable does not exist.</doc>
<msg timestamp="20230927 11:38:26.125" level="INFO">${headless} = False</msg>
<status status="PASS" starttime="20230927 11:38:26.122" endtime="20230927 11:38:26.125"/>
</kw>
<kw name="Evaluate" library="BuiltIn">
<var>${options}</var>
<arg>{'args':['--start-maximized'], 'headless': ${headless}}</arg>
<doc>Evaluates the given expression in Python and returns the result.</doc>
<msg timestamp="20230927 11:38:26.126" level="INFO">${options} = {'args': ['--start-maximized'], 'headless': False}</msg>
<status status="PASS" starttime="20230927 11:38:26.125" endtime="20230927 11:38:26.126"/>
</kw>
<kw name="Open Browser" library="PuppeteerLibrary">
<arg>${BaseURL}/login</arg>
<arg>browser=pwchrome</arg>
<arg>options=${options}</arg>
<doc>Opens a new browser instance to the specific ``url``.</doc>
<msg timestamp="20230927 11:38:26.126" level="INFO">https://beta.connect-x.tech/login</msg>
<status status="PASS" starttime="20230927 11:38:26.126" endtime="20230927 11:38:29.511"/>
</kw>
<kw name="Input Text" library="PuppeteerLibrary">
<arg>${Email}</arg>
<arg>${emailOrgAgent3}</arg>
<doc>Types the given text into text field identified by ``locator``.</doc>
<msg timestamp="20230927 11:38:29.511" level="INFO">Typing text 'agent3@conx.tech' into text field 'xpath=//input[@name='email']'.</msg>
<status status="PASS" starttime="20230927 11:38:29.511" endtime="20230927 11:38:29.634"/>
</kw>
<kw name="Input Password" library="PuppeteerLibrary">
<arg>${Password}</arg>
<arg>${PassOrgAgent3}</arg>
<doc>Types the given text into text field same as ``Input Text`` Keyword.</doc>
<msg timestamp="20230927 11:38:29.635" level="INFO">Typing password into text field 'xpath=//input[@name='password']'.</msg>
<status status="PASS" starttime="20230927 11:38:29.634" endtime="20230927 11:38:29.687"/>
</kw>
<kw name="Select Checkbox" library="PuppeteerLibrary">
<arg>${ClickRemember}</arg>
<doc>Select checkbox based on locator</doc>
<msg timestamp="20230927 11:38:29.687" level="INFO">Select checkbox xpath=//input[@type='checkbox'].</msg>
<status status="PASS" starttime="20230927 11:38:29.687" endtime="20230927 11:38:29.736"/>
</kw>
<kw name="Click Element" library="PuppeteerLibrary">
<arg>${Buttonlogin}</arg>
<doc>Clicks element identified by ``locator``.</doc>
<msg timestamp="20230927 11:38:29.736" level="INFO">Clicking element 'xpath=//button[@type='submit']'.</msg>
<status status="PASS" starttime="20230927 11:38:29.736" endtime="20230927 11:38:29.783"/>
</kw>
<kw name="Wait Until Element Is Visible" library="PuppeteerLibrary">
<arg>${Waitlogin}</arg>
<arg>${Wait}</arg>
<doc>Waits until ``locator`` element is displayed on web page.</doc>
<status status="PASS" starttime="20230927 11:38:29.784" endtime="20230927 11:38:41.956"/>
</kw>
<status status="PASS" starttime="20230927 11:38:26.122" endtime="20230927 11:38:41.957"/>
</kw>
<kw name="Pin Lead2" library="Engagement-Page">
<kw name="Go To" library="PuppeteerLibrary">
<arg>url=${BaseURL}/object/lead</arg>
<doc>Navigates the current page to the ``url``</doc>
<msg timestamp="20230927 11:38:41.957" level="INFO">https://beta.connect-x.tech/object/lead</msg>
<status status="PASS" starttime="20230927 11:38:41.957" endtime="20230927 11:38:43.470"/>
</kw>
<kw name="Wait Until Element Is Visible" library="PuppeteerLibrary">
<arg>${ObjectTable}</arg>
<arg>${Wait}</arg>
<doc>Waits until ``locator`` element is displayed on web page.</doc>
<status status="PASS" starttime="20230927 11:38:43.471" endtime="20230927 11:38:46.043"/>
</kw>
<kw name="Click Element" library="PuppeteerLibrary">
<arg>${setFilter}</arg>
<doc>Clicks element identified by ``locator``.</doc>
<msg timestamp="20230927 11:38:46.044" level="INFO">Clicking element 'xpath=((//*[text()='คำสั่งซื้อใหม่']/../../../..//*//*//*//*//*)[3]//..//..)[1]'.</msg>
<status status="PASS" starttime="20230927 11:38:46.044" endtime="20230927 11:38:46.113"/>
</kw>
<kw name="Wait Until Element Is Visible" library="PuppeteerLibrary">
<arg>${FilterManagement}</arg>
<arg>${Wait}</arg>
<doc>Waits until ``locator`` element is displayed on web page.</doc>
<status status="PASS" starttime="20230927 11:38:46.113" endtime="20230927 11:38:46.116"/>
</kw>
<kw name="Click Element" library="PuppeteerLibrary">
<arg>${FilterManagement}</arg>
<doc>Clicks element identified by ``locator``.</doc>
<msg timestamp="20230927 11:38:46.117" level="INFO">Clicking element 'xpath=(//*[text()='การจัดการตัวกรอง']//..)[1]'.</msg>
<status status="PASS" starttime="20230927 11:38:46.117" endtime="20230927 11:38:46.202"/>
</kw>
<kw name="Wait Until Element Is Visible" library="PuppeteerLibrary">
<arg>${3dotAllLead}</arg>
<arg>${Wait}</arg>
<doc>Waits until ``locator`` element is displayed on web page.</doc>
<status status="PASS" starttime="20230927 11:38:46.202" endtime="20230927 11:38:46.205"/>
</kw>
<kw name="Click Element" library="PuppeteerLibrary">
<arg>${PinAllLead}</arg>
<doc>Clicks element identified by ``locator``.</doc>
<msg timestamp="20230927 11:38:46.205" level="INFO">Clicking element 'xpath=(//*[text()='All Lead']/../../..//button)[1]'.</msg>
<status status="PASS" starttime="20230927 11:38:46.205" endtime="20230927 11:38:49.043"/>
</kw>
<kw name="Wait Until Element Is Visible" library="PuppeteerLibrary">
<arg>${PinAllLead}</arg>
<doc>Waits until ``locator`` element is displayed on web page.</doc>
<status status="PASS" starttime="20230927 11:38:49.043" endtime="20230927 11:38:49.048"/>
</kw>
<kw name="Click Button" library="PuppeteerLibrary">
<arg>${ButtonClose}</arg>
<doc>Clicks button identified by ``locator``.</doc>
<msg timestamp="20230927 11:38:49.049" level="INFO">Clicking button 'xpath=//*[text()='Close']'.</msg>
<status status="PASS" starttime="20230927 11:38:49.048" endtime="20230927 11:38:49.222"/>
</kw>
<kw name="Wait Until Element Is Visible" library="PuppeteerLibrary">
<arg>${ObjectTable}</arg>
<arg>${Wait}</arg>
<doc>Waits until ``locator`` element is displayed on web page.</doc>
<status status="PASS" starttime="20230927 11:38:49.222" endtime="20230927 11:38:49.318"/>
</kw>
<status status="PASS" starttime="20230927 11:38:41.957" endtime="20230927 11:38:49.318"/>
</kw>
<kw name="Go to Engagement in Facebook" library="Engagement-Page">
<kw name="Go To" library="PuppeteerLibrary">
<arg>${BaseURL}/engagement</arg>
<doc>Navigates the current page to the ``url``</doc>
<msg timestamp="20230927 11:38:49.318" level="INFO">https://beta.connect-x.tech/engagement</msg>
<status status="PASS" starttime="20230927 11:38:49.318" endtime="20230927 11:38:50.957"/>
</kw>
<kw name="Wait Until Element Is Visible" library="PuppeteerLibrary">
<arg>${Goodboi}</arg>
<arg>${Wait}</arg>
<doc>Waits until ``locator`` element is displayed on web page.</doc>
<status status="PASS" starttime="20230927 11:38:50.957" endtime="20230927 11:38:52.367"/>
</kw>
<kw name="Click Element" library="PuppeteerLibrary">
<arg>${Goodboi}</arg>
<doc>Clicks element identified by ``locator``.</doc>
<msg timestamp="20230927 11:38:52.367" level="INFO">Clicking element 'xpath=//*[text()='Good boiii']'.</msg>
<status status="PASS" starttime="20230927 11:38:52.367" endtime="20230927 11:38:52.442"/>
</kw>
<kw name="Wait Until Element Is Visible" library="PuppeteerLibrary">
<arg>${nametanung}</arg>
<arg>${Wait}</arg>
<doc>Waits until ``locator`` element is displayed on web page.</doc>
<status status="PASS" starttime="20230927 11:38:52.443" endtime="20230927 11:38:53.245"/>
</kw>
<kw name="Click Element" library="PuppeteerLibrary">
<arg>${namenop}</arg>
<doc>Clicks element identified by ``locator``.</doc>
<msg timestamp="20230927 11:38:53.245" level="INFO">Clicking element 'xpath=//*[@id="6476044069149141"]'.</msg>
<status status="PASS" starttime="20230927 11:38:53.245" endtime="20230927 11:38:53.338"/>
</kw>
<kw name="Wait Until Element Is Visible" library="PuppeteerLibrary">
<arg>${waitdate}</arg>
<arg>${Wait}</arg>
<doc>Waits until ``locator`` element is displayed on web page.</doc>
<status status="PASS" starttime="20230927 11:38:53.338" endtime="20230927 11:38:53.369"/>
</kw>
<status status="PASS" starttime="20230927 11:38:49.318" endtime="20230927 11:38:53.369"/>
</kw>
<kw name="Drawer All Lead" library="Engagement-Page">
<kw name="Click Element" library="PuppeteerLibrary">
<arg>${ButtonLead}</arg>
<doc>Clicks element identified by ``locator``.</doc>
<msg timestamp="20230927 11:38:53.370" level="INFO">Clicking element 'xpath=//*[@id="lead"]'.</msg>
<status status="PASS" starttime="20230927 11:38:53.370" endtime="20230927 11:38:53.516"/>
</kw>
<kw name="Wait Until Element Is Visible" library="PuppeteerLibrary">
<arg>${Owneragent}</arg>
<arg>${Wait}</arg>
<doc>Waits until ``locator`` element is displayed on web page.</doc>
<status status="PASS" starttime="20230927 11:38:53.516" endtime="20230927 11:38:53.742"/>
</kw>
<kw name="Click Element" library="PuppeteerLibrary">
<arg>${AllLeadDrawer}</arg>
<doc>Clicks element identified by ``locator``.</doc>
<msg timestamp="20230927 11:38:53.742" level="INFO">Clicking element 'xpath=(//*[text()='All'])'.</msg>
<status status="PASS" starttime="20230927 11:38:53.742" endtime="20230927 11:38:54.022"/>
</kw>
<kw name="Wait Until Element Is Visible" library="PuppeteerLibrary">
<arg>${Clickidcreate-Lead}</arg>
<arg>${Wait}</arg>
<doc>Waits until ``locator`` element is displayed on web page.</doc>
<status status="PASS" starttime="20230927 11:38:54.022" endtime="20230927 11:38:55.687"/>
</kw>
<kw name="Click Element" library="PuppeteerLibrary">
<arg>${CloseDrawerLead}</arg>
<doc>Clicks element identified by ``locator``.</doc>
<msg timestamp="20230927 11:38:55.688" level="INFO">Clicking element 'xpath=//*[text()='Close']/..'.</msg>
<status status="PASS" starttime="20230927 11:38:55.688" endtime="20230927 11:38:55.827"/>
</kw>
<kw name="Wait Until Element Is Visible" library="PuppeteerLibrary">
<arg>${waitdate}</arg>
<arg>${Wait}</arg>
<doc>Waits until ``locator`` element is displayed on web page.</doc>
<status status="PASS" starttime="20230927 11:38:55.827" endtime="20230927 11:38:55.830"/>
</kw>
<status status="PASS" starttime="20230927 11:38:53.370" endtime="20230927 11:38:55.830"/>
</kw>
<kw name="Close All Browser" library="PuppeteerLibrary" type="TEARDOWN">
<doc>Close all browser</doc>
<status status="PASS" starttime="20230927 11:38:55.830" endtime="20230927 11:38:55.884"/>
</kw>
<status status="PASS" starttime="20230927 11:38:26.121" endtime="20230927 11:38:55.884"/>
</test>
<test id="s1-s1-t7" name="TC-007 Verify Delete Filter Lead" line="47">
<kw name="Open Browser and Login" library="Engagement-Page" type="SETUP">
<kw name="Get Variable Value" library="BuiltIn">
<var>${headless}</var>
<arg>${HEADLESS}</arg>
<arg>${False}</arg>
<doc>Returns variable value or ``default`` if the variable does not exist.</doc>
<msg timestamp="20230927 11:38:55.887" level="INFO">${headless} = False</msg>
<status status="PASS" starttime="20230927 11:38:55.885" endtime="20230927 11:38:55.888"/>
</kw>
<kw name="Evaluate" library="BuiltIn">
<var>${options}</var>
<arg>{'args':['--start-maximized'], 'headless': ${headless}}</arg>
<doc>Evaluates the given expression in Python and returns the result.</doc>
<msg timestamp="20230927 11:38:55.888" level="INFO">${options} = {'args': ['--start-maximized'], 'headless': False}</msg>
<status status="PASS" starttime="20230927 11:38:55.888" endtime="20230927 11:38:55.888"/>
</kw>
<kw name="Open Browser" library="PuppeteerLibrary">
<arg>${BaseURL}/login</arg>
<arg>browser=pwchrome</arg>
<arg>options=${options}</arg>
<doc>Opens a new browser instance to the specific ``url``.</doc>
<msg timestamp="20230927 11:38:55.888" level="INFO">https://beta.connect-x.tech/login</msg>
<status status="PASS" starttime="20230927 11:38:55.888" endtime="20230927 11:38:59.166"/>
</kw>
<kw name="Input Text" library="PuppeteerLibrary">
<arg>${Email}</arg>
<arg>${emailOrgAgent3}</arg>
<doc>Types the given text into text field identified by ``locator``.</doc>
<msg timestamp="20230927 11:38:59.166" level="INFO">Typing text 'agent3@conx.tech' into text field 'xpath=//input[@name='email']'.</msg>
<status status="PASS" starttime="20230927 11:38:59.166" endtime="20230927 11:38:59.300"/>
</kw>
<kw name="Input Password" library="PuppeteerLibrary">
<arg>${Password}</arg>
<arg>${PassOrgAgent3}</arg>
<doc>Types the given text into text field same as ``Input Text`` Keyword.</doc>
<msg timestamp="20230927 11:38:59.301" level="INFO">Typing password into text field 'xpath=//input[@name='password']'.</msg>
<status status="PASS" starttime="20230927 11:38:59.300" endtime="20230927 11:38:59.355"/>
</kw>
<kw name="Select Checkbox" library="PuppeteerLibrary">
<arg>${ClickRemember}</arg>
<doc>Select checkbox based on locator</doc>
<msg timestamp="20230927 11:38:59.355" level="INFO">Select checkbox xpath=//input[@type='checkbox'].</msg>
<status status="PASS" starttime="20230927 11:38:59.355" endtime="20230927 11:38:59.401"/>
</kw>
<kw name="Click Element" library="PuppeteerLibrary">
<arg>${Buttonlogin}</arg>
<doc>Clicks element identified by ``locator``.</doc>
<msg timestamp="20230927 11:38:59.401" level="INFO">Clicking element 'xpath=//button[@type='submit']'.</msg>
<status status="PASS" starttime="20230927 11:38:59.401" endtime="20230927 11:38:59.443"/>
</kw>
<kw name="Wait Until Element Is Visible" library="PuppeteerLibrary">
<arg>${Waitlogin}</arg>
<arg>${Wait}</arg>
<doc>Waits until ``locator`` element is displayed on web page.</doc>
<status status="PASS" starttime="20230927 11:38:59.443" endtime="20230927 11:39:11.458"/>
</kw>
<status status="PASS" starttime="20230927 11:38:55.884" endtime="20230927 11:39:11.458"/>
</kw>
<kw name="Go to Engagement in Facebook" library="Engagement-Page">
<kw name="Go To" library="PuppeteerLibrary">
<arg>${BaseURL}/engagement</arg>
<doc>Navigates the current page to the ``url``</doc>
<msg timestamp="20230927 11:39:11.459" level="INFO">https://beta.connect-x.tech/engagement</msg>
<status status="PASS" starttime="20230927 11:39:11.459" endtime="20230927 11:39:13.162"/>
</kw>
<kw name="Wait Until Element Is Visible" library="PuppeteerLibrary">
<arg>${Goodboi}</arg>
<arg>${Wait}</arg>
<doc>Waits until ``locator`` element is displayed on web page.</doc>
<status status="PASS" starttime="20230927 11:39:13.162" endtime="20230927 11:39:14.632"/>
</kw>
<kw name="Click Element" library="PuppeteerLibrary">
<arg>${Goodboi}</arg>
<doc>Clicks element identified by ``locator``.</doc>
<msg timestamp="20230927 11:39:14.632" level="INFO">Clicking element 'xpath=//*[text()='Good boiii']'.</msg>
<status status="PASS" starttime="20230927 11:39:14.632" endtime="20230927 11:39:14.675"/>
</kw>
<kw name="Wait Until Element Is Visible" library="PuppeteerLibrary">
<arg>${nametanung}</arg>
<arg>${Wait}</arg>
<doc>Waits until ``locator`` element is displayed on web page.</doc>
<status status="PASS" starttime="20230927 11:39:14.675" endtime="20230927 11:39:15.492"/>
</kw>
<kw name="Click Element" library="PuppeteerLibrary">
<arg>${namenop}</arg>
<doc>Clicks element identified by ``locator``.</doc>
<msg timestamp="20230927 11:39:15.493" level="INFO">Clicking element 'xpath=//*[@id="6476044069149141"]'.</msg>
<status status="PASS" starttime="20230927 11:39:15.492" endtime="20230927 11:39:15.589"/>
</kw>
<kw name="Wait Until Element Is Visible" library="PuppeteerLibrary">
<arg>${waitdate}</arg>
<arg>${Wait}</arg>
<doc>Waits until ``locator`` element is displayed on web page.</doc>
<status status="PASS" starttime="20230927 11:39:15.589" endtime="20230927 11:39:15.655"/>
</kw>
<status status="PASS" starttime="20230927 11:39:11.458" endtime="20230927 11:39:15.655"/>
</kw>
<kw name="Delete Filter Lead Test From Object Lead" library="Engagement-Page">
<kw name="Go To" library="PuppeteerLibrary">
<arg>url=${BaseURL}/object/lead</arg>
<doc>Navigates the current page to the ``url``</doc>
<msg timestamp="20230927 11:39:15.656" level="INFO">https://beta.connect-x.tech/object/lead</msg>
<status status="PASS" starttime="20230927 11:39:15.655" endtime="20230927 11:39:17.240"/>
</kw>
<kw name="Wait Until Element Is Visible" library="PuppeteerLibrary">
<arg>${ObjectTable}</arg>
<arg>${Wait}</arg>
<doc>Waits until ``locator`` element is displayed on web page.</doc>
<status status="PASS" starttime="20230927 11:39:17.240" endtime="20230927 11:39:19.987"/>
</kw>
<kw name="Click Element" library="PuppeteerLibrary">
<arg>${setFilter}</arg>
<doc>Clicks element identified by ``locator``.</doc>
<msg timestamp="20230927 11:39:19.988" level="INFO">Clicking element 'xpath=((//*[text()='คำสั่งซื้อใหม่']/../../../..//*//*//*//*//*)[3]//..//..)[1]'.</msg>
<status status="PASS" starttime="20230927 11:39:19.988" endtime="20230927 11:39:20.095"/>
</kw>
<kw name="Wait Until Element Is Visible" library="PuppeteerLibrary">
<arg>${FilterManagement}</arg>
<arg>${Wait}</arg>
<doc>Waits until ``locator`` element is displayed on web page.</doc>
<status status="PASS" starttime="20230927 11:39:20.096" endtime="20230927 11:39:20.099"/>
</kw>
<kw name="Click Element" library="PuppeteerLibrary">
<arg>${FilterManagement}</arg>
<doc>Clicks element identified by ``locator``.</doc>
<msg timestamp="20230927 11:39:20.100" level="INFO">Clicking element 'xpath=(//*[text()='การจัดการตัวกรอง']//..)[1]'.</msg>
<status status="PASS" starttime="20230927 11:39:20.099" endtime="20230927 11:39:20.217"/>
</kw>
<kw name="Wait Until Element Is Visible" library="PuppeteerLibrary">
<arg>${AllLeadFilter}</arg>
<arg>${Wait}</arg>
<doc>Waits until ``locator`` element is displayed on web page.</doc>
<status status="PASS" starttime="20230927 11:39:20.217" endtime="20230927 11:39:20.220"/>
</kw>
<kw name="Sleep" library="BuiltIn">
<arg>1s</arg>
<doc>Pauses the test executed for the given time.</doc>
<msg timestamp="20230927 11:39:21.221" level="INFO">Slept 1 second</msg>
<status status="PASS" starttime="20230927 11:39:20.220" endtime="20230927 11:39:21.222"/>
</kw>
<kw name="Click Element" library="PuppeteerLibrary">
<arg>${3dotTestLead}</arg>
<doc>Clicks element identified by ``locator``.</doc>
<msg timestamp="20230927 11:39:21.224" level="INFO">Clicking element 'xpath=(//*[text()='Lead Test']//..//..//..//button)[2]//*//*'.</msg>
<status status="PASS" starttime="20230927 11:39:21.223" endtime="20230927 11:39:23.153"/>
</kw>
<kw name="Wait Until Element Is Visible" library="PuppeteerLibrary">
<arg>${ClickDelete}</arg>
<arg>${Wait}</arg>
<doc>Waits until ``locator`` element is displayed on web page.</doc>
<status status="PASS" starttime="20230927 11:39:23.153" endtime="20230927 11:39:23.157"/>
</kw>
<kw name="Click Element" library="PuppeteerLibrary">
<arg>${ClickDelete}</arg>
<doc>Clicks element identified by ``locator``.</doc>
<msg timestamp="20230927 11:39:23.157" level="INFO">Clicking element 'xpath=(//*[text()='ลบ']//..)[1]'.</msg>
<status status="PASS" starttime="20230927 11:39:23.157" endtime="20230927 11:39:23.188"/>
</kw>
<kw name="Wait Until Element Is Visible" library="PuppeteerLibrary">
<arg>${ConfirmDelete}</arg>
<arg>${Wait}</arg>
<doc>Waits until ``locator`` element is displayed on web page.</doc>
<status status="PASS" starttime="20230927 11:39:23.188" endtime="20230927 11:39:23.192"/>
</kw>
<kw name="Click Element" library="PuppeteerLibrary">
<arg>${ConfirmDelete}</arg>
<arg>${Wait}</arg>
<doc>Clicks element identified by ``locator``.</doc>
<msg timestamp="20230927 11:39:23.192" level="INFO">Clicking element 'xpath=//*[text()='Delete']'.</msg>
<status status="PASS" starttime="20230927 11:39:23.192" endtime="20230927 11:39:23.238"/>
</kw>
<kw name="Wait Until Element Is Visible" library="PuppeteerLibrary">
<arg>${WaitSucces}</arg>
<arg>${Wait}</arg>
<doc>Waits until ``locator`` element is displayed on web page.</doc>
<status status="PASS" starttime="20230927 11:39:23.238" endtime="20230927 11:39:25.922"/>
</kw>
<kw name="Click Element" library="PuppeteerLibrary">
<arg>${CloseDrawerLead}</arg>
<arg>${Wait}</arg>
<doc>Clicks element identified by ``locator``.</doc>
<msg timestamp="20230927 11:39:25.922" level="INFO">Clicking element 'xpath=//*[text()='Close']/..'.</msg>
<status status="PASS" starttime="20230927 11:39:25.922" endtime="20230927 11:39:26.216"/>
</kw>
<kw name="Wait Until Element Is Visible" library="PuppeteerLibrary">
<arg>${ObjectTable}</arg>
<arg>${Wait}</arg>
<doc>Waits until ``locator`` element is displayed on web page.</doc>
<status status="PASS" starttime="20230927 11:39:26.217" endtime="20230927 11:39:27.472"/>
[...]
<status status="PASS" starttime="20230927 12:10:46.938" endtime="20230927 12:10:46.986"/>
</kw>
<kw name="Wait Until Element Is Visible" library="PuppeteerLibrary">
<arg>${Owneragent}</arg>
<arg>${Wait}</arg>
<doc>Waits until ``locator`` element is displayed on web page.</doc>
<status status="PASS" starttime="20230927 12:10:46.986" endtime="20230927 12:10:47.286"/>
</kw>
<kw name="Click Element" library="PuppeteerLibrary">
<arg>${LeadInfo}</arg>
<doc>Clicks element identified by ``locator``.</doc>
<msg timestamp="20230927 12:10:47.287" level="INFO">Clicking element 'xpath=(//*[text()='ชื่อลีด']/../../..//*[contains(text(),'LD-')])[1]'.</msg>
<status status="PASS" starttime="20230927 12:10:47.286" endtime="20230927 12:10:47.882"/>
</kw>
<kw name="Wait Until Element Is Visible" library="PuppeteerLibrary">
<arg>${EditMobile}</arg>
<arg>${Wait}</arg>
<doc>Waits until ``locator`` element is displayed on web page.</doc>
<status status="PASS" starttime="20230927 12:10:47.882" endtime="20230927 12:10:49.751"/>
</kw>
<status status="PASS" starttime="20230927 12:10:46.937" endtime="20230927 12:10:49.751"/>
</kw>
<kw name="Close All Browser" library="PuppeteerLibrary" type="TEARDOWN">
<doc>Close all browser</doc>
<status status="PASS" starttime="20230927 12:10:49.751" endtime="20230927 12:10:49.812"/>
</kw>
<status status="PASS" starttime="20230927 12:10:26.531" endtime="20230927 12:10:49.813"/>
</test>
<test id="s1-s2-t41" name="TC-041 Verify Delete Lead" line="220">
<kw name="Open Browser and Login" library="TicketRevamp-Page" type="SETUP">
<kw name="Get Variable Value" library="BuiltIn">
<var>${headless}</var>
<arg>${HEADLESS}</arg>
<arg>${False}</arg>
<doc>Returns variable value or ``default`` if the variable does not exist.</doc>
<msg timestamp="20230927 12:10:49.816" level="INFO">${headless} = False</msg>
<status status="PASS" starttime="20230927 12:10:49.813" endtime="20230927 12:10:49.816"/>
</kw>
<kw name="Evaluate" library="BuiltIn">
<var>${options}</var>
<arg>{'args':['--start-maximized'], 'headless': ${headless}}</arg>
<doc>Evaluates the given expression in Python and returns the result.</doc>
<msg timestamp="20230927 12:10:49.817" level="INFO">${options} = {'args': ['--start-maximized'], 'headless': False}</msg>
<status status="PASS" starttime="20230927 12:10:49.816" endtime="20230927 12:10:49.817"/>
</kw>
<kw name="Open Browser" library="PuppeteerLibrary">
<arg>${BaseURL}/login</arg>
<arg>browser=pwchrome</arg>
<arg>options=${options}</arg>
<doc>Opens a new browser instance to the specific ``url``.</doc>
<msg timestamp="20230927 12:10:49.817" level="INFO">https://beta.connect-x.tech/login</msg>
<status status="PASS" starttime="20230927 12:10:49.817" endtime="20230927 12:10:53.148"/>
</kw>
<kw name="Input Text" library="PuppeteerLibrary">
<arg>${Email}</arg>
<arg>${emailOrgAgent3}</arg>
<doc>Types the given text into text field identified by ``locator``.</doc>
<msg timestamp="20230927 12:10:53.148" level="INFO">Typing text 'agent3@conx.tech' into text field 'xpath=//input[@name='email']'.</msg>
<status status="PASS" starttime="20230927 12:10:53.148" endtime="20230927 12:10:53.235"/>
</kw>
<kw name="Input Password" library="PuppeteerLibrary">
<arg>${Password}</arg>
<arg>${PassOrgAgent3}</arg>
<doc>Types the given text into text field same as ``Input Text`` Keyword.</doc>
<msg timestamp="20230927 12:10:53.235" level="INFO">Typing password into text field 'xpath=//input[@name='password']'.</msg>
<status status="PASS" starttime="20230927 12:10:53.235" endtime="20230927 12:10:53.283"/>
</kw>
<kw name="Select Checkbox" library="PuppeteerLibrary">
<arg>${ClickRemember}</arg>
<doc>Select checkbox based on locator</doc>
<msg timestamp="20230927 12:10:53.283" level="INFO">Select checkbox xpath=//input[@type='checkbox'].</msg>
<status status="PASS" starttime="20230927 12:10:53.283" endtime="20230927 12:10:53.331"/>
</kw>
<kw name="Click Element" library="PuppeteerLibrary">
<arg>${Buttonlogin}</arg>
<doc>Clicks element identified by ``locator``.</doc>
<msg timestamp="20230927 12:10:53.331" level="INFO">Clicking element 'xpath=//button[@type='submit']'.</msg>
<status status="PASS" starttime="20230927 12:10:53.331" endtime="20230927 12:10:53.374"/>
</kw>
<kw name="Wait Until Element Is Visible" library="PuppeteerLibrary">
<arg>${Waitlogin}</arg>
<arg>${Wait}</arg>
<doc>Waits until ``locator`` element is displayed on web page.</doc>
<status status="PASS" starttime="20230927 12:10:53.374" endtime="20230927 12:11:05.555"/>
</kw>
<status status="PASS" starttime="20230927 12:10:49.813" endtime="20230927 12:11:05.555"/>
</kw>
<kw name="Go to ticketRevamp in IG" library="TicketRevamp-Page">
<kw name="Go To" library="PuppeteerLibrary">
<arg>${BaseURL}/ticketRevamp?ticketId=qurm2EvuqoiJb13ba3A0</arg>
<doc>Navigates the current page to the ``url``</doc>
<msg timestamp="20230927 12:11:05.555" level="INFO">https://beta.connect-x.tech/ticketRevamp?ticketId=qurm2EvuqoiJb13ba3A0</msg>
<status status="PASS" starttime="20230927 12:11:05.555" endtime="20230927 12:11:07.083"/>
</kw>
<kw name="Wait Until Element Is Visible" library="PuppeteerLibrary">
<arg>${WaitNoppadonBox}</arg>
<arg>${Wait}</arg>
<doc>Waits until ``locator`` element is displayed on web page.</doc>
<status status="PASS" starttime="20230927 12:11:07.083" endtime="20230927 12:11:09.869"/>
</kw>
<status status="PASS" starttime="20230927 12:11:05.555" endtime="20230927 12:11:09.869"/>
</kw>
<kw name="Drawer Listview Delete from page Create ticketRevamp Lead" library="TicketRevamp-Page">
<kw name="Click Element" library="PuppeteerLibrary">
<arg>${ButtonLead}</arg>
<doc>Clicks element identified by ``locator``.</doc>
<msg timestamp="20230927 12:11:09.870" level="INFO">Clicking element 'xpath=(//*[text()='Lead'])/../..'.</msg>
<status status="PASS" starttime="20230927 12:11:09.870" endtime="20230927 12:11:09.940"/>
</kw>
<kw name="Wait Until Element Is Visible" library="PuppeteerLibrary">
<arg>${Owneragent}</arg>
<arg>${Wait}</arg>
<doc>Waits until ``locator`` element is displayed on web page.</doc>
<status status="PASS" starttime="20230927 12:11:09.940" endtime="20230927 12:11:09.949"/>
</kw>
<kw name="Click Element" library="PuppeteerLibrary">
<arg>${clickcreatelead}</arg>
<doc>Clicks element identified by ``locator``.</doc>
<msg timestamp="20230927 12:11:09.949" level="INFO">Clicking element 'xpath=//*[text()='+ Create Lead']'.</msg>
<status status="PASS" starttime="20230927 12:11:09.949" endtime="20230927 12:11:10.221"/>
</kw>
<kw name="Wait Until Element Is Visible" library="PuppeteerLibrary">
<arg>${waitleadNo}</arg>
<arg>${Wait}</arg>
<doc>Waits until ``locator`` element is displayed on web page.</doc>
<status status="PASS" starttime="20230927 12:11:10.221" endtime="20230927 12:11:12.125"/>
</kw>
<kw name="Click Element" library="PuppeteerLibrary">
<arg>${ClickListview}</arg>
<doc>Clicks element identified by ``locator``.</doc>
<msg timestamp="20230927 12:11:12.125" level="INFO">Clicking element 'xpath=//*[text()='List View']'.</msg>
<status status="PASS" starttime="20230927 12:11:12.125" endtime="20230927 12:11:12.405"/>
</kw>
<kw name="Wait Until Element Is Visible" library="PuppeteerLibrary">
<arg>${Clickidcreate-Lead}</arg>
<arg>${Wait}</arg>
<doc>Waits until ``locator`` element is displayed on web page.</doc>
<status status="PASS" starttime="20230927 12:11:12.405" endtime="20230927 12:11:14.162"/>
</kw>
<kw name="Sleep" library="BuiltIn">
<arg>2s</arg>
<doc>Pauses the test executed for the given time.</doc>
<msg timestamp="20230927 12:11:16.163" level="INFO">Slept 2 seconds</msg>
<status status="PASS" starttime="20230927 12:11:14.162" endtime="20230927 12:11:16.163"/>
</kw>
<kw name="Click Element" library="PuppeteerLibrary">
<arg>${DrawerLeadCreate}</arg>
<doc>Clicks element identified by ``locator``.</doc>
<msg timestamp="20230927 12:11:16.164" level="INFO">Clicking element 'xpath=(//*[@id="create-lead"]//*[contains(text(),'LD-')])[1]/../../../..//*[local-name()="svg"]//*'.</msg>
<status status="PASS" starttime="20230927 12:11:16.164" endtime="20230927 12:11:16.385"/>
</kw>
<kw name="Wait Until Element Is Visible" library="PuppeteerLibrary">
<arg>${ClickDelete}</arg>
<arg>${Wait}</arg>
<doc>Waits until ``locator`` element is displayed on web page.</doc>
<status status="PASS" starttime="20230927 12:11:16.385" endtime="20230927 12:11:16.390"/>
</kw>
<kw name="Click Element" library="PuppeteerLibrary">
<arg>${ClickDelete}</arg>
<doc>Clicks element identified by ``locator``.</doc>
<msg timestamp="20230927 12:11:16.390" level="INFO">Clicking element 'xpath=(//*[text()='ลบ']//..)[1]'.</msg>
<status status="PASS" starttime="20230927 12:11:16.390" endtime="20230927 12:11:16.616"/>
</kw>
<kw name="Wait Until Element Is Visible" library="PuppeteerLibrary">
<arg>${BannerDelete}</arg>
<arg>${Wait}</arg>
<doc>Waits until ``locator`` element is displayed on web page.</doc>
<status status="PASS" starttime="20230927 12:11:16.617" endtime="20230927 12:11:16.622"/>
</kw>
<kw name="Click Element" library="PuppeteerLibrary">
<arg>${Clickconfirm}</arg>
<doc>Clicks element identified by ``locator``.</doc>
<msg timestamp="20230927 12:11:16.622" level="INFO">Clicking element 'xpath=(//*[text()='ยืนยัน']//..)[1]'.</msg>
<status status="PASS" starttime="20230927 12:11:16.622" endtime="20230927 12:11:17.423"/>
</kw>
<kw name="Wait Until Element Is Visible" library="PuppeteerLibrary">
<arg>${WaitSucces}</arg>
<arg>${Wait}</arg>
<doc>Waits until ``locator`` element is displayed on web page.</doc>
<status status="PASS" starttime="20230927 12:11:17.424" endtime="20230927 12:11:19.863"/>
</kw>
<status status="PASS" starttime="20230927 12:11:09.869" endtime="20230927 12:11:19.863"/>
</kw>
<kw name="Close All Browser" library="PuppeteerLibrary" type="TEARDOWN">
<doc>Close all browser</doc>
<status status="PASS" starttime="20230927 12:11:19.863" endtime="20230927 12:11:19.918"/>
</kw>
<status status="PASS" starttime="20230927 12:10:49.813" endtime="20230927 12:11:19.918"/>
</test>
<test id="s1-s2-t42" name="TC-042 Verify Duppicate Lead" line="224">
<kw name="Open Browser and Login" library="TicketRevamp-Page" type="SETUP">
<kw name="Get Variable Value" library="BuiltIn">
<var>${headless}</var>
<arg>${HEADLESS}</arg>
<arg>${False}</arg>
<doc>Returns variable value or ``default`` if the variable does not exist.</doc>
<msg timestamp="20230927 12:11:19.921" level="INFO">${headless} = False</msg>
<status status="PASS" starttime="20230927 12:11:19.919" endtime="20230927 12:11:19.921"/>
</kw>
<kw name="Evaluate" library="BuiltIn">
<var>${options}</var>
<arg>{'args':['--start-maximized'], 'headless': ${headless}}</arg>
<doc>Evaluates the given expression in Python and returns the result.</doc>
<msg timestamp="20230927 12:11:19.922" level="INFO">${options} = {'args': ['--start-maximized'], 'headless': False}</msg>
<status status="PASS" starttime="20230927 12:11:19.922" endtime="20230927 12:11:19.922"/>
</kw>
<kw name="Open Browser" library="PuppeteerLibrary">
<arg>${BaseURL}/login</arg>
<arg>browser=pwchrome</arg>
<arg>options=${options}</arg>
<doc>Opens a new browser instance to the specific ``url``.</doc>
<msg timestamp="20230927 12:11:19.922" level="INFO">https://beta.connect-x.tech/login</msg>
<status status="PASS" starttime="20230927 12:11:19.922" endtime="20230927 12:11:23.381"/>
</kw>
<kw name="Input Text" library="PuppeteerLibrary">
<arg>${Email}</arg>
<arg>${emailOrgAgent3}</arg>
<doc>Types the given text into text field identified by ``locator``.</doc>
<msg timestamp="20230927 12:11:23.382" level="INFO">Typing text 'agent3@conx.tech' into text field 'xpath=//input[@name='email']'.</msg>
<status status="PASS" starttime="20230927 12:11:23.381" endtime="20230927 12:11:23.466"/>
</kw>
<kw name="Input Password" library="PuppeteerLibrary">
<arg>${Password}</arg>
<arg>${PassOrgAgent3}</arg>
<doc>Types the given text into text field same as ``Input Text`` Keyword.</doc>
<msg timestamp="20230927 12:11:23.467" level="INFO">Typing password into text field 'xpath=//input[@name='password']'.</msg>
<status status="PASS" starttime="20230927 12:11:23.466" endtime="20230927 12:11:23.516"/>
</kw>
<kw name="Select Checkbox" library="PuppeteerLibrary">
<arg>${ClickRemember}</arg>
<doc>Select checkbox based on locator</doc>
<msg timestamp="20230927 12:11:23.516" level="INFO">Select checkbox xpath=//input[@type='checkbox'].</msg>
<status status="PASS" starttime="20230927 12:11:23.516" endtime="20230927 12:11:23.565"/>
</kw>
<kw name="Click Element" library="PuppeteerLibrary">
<arg>${Buttonlogin}</arg>
<doc>Clicks element identified by ``locator``.</doc>
<msg timestamp="20230927 12:11:23.565" level="INFO">Clicking element 'xpath=//button[@type='submit']'.</msg>
<status status="PASS" starttime="20230927 12:11:23.565" endtime="20230927 12:11:23.608"/>
</kw>
<kw name="Wait Until Element Is Visible" library="PuppeteerLibrary">
<arg>${Waitlogin}</arg>
<arg>${Wait}</arg>
<doc>Waits until ``locator`` element is displayed on web page.</doc>
<status status="PASS" starttime="20230927 12:11:23.608" endtime="20230927 12:11:36.068"/>
</kw>
<status status="PASS" starttime="20230927 12:11:19.919" endtime="20230927 12:11:36.068"/>
</kw>
<kw name="Go to ticketRevamp in IG" library="TicketRevamp-Page">
<kw name="Go To" library="PuppeteerLibrary">
<arg>${BaseURL}/ticketRevamp?ticketId=qurm2EvuqoiJb13ba3A0</arg>
<doc>Navigates the current page to the ``url``</doc>
<msg timestamp="20230927 12:11:36.068" level="INFO">https://beta.connect-x.tech/ticketRevamp?ticketId=qurm2EvuqoiJb13ba3A0</msg>
<status status="PASS" starttime="20230927 12:11:36.068" endtime="20230927 12:11:37.665"/>
</kw>
<kw name="Wait Until Element Is Visible" library="PuppeteerLibrary">
<arg>${WaitNoppadonBox}</arg>
<arg>${Wait}</arg>
<doc>Waits until ``locator`` element is displayed on web page.</doc>
<status status="PASS" starttime="20230927 12:11:37.665" endtime="20230927 12:11:40.283"/>
</kw>
<status status="PASS" starttime="20230927 12:11:36.068" endtime="20230927 12:11:40.283"/>
</kw>
<kw name="Drawer Listview duplicate from page Create ticketRevamp Lead" library="TicketRevamp-Page">
<kw name="Click Element" library="PuppeteerLibrary">
<arg>${ButtonLead}</arg>
<doc>Clicks element identified by ``locator``.</doc>
<msg timestamp="20230927 12:11:40.283" level="INFO">Clicking element 'xpath=(//*[text()='Lead'])/../..'.</msg>
<status status="PASS" starttime="20230927 12:11:40.283" endtime="20230927 12:11:40.622"/>
</kw>
<kw name="Wait Until Element Is Visible" library="PuppeteerLibrary">
<arg>${Owneragent}</arg>
<arg>${Wait}</arg>
<doc>Waits until ``locator`` element is displayed on web page.</doc>
<status status="PASS" starttime="20230927 12:11:40.622" endtime="20230927 12:11:40.632"/>
</kw>
<kw name="Click Element" library="PuppeteerLibrary">
<arg>${clickcreatelead}</arg>
<doc>Clicks element identified by ``locator``.</doc>
<msg timestamp="20230927 12:11:40.632" level="INFO">Clicking element 'xpath=//*[text()='+ Create Lead']'.</msg>
<status status="PASS" starttime="20230927 12:11:40.632" endtime="20230927 12:11:40.900"/>
</kw>
<kw name="Wait Until Element Is Visible" library="PuppeteerLibrary">
<arg>${waitleadNo}</arg>
<arg>${Wait}</arg>
<doc>Waits until ``locator`` element is displayed on web page.</doc>
<status status="PASS" starttime="20230927 12:11:40.900" endtime="20230927 12:11:42.785"/>
</kw>
<kw name="Click Element" library="PuppeteerLibrary">
<arg>${ClickListview}</arg>
<doc>Clicks element identified by ``locator``.</doc>
<msg timestamp="20230927 12:11:42.786" level="INFO">Clicking element 'xpath=//*[text()='List View']'.</msg>
<status status="PASS" starttime="20230927 12:11:42.785" endtime="20230927 12:11:43.031"/>
</kw>
<kw name="Wait Until Element Is Visible" library="PuppeteerLibrary">
<arg>${Clickidcreate-Lead}</arg>
<arg>${Wait}</arg>
<doc>Waits until ``locator`` element is displayed on web page.</doc>
<status status="PASS" starttime="20230927 12:11:43.031" endtime="20230927 12:11:44.792"/>
</kw>
<kw name="Sleep" library="BuiltIn">
<arg>2s</arg>
<doc>Pauses the test executed for the given time.</doc>
<msg timestamp="20230927 12:11:46.793" level="INFO">Slept 2 seconds</msg>
<status status="PASS" starttime="20230927 12:11:44.792" endtime="20230927 12:11:46.794"/>
</kw>
<kw name="Click Element" library="PuppeteerLibrary">
<arg>${DrawerLeadCreate}</arg>
<doc>Clicks element identified by ``locator``.</doc>
<msg timestamp="20230927 12:11:46.795" level="INFO">Clicking element 'xpath=(//*[@id="create-lead"]//*[contains(text(),'LD-')])[1]/../../../..//*[local-name()="svg"]//*'.</msg>
<status status="PASS" starttime="20230927 12:11:46.794" endtime="20230927 12:11:47.032"/>
</kw>
<kw name="Wait Until Element Is Visible" library="PuppeteerLibrary">
<arg>${ClickDuplicate}</arg>
<arg>${Wait}</arg>
<doc>Waits until ``locator`` element is displayed on web page.</doc>
<status status="PASS" starttime="20230927 12:11:47.033" endtime="20230927 12:11:47.038"/>
</kw>
<kw name="Click Element" library="PuppeteerLibrary">
<arg>${ClickDuplicate}</arg>
<doc>Clicks element identified by ``locator``.</doc>
<msg timestamp="20230927 12:11:47.038" level="INFO">Clicking element 'xpath=//*[text()="ทำสำเนา"]/..'.</msg>
<status status="PASS" starttime="20230927 12:11:47.038" endtime="20230927 12:11:47.087"/>
</kw>
<kw name="Wait Until Element Is Visible" library="PuppeteerLibrary">
<arg>${ButtonSaveLead}</arg>
<arg>${Wait}</arg>
<doc>Waits until ``locator`` element is displayed on web page.</doc>
<status status="PASS" starttime="20230927 12:11:47.087" endtime="20230927 12:11:47.092"/>
</kw>
<kw name="Click Element" library="PuppeteerLibrary">
<arg>${ButtonSaveLead}</arg>
<doc>Clicks element identified by ``locator``.</doc>
<msg timestamp="20230927 12:11:47.092" level="INFO">Clicking element 'xpath=(//*[@id="create-lead"]//*[text()='Save'])'.</msg>
<status status="PASS" starttime="20230927 12:11:47.092" endtime="20230927 12:11:47.231"/>
</kw>
<kw name="Wait Until Element Is Visible" library="PuppeteerLibrary">
<arg>${WaitSucces}</arg>
<arg>${Wait}</arg>
<doc>Waits until ``locator`` element is displayed on web page.</doc>
<status status="PASS" starttime="20230927 12:11:47.231" endtime="20230927 12:11:49.012"/>
</kw>
<kw name="Click Element" library="PuppeteerLibrary">
<arg>${Cross}</arg>
<doc>Clicks element identified by ``locator``.</doc>
<msg timestamp="20230927 12:11:49.012" level="INFO">Clicking element 'xpath=(//*[text()='Success']//..//..//..//*[local-name()="svg"])[2]//*'.</msg>
<status status="PASS" starttime="20230927 12:11:49.012" endtime="20230927 12:11:49.100"/>
</kw>
<kw name="Wait Until Element Is Visible" library="PuppeteerLibrary">
<arg>${waitdate}</arg>
<arg>${Wait}</arg>
<doc>Waits until ``locator`` element is displayed on web page.</doc>
<status status="PASS" starttime="20230927 12:11:49.100" endtime="20230927 12:11:49.104"/>
</kw>
<status status="PASS" starttime="20230927 12:11:40.283" endtime="20230927 12:11:49.104"/>
</kw>
<kw name="Close All Browser" library="PuppeteerLibrary" type="TEARDOWN">
<doc>Close all browser</doc>
<status status="PASS" starttime="20230927 12:11:49.104" endtime="20230927 12:11:49.162"/>
</kw>
<status status="PASS" starttime="20230927 12:11:19.918" endtime="20230927 12:11:49.163"/>
</test>
<status status="FAIL" starttime="20230927 11:35:56.997" endtime="20230927 12:11:49.164"/>
</suite>
<doc>[https://pabot.org/?ref=log|Pabot] result from 2 executions.</doc>
<status status="FAIL" starttime="20230927 11:35:56.990" endtime="20230927 12:11:49.168"/>
</suite>
<statistics>
<total>
<stat pass="79" fail="5" skip="0">All Tests</stat>
</total>
<tag>
</tag>
<suite>
<stat pass="79" fail="5" skip="0" id="s1" name="Suites">Suites</stat>
<stat pass="39" fail="3" skip="0" id="s1-s1" name="Engagement-page">Suites.Engagement-page</stat>
<stat pass="40" fail="2" skip="0" id="s1-s2" name="TicketRevamp-Page">Suites.TicketRevamp-Page</stat>
</suite>
</statistics>
<errors>
</errors>
</robot>
