<?xml version="1.0" encoding="UTF-8"?>
<robot generator="Robot 6.1 (Python 3.8.10 on darwin)" generated="20231019 13:04:03.763" rpa="false" schemaversion="4">
<suite id="s1" name="Engagement-Page" source="/Users/noppadon/Desktop/Testrobot/connectrobot/Engagement-Page.robot">
<test id="s1-t1" name="TC-001 Verify the UI functionality on the Create Lead page in the case of Sidebar Layout" line="18">
<kw name="Open Browser and Login" library="Engagement-Page" type="SETUP">
<kw name="Get Variable Value" library="BuiltIn">
<var>${headless}</var>
<arg>${HEADLESS}</arg>
<arg>${False}</arg>
<doc>Returns variable value or ``default`` if the variable does not exist.</doc>
<msg timestamp="20231019 13:04:03.939" level="INFO">${headless} = False</msg>
<status status="PASS" starttime="20231019 13:04:03.936" endtime="20231019 13:04:03.939"/>
</kw>
<kw name="Evaluate" library="BuiltIn">
<var>${options}</var>
<arg>{'args':['--start-maximized'], 'headless': ${headless}}</arg>
<doc>Evaluates the given expression in Python and returns the result.</doc>
<msg timestamp="20231019 13:04:03.939" level="INFO">${options} = {'args': ['--start-maximized'], 'headless': False}</msg>
<status status="PASS" starttime="20231019 13:04:03.939" endtime="20231019 13:04:03.939"/>
</kw>
<kw name="Open Browser" library="PuppeteerLibrary">
<arg>${BaseURL}/login</arg>
<arg>browser=pwchrome</arg>
<arg>options=${options}</arg>
<doc>Opens a new browser instance to the specific ``url``.</doc>
<msg timestamp="20231019 13:04:03.939" level="INFO">https://beta.connect-x.tech/login</msg>
<status status="PASS" starttime="20231019 13:04:03.939" endtime="20231019 13:04:07.333"/>
</kw>
<kw name="Input Text" library="PuppeteerLibrary">
<arg>${Email}</arg>
<arg>${emailOrgAgent3}</arg>
<doc>Types the given text into text field identified by ``locator``.</doc>
<msg timestamp="20231019 13:04:07.334" level="INFO">Typing text 'agent3@conx.tech' into text field 'xpath=//input[@name='email']'.</msg>
<status status="PASS" starttime="20231019 13:04:07.334" endtime="20231019 13:04:07.426"/>
</kw>
<kw name="Input Password" library="PuppeteerLibrary">
<arg>${Password}</arg>
<arg>${PassOrgAgent3}</arg>
<doc>Types the given text into text field same as ``Input Text`` Keyword.</doc>
<msg timestamp="20231019 13:04:07.426" level="INFO">Typing password into text field 'xpath=//input[@name='password']'.</msg>
<status status="PASS" starttime="20231019 13:04:07.426" endtime="20231019 13:04:07.483"/>
</kw>
<kw name="Select Checkbox" library="PuppeteerLibrary">
<arg>${ClickRemember}</arg>
<doc>Select checkbox based on locator</doc>
<msg timestamp="20231019 13:04:07.484" level="INFO">Select checkbox xpath=//input[@type='checkbox'].</msg>
<status status="PASS" starttime="20231019 13:04:07.484" endtime="20231019 13:04:07.532"/>
</kw>
<kw name="Click Element" library="PuppeteerLibrary">
<arg>${Buttonlogin}</arg>
<doc>Clicks element identified by ``locator``.</doc>
<msg timestamp="20231019 13:04:07.532" level="INFO">Clicking element 'xpath=//button[@type='submit']'.</msg>
<status status="PASS" starttime="20231019 13:04:07.532" endtime="20231019 13:04:07.571"/>
</kw>
<kw name="Wait Until Element Is Visible" library="PuppeteerLibrary">
<arg>${Waitlogin}</arg>
<arg>${Wait}</arg>
<doc>Waits until ``locator`` element is displayed on web page.</doc>
<status status="PASS" starttime="20231019 13:04:07.571" endtime="20231019 13:04:23.140"/>
</kw>
<status status="PASS" starttime="20231019 13:04:03.936" endtime="20231019 13:04:23.141"/>
</kw>
<kw name="Check side bar Lead set layout" library="Engagement-Page">
<kw name="Go To" library="PuppeteerLibrary">
<arg>${BaseURL}/object-manager/lead/layout/side</arg>
<doc>Navigates the current page to the ``url``</doc>
<msg timestamp="20231019 13:04:23.141" level="INFO">https://beta.connect-x.tech/object-manager/lead/layout/side</msg>
<status status="PASS" starttime="20231019 13:04:23.141" endtime="20231019 13:04:24.749"/>
</kw>
<kw name="Wait Until Element Is Visible" library="PuppeteerLibrary">
<arg>${Waitsidebarlayout}</arg>
<arg>${Wait}</arg>
<doc>Waits until ``locator`` element is displayed on web page.</doc>
<status status="PASS" starttime="20231019 13:04:24.749" endtime="20231019 13:04:25.636"/>
</kw>
<kw name="Mouse Over" library="PuppeteerLibrary">
<arg>${Mouseremark}</arg>
<doc>Mouse over the element.</doc>
<msg timestamp="20231019 13:04:25.636" level="INFO">Mouse over 'xpath=//*[text()='Remark']'.</msg>
<status status="PASS" starttime="20231019 13:04:25.636" endtime="20231019 13:04:25.730"/>
</kw>
<kw name="Wait Until Element Is Visible" library="PuppeteerLibrary">
<arg>${Waitsidebarlayout}</arg>
<arg>${Wait}</arg>
<doc>Waits until ``locator`` element is displayed on web page.</doc>
<status status="PASS" starttime="20231019 13:04:25.731" endtime="20231019 13:04:25.734"/>
</kw>
<kw name="Sleep" library="BuiltIn">
<arg>2s</arg>
<doc>Pauses the test executed for the given time.</doc>
<msg timestamp="20231019 13:04:27.736" level="INFO">Slept 2 seconds</msg>
<status status="PASS" starttime="20231019 13:04:25.735" endtime="20231019 13:04:27.736"/>
</kw>
<status status="PASS" starttime="20231019 13:04:23.141" endtime="20231019 13:04:27.736"/>
</kw>
<kw name="Go to Engagement in Facebook" library="Engagement-Page">
<kw name="Go To" library="PuppeteerLibrary">
<arg>${BaseURL}/engagement</arg>
<doc>Navigates the current page to the ``url``</doc>
<msg timestamp="20231019 13:04:27.737" level="INFO">https://beta.connect-x.tech/engagement</msg>
<status status="PASS" starttime="20231019 13:04:27.737" endtime="20231019 13:04:29.302"/>
</kw>
<kw name="Wait Until Element Is Visible" library="PuppeteerLibrary">
<arg>${Goodboi}</arg>
<arg>${Wait}</arg>
<doc>Waits until ``locator`` element is displayed on web page.</doc>
<status status="PASS" starttime="20231019 13:04:29.303" endtime="20231019 13:04:30.636"/>
</kw>
<kw name="Click Element" library="PuppeteerLibrary">
<arg>${Goodboi}</arg>
<doc>Clicks element identified by ``locator``.</doc>
<msg timestamp="20231019 13:04:30.636" level="INFO">Clicking element 'xpath=//*[text()='Good boiii']'.</msg>
<status status="PASS" starttime="20231019 13:04:30.636" endtime="20231019 13:04:30.721"/>
</kw>
<kw name="Wait Until Element Is Visible" library="PuppeteerLibrary">
<arg>${nametanung}</arg>
<arg>${Wait}</arg>
<doc>Waits until ``locator`` element is displayed on web page.</doc>
<status status="PASS" starttime="20231019 13:04:30.722" endtime="20231019 13:04:31.478"/>
</kw>
<kw name="Click Element" library="PuppeteerLibrary">
<arg>${namenop}</arg>
<doc>Clicks element identified by ``locator``.</doc>
<msg timestamp="20231019 13:04:31.478" level="INFO">Clicking element 'xpath=//*[@id="6476044069149141"]'.</msg>
<status status="PASS" starttime="20231019 13:04:31.478" endtime="20231019 13:04:31.597"/>
</kw>
<kw name="Wait Until Element Is Visible" library="PuppeteerLibrary">
<arg>${waitdate}</arg>
<arg>${Wait}</arg>
<doc>Waits until ``locator`` element is displayed on web page.</doc>
<status status="PASS" starttime="20231019 13:04:31.597" endtime="20231019 13:04:31.640"/>
</kw>
<status status="PASS" starttime="20231019 13:04:27.736" endtime="20231019 13:04:31.640"/>
</kw>
<kw name="Drawer Engagement Create Lead" library="Engagement-Page">
<kw name="Click Element" library="PuppeteerLibrary">
<arg>${clickcreatelead}</arg>
<doc>Clicks element identified by ``locator``.</doc>
<msg timestamp="20231019 13:04:31.641" level="INFO">Clicking element 'xpath=//*[text()='Create Lead']'.</msg>
<status status="PASS" starttime="20231019 13:04:31.641" endtime="20231019 13:04:32.314"/>
</kw>
<kw name="Wait Until Element Is Visible" library="PuppeteerLibrary">
<arg>${waitleadNo}</arg>
<arg>${Wait}</arg>
<doc>Waits until ``locator`` element is displayed on web page.</doc>
<status status="PASS" starttime="20231019 13:04:32.314" endtime="20231019 13:04:33.716"/>
</kw>
<kw name="Sleep" library="BuiltIn">
<arg>2s</arg>
<doc>Pauses the test executed for the given time.</doc>
<msg timestamp="20231019 13:04:35.717" level="INFO">Slept 2 seconds</msg>
<status status="PASS" starttime="20231019 13:04:33.716" endtime="20231019 13:04:35.717"/>
</kw>
<status status="PASS" starttime="20231019 13:04:31.640" endtime="20231019 13:04:35.717"/>
</kw>
<kw name="Close All Browser" library="PuppeteerLibrary" type="TEARDOWN">
<doc>Close all browser</doc>
<status status="PASS" starttime="20231019 13:04:35.718" endtime="20231019 13:04:35.800"/>
</kw>
<status status="PASS" starttime="20231019 13:04:03.935" endtime="20231019 13:04:35.800"/>
</test>
<test id="s1-t2" name="TC-002 Verify Ui List view in Create Lead" line="23">
<kw name="Open Browser and Login" library="Engagement-Page" type="SETUP">
<kw name="Get Variable Value" library="BuiltIn">
<var>${headless}</var>
<arg>${HEADLESS}</arg>
<arg>${False}</arg>
<doc>Returns variable value or ``default`` if the variable does not exist.</doc>
<msg timestamp="20231019 13:04:35.803" level="INFO">${headless} = False</msg>
<status status="PASS" starttime="20231019 13:04:35.800" endtime="20231019 13:04:35.803"/>
</kw>
<kw name="Evaluate" library="BuiltIn">
<var>${options}</var>
<arg>{'args':['--start-maximized'], 'headless': ${headless}}</arg>
<doc>Evaluates the given expression in Python and returns the result.</doc>
<msg timestamp="20231019 13:04:35.804" level="INFO">${options} = {'args': ['--start-maximized'], 'headless': False}</msg>
<status status="PASS" starttime="20231019 13:04:35.803" endtime="20231019 13:04:35.804"/>
</kw>
<kw name="Open Browser" library="PuppeteerLibrary">
<arg>${BaseURL}/login</arg>
<arg>browser=pwchrome</arg>
<arg>options=${options}</arg>
<doc>Opens a new browser instance to the specific ``url``.</doc>
<msg timestamp="20231019 13:04:35.805" level="INFO">https://beta.connect-x.tech/login</msg>
<status status="PASS" starttime="20231019 13:04:35.804" endtime="20231019 13:04:38.153"/>
</kw>
<kw name="Input Text" library="PuppeteerLibrary">
<arg>${Email}</arg>
<arg>${emailOrgAgent3}</arg>
<doc>Types the given text into text field identified by ``locator``.</doc>
<msg timestamp="20231019 13:04:38.153" level="INFO">Typing text 'agent3@conx.tech' into text field 'xpath=//input[@name='email']'.</msg>
<status status="PASS" starttime="20231019 13:04:38.153" endtime="20231019 13:04:38.241"/>
</kw>
<kw name="Input Password" library="PuppeteerLibrary">
<arg>${Password}</arg>
<arg>${PassOrgAgent3}</arg>
<doc>Types the given text into text field same as ``Input Text`` Keyword.</doc>
<msg timestamp="20231019 13:04:38.241" level="INFO">Typing password into text field 'xpath=//input[@name='password']'.</msg>
<status status="PASS" starttime="20231019 13:04:38.241" endtime="20231019 13:04:38.301"/>
</kw>
<kw name="Select Checkbox" library="PuppeteerLibrary">
<arg>${ClickRemember}</arg>
<doc>Select checkbox based on locator</doc>
<msg timestamp="20231019 13:04:38.302" level="INFO">Select checkbox xpath=//input[@type='checkbox'].</msg>
<status status="PASS" starttime="20231019 13:04:38.301" endtime="20231019 13:04:38.350"/>
</kw>
<kw name="Click Element" library="PuppeteerLibrary">
<arg>${Buttonlogin}</arg>
<doc>Clicks element identified by ``locator``.</doc>
<msg timestamp="20231019 13:04:38.350" level="INFO">Clicking element 'xpath=//button[@type='submit']'.</msg>
<status status="PASS" starttime="20231019 13:04:38.350" endtime="20231019 13:04:38.389"/>
</kw>
<kw name="Wait Until Element Is Visible" library="PuppeteerLibrary">
<arg>${Waitlogin}</arg>
<arg>${Wait}</arg>
<doc>Waits until ``locator`` element is displayed on web page.</doc>
<status status="PASS" starttime="20231019 13:04:38.390" endtime="20231019 13:04:49.735"/>
</kw>
<status status="PASS" starttime="20231019 13:04:35.800" endtime="20231019 13:04:49.735"/>
</kw>
<kw name="Go to Engagement in Facebook" library="Engagement-Page">
<kw name="Go To" library="PuppeteerLibrary">
<arg>${BaseURL}/engagement</arg>
<doc>Navigates the current page to the ``url``</doc>
<msg timestamp="20231019 13:04:49.735" level="INFO">https://beta.connect-x.tech/engagement</msg>
<status status="PASS" starttime="20231019 13:04:49.735" endtime="20231019 13:04:51.372"/>
</kw>
<kw name="Wait Until Element Is Visible" library="PuppeteerLibrary">
<arg>${Goodboi}</arg>
<arg>${Wait}</arg>
<doc>Waits until ``locator`` element is displayed on web page.</doc>
<status status="PASS" starttime="20231019 13:04:51.373" endtime="20231019 13:04:52.737"/>
</kw>
<kw name="Click Element" library="PuppeteerLibrary">
<arg>${Goodboi}</arg>
<doc>Clicks element identified by ``locator``.</doc>
<msg timestamp="20231019 13:04:52.737" level="INFO">Clicking element 'xpath=//*[text()='Good boiii']'.</msg>
<status status="PASS" starttime="20231019 13:04:52.737" endtime="20231019 13:04:52.824"/>
</kw>
<kw name="Wait Until Element Is Visible" library="PuppeteerLibrary">
<arg>${nametanung}</arg>
<arg>${Wait}</arg>
<doc>Waits until ``locator`` element is displayed on web page.</doc>
<status status="PASS" starttime="20231019 13:04:52.824" endtime="20231019 13:04:53.592"/>
</kw>
<kw name="Click Element" library="PuppeteerLibrary">
<arg>${namenop}</arg>
<doc>Clicks element identified by ``locator``.</doc>
<msg timestamp="20231019 13:04:53.592" level="INFO">Clicking element 'xpath=//*[@id="6476044069149141"]'.</msg>
<status status="PASS" starttime="20231019 13:04:53.592" endtime="20231019 13:04:53.666"/>
</kw>
<kw name="Wait Until Element Is Visible" library="PuppeteerLibrary">
<arg>${waitdate}</arg>
<arg>${Wait}</arg>
<doc>Waits until ``locator`` element is displayed on web page.</doc>
<status status="PASS" starttime="20231019 13:04:53.666" endtime="20231019 13:04:53.670"/>
</kw>
<status status="PASS" starttime="20231019 13:04:49.735" endtime="20231019 13:04:53.670"/>
</kw>
<kw name="List view Lead from page create Lead" library="Engagement-Page">
<kw name="Click Element" library="PuppeteerLibrary">
<arg>${clickcreatelead}</arg>
<doc>Clicks element identified by ``locator``.</doc>
<msg timestamp="20231019 13:04:53.671" level="INFO">Clicking element 'xpath=//*[text()='Create Lead']'.</msg>
<status status="PASS" starttime="20231019 13:04:53.671" endtime="20231019 13:04:54.591"/>
</kw>
<kw name="Wait Until Element Is Visible" library="PuppeteerLibrary">
<arg>${waitleadNo}</arg>
<arg>${Wait}</arg>
<doc>Waits until ``locator`` element is displayed on web page.</doc>
<status status="PASS" starttime="20231019 13:04:54.591" endtime="20231019 13:04:56.028"/>
</kw>
<kw name="Sleep" library="BuiltIn">
<arg>1s</arg>
<doc>Pauses the test executed for the given time.</doc>
<msg timestamp="20231019 13:04:57.029" level="INFO">Slept 1 second</msg>
<status status="PASS" starttime="20231019 13:04:56.028" endtime="20231019 13:04:57.030"/>
</kw>
<kw name="Click Element" library="PuppeteerLibrary">
<arg>${ClickListview}</arg>
<doc>Clicks element identified by ``locator``.</doc>
<msg timestamp="20231019 13:04:57.032" level="INFO">Clicking element 'xpath=//*[@id="create-lead"]//*[text()='List View']'.</msg>
<status status="PASS" starttime="20231019 13:04:57.031" endtime="20231019 13:04:57.243"/>
</kw>
<kw name="Wait Until Element Is Visible" library="PuppeteerLibrary">
<arg>${WaitAllLead}</arg>
<arg>${Wait}</arg>
<doc>Waits until ``locator`` element is displayed on web page.</doc>
<status status="PASS" starttime="20231019 13:04:57.243" endtime="20231019 13:04:58.363"/>
</kw>
<kw name="Sleep" library="BuiltIn">
<arg>2s</arg>
<doc>Pauses the test executed for the given time.</doc>
<msg timestamp="20231019 13:05:00.364" level="INFO">Slept 2 seconds</msg>
<status status="PASS" starttime="20231019 13:04:58.363" endtime="20231019 13:05:00.365"/>
</kw>
<status status="PASS" starttime="20231019 13:04:53.670" endtime="20231019 13:05:00.365"/>
</kw>
<kw name="Close All Browser" library="PuppeteerLibrary" type="TEARDOWN">
<doc>Close all browser</doc>
<status status="PASS" starttime="20231019 13:05:00.366" endtime="20231019 13:05:00.446"/>
</kw>
<status status="PASS" starttime="20231019 13:04:35.800" endtime="20231019 13:05:00.446"/>
</test>
<test id="s1-t3" name="TC-003 Verify Lead no in List view to no Lead" line="27">
<kw name="Open Browser and Login" library="Engagement-Page" type="SETUP">
<kw name="Get Variable Value" library="BuiltIn">
<var>${headless}</var>
<arg>${HEADLESS}</arg>
<arg>${False}</arg>
<doc>Returns variable value or ``default`` if the variable does not exist.</doc>
<msg timestamp="20231019 13:05:00.450" level="INFO">${headless} = False</msg>
<status status="PASS" starttime="20231019 13:05:00.446" endtime="20231019 13:05:00.450"/>
</kw>
<kw name="Evaluate" library="BuiltIn">
<var>${options}</var>
<arg>{'args':['--start-maximized'], 'headless': ${headless}}</arg>
<doc>Evaluates the given expression in Python and returns the result.</doc>
<msg timestamp="20231019 13:05:00.450" level="INFO">${options} = {'args': ['--start-maximized'], 'headless': False}</msg>
<status status="PASS" starttime="20231019 13:05:00.450" endtime="20231019 13:05:00.450"/>
</kw>
<kw name="Open Browser" library="PuppeteerLibrary">
<arg>${BaseURL}/login</arg>
<arg>browser=pwchrome</arg>
<arg>options=${options}</arg>
<doc>Opens a new browser instance to the specific ``url``.</doc>
<msg timestamp="20231019 13:05:00.450" level="INFO">https://beta.connect-x.tech/login</msg>
<status status="PASS" starttime="20231019 13:05:00.450" endtime="20231019 13:05:02.868"/>
</kw>
<kw name="Input Text" library="PuppeteerLibrary">
<arg>${Email}</arg>
<arg>${emailOrgAgent3}</arg>
<doc>Types the given text into text field identified by ``locator``.</doc>
<msg timestamp="20231019 13:05:02.868" level="INFO">Typing text 'agent3@conx.tech' into text field 'xpath=//input[@name='email']'.</msg>
<status status="PASS" starttime="20231019 13:05:02.868" endtime="20231019 13:05:02.981"/>
</kw>
<kw name="Input Password" library="PuppeteerLibrary">
<arg>${Password}</arg>
<arg>${PassOrgAgent3}</arg>
<doc>Types the given text into text field same as ``Input Text`` Keyword.</doc>
<msg timestamp="20231019 13:05:02.981" level="INFO">Typing password into text field 'xpath=//input[@name='password']'.</msg>
<status status="PASS" starttime="20231019 13:05:02.981" endtime="20231019 13:05:03.033"/>
</kw>
<kw name="Select Checkbox" library="PuppeteerLibrary">
<arg>${ClickRemember}</arg>
<doc>Select checkbox based on locator</doc>
<msg timestamp="20231019 13:05:03.034" level="INFO">Select checkbox xpath=//input[@type='checkbox'].</msg>
<status status="PASS" starttime="20231019 13:05:03.034" endtime="20231019 13:05:03.082"/>
</kw>
<kw name="Click Element" library="PuppeteerLibrary">
<arg>${Buttonlogin}</arg>
<doc>Clicks element identified by ``locator``.</doc>
<msg timestamp="20231019 13:05:03.083" level="INFO">Clicking element 'xpath=//button[@type='submit']'.</msg>
<status status="PASS" starttime="20231019 13:05:03.082" endtime="20231019 13:05:03.124"/>
</kw>
<kw name="Wait Until Element Is Visible" library="PuppeteerLibrary">
<arg>${Waitlogin}</arg>
<arg>${Wait}</arg>
<doc>Waits until ``locator`` element is displayed on web page.</doc>
<status status="PASS" starttime="20231019 13:05:03.124" endtime="20231019 13:05:13.935"/>
</kw>
<status status="PASS" starttime="20231019 13:05:00.446" endtime="20231019 13:05:13.935"/>
</kw>
<kw name="Go to Engagement in Facebook" library="Engagement-Page">
<kw name="Go To" library="PuppeteerLibrary">
<arg>${BaseURL}/engagement</arg>
<doc>Navigates the current page to the ``url``</doc>
<msg timestamp="20231019 13:05:13.936" level="INFO">https://beta.connect-x.tech/engagement</msg>
<status status="PASS" starttime="20231019 13:05:13.936" endtime="20231019 13:05:15.552"/>
</kw>
<kw name="Wait Until Element Is Visible" library="PuppeteerLibrary">
<arg>${Goodboi}</arg>
<arg>${Wait}</arg>
<doc>Waits until ``locator`` element is displayed on web page.</doc>
<status status="PASS" starttime="20231019 13:05:15.553" endtime="20231019 13:05:17.596"/>
</kw>
<kw name="Click Element" library="PuppeteerLibrary">
<arg>${Goodboi}</arg>
<doc>Clicks element identified by ``locator``.</doc>
<msg timestamp="20231019 13:05:17.596" level="INFO">Clicking element 'xpath=//*[text()='Good boiii']'.</msg>
<status status="PASS" starttime="20231019 13:05:17.596" endtime="20231019 13:05:17.642"/>
</kw>
<kw name="Wait Until Element Is Visible" library="PuppeteerLibrary">
<arg>${nametanung}</arg>
<arg>${Wait}</arg>
<doc>Waits until ``locator`` element is displayed on web page.</doc>
<status status="PASS" starttime="20231019 13:05:17.642" endtime="20231019 13:05:18.411"/>
</kw>
<kw name="Click Element" library="PuppeteerLibrary">
<arg>${namenop}</arg>
<doc>Clicks element identified by ``locator``.</doc>
<msg timestamp="20231019 13:05:18.412" level="INFO">Clicking element 'xpath=//*[@id="6476044069149141"]'.</msg>
<status status="PASS" starttime="20231019 13:05:18.411" endtime="20231019 13:05:18.484"/>
</kw>
<kw name="Wait Until Element Is Visible" library="PuppeteerLibrary">
<arg>${waitdate}</arg>
<arg>${Wait}</arg>
<doc>Waits until ``locator`` element is displayed on web page.</doc>
<status status="PASS" starttime="20231019 13:05:18.484" endtime="20231019 13:05:18.487"/>
</kw>
<status status="PASS" starttime="20231019 13:05:13.936" endtime="20231019 13:05:18.487"/>
</kw>
<kw name="Lead Number from page list view" library="Engagement-Page">
<kw name="Click Element" library="PuppeteerLibrary">
<arg>${ButtonLead}</arg>
<doc>Clicks element identified by ``locator``.</doc>
<msg timestamp="20231019 13:05:18.488" level="INFO">Clicking element 'xpath=//*[@id="lead"]'.</msg>
<status status="PASS" starttime="20231019 13:05:18.488" endtime="20231019 13:05:18.578"/>
</kw>
<kw name="Wait Until Element Is Visible" library="PuppeteerLibrary">
<arg>${Owneragent}</arg>
<arg>${Wait}</arg>
<doc>Waits until ``locator`` element is displayed on web page.</doc>
<status status="PASS" starttime="20231019 13:05:18.579" endtime="20231019 13:05:19.051"/>
</kw>
<kw name="Click Element" library="PuppeteerLibrary">
<arg>${AllLeadDrawer}</arg>
<doc>Clicks element identified by ``locator``.</doc>
<msg timestamp="20231019 13:05:19.051" level="INFO">Clicking element 'xpath=(//*[text()='All'])'.</msg>
<status status="PASS" starttime="20231019 13:05:19.051" endtime="20231019 13:05:19.318"/>
</kw>
<kw name="Wait Until Element Is Visible" library="PuppeteerLibrary">
<arg>${Clickidcreate-Lead}</arg>
<arg>${Wait}</arg>
<doc>Waits until ``locator`` element is displayed on web page.</doc>
<status status="PASS" starttime="20231019 13:05:19.318" endtime="20231019 13:05:21.433"/>
</kw>
<kw name="Click Element" library="PuppeteerLibrary">
<arg>${Clickidcreate-Lead}</arg>
<doc>Clicks element identified by ``locator``.</doc>
<msg timestamp="20231019 13:05:21.433" level="INFO">Clicking element 'xpath=(//*[@id="create-lead"]//*[contains(text(),'LD-')])[1]'.</msg>
<status status="PASS" starttime="20231019 13:05:21.433" endtime="20231019 13:05:21.492"/>
</kw>
<kw name="Wait For New Window Open" library="PuppeteerLibrary">
<arg>${Wait}</arg>
<doc>Waits until new page or tab opens.</doc>
<status status="PASS" starttime="20231019 13:05:21.492" endtime="20231019 13:05:22.494"/>
</kw>
<kw name="Sleep" library="BuiltIn">
<arg>2s</arg>
<doc>Pauses the test executed for the given time.</doc>
<msg timestamp="20231019 13:05:24.494" level="INFO">Slept 2 seconds</msg>
<status status="PASS" starttime="20231019 13:05:22.494" endtime="20231019 13:05:24.495"/>
</kw>
<kw name="Switch Window" library="PuppeteerLibrary">
<arg>url=.*edit.*</arg>
<doc>Switches to tabs matching locator
locator support options NEW, MAIN and query using name, title and url
    - NEW: latest opened window
    - MAIN: main window
    - title="QAHive": window title. Page title will have have error if new tab have auto redirection
    - url="https://qahive.com": url support regex Example: url=.*qahive.com</doc>
<msg timestamp="20231019 13:05:24.495" level="INFO">Url mismatch: https://beta.connect-x.tech/engagement</msg>
<status status="PASS" starttime="20231019 13:05:24.495" endtime="20231019 13:05:24.504"/>
</kw>
<kw name="Get Location" library="PuppeteerLibrary">
<var>${howto}</var>
<doc>Get page location</doc>
<msg timestamp="20231019 13:05:24.504" level="INFO">${howto} = https://beta.connect-x.tech/object/lead/edit/wvbwITd5WcDvsG14SbG1</msg>
<status status="PASS" starttime="20231019 13:05:24.504" endtime="20231019 13:05:24.504"/>
</kw>
<kw name="Sleep" library="BuiltIn">
<arg>2s</arg>
<doc>Pauses the test executed for the given time.</doc>
<msg timestamp="20231019 13:05:26.505" level="INFO">Slept 2 seconds</msg>
<status status="PASS" starttime="20231019 13:05:24.504" endtime="20231019 13:05:26.505"/>
</kw>
<kw name="Switch Window" library="PuppeteerLibrary">
<arg>url=.*engagement</arg>
<doc>Switches to tabs matching locator
locator support options NEW, MAIN and query using name, title and url
    - NEW: latest opened window
    - MAIN: main window
    - title="QAHive": window title. Page title will have have error if new tab have auto redirection
    - url="https://qahive.com": url support regex Example: url=.*qahive.com</doc>
<status status="PASS" starttime="20231019 13:05:26.507" endtime="20231019 13:05:26.524"/>
</kw>
<kw name="Get Location" library="PuppeteerLibrary">
<var>${Test01}</var>
<doc>Get page location</doc>
<msg timestamp="20231019 13:05:26.524" level="INFO">${Test01} = https://beta.connect-x.tech/engagement</msg>
<status status="PASS" starttime="20231019 13:05:26.524" endtime="20231019 13:05:26.524"/>
</kw>
<kw name="Sleep" library="BuiltIn">
<arg>1s</arg>
<doc>Pauses the test executed for the given time.</doc>
<msg timestamp="20231019 13:05:27.526" level="INFO">Slept 1 second</msg>
<status status="PASS" starttime="20231019 13:05:26.524" endtime="20231019 13:05:27.527"/>
</kw>
<status status="PASS" starttime="20231019 13:05:18.487" endtime="20231019 13:05:27.527"/>
</kw>
<kw name="Close All Browser" library="PuppeteerLibrary" type="TEARDOWN">
<doc>Close all browser</doc>
<status status="PASS" starttime="20231019 13:05:27.528" endtime="20231019 13:05:27.632"/>
</kw>
<status status="PASS" starttime="20231019 13:05:00.446" endtime="20231019 13:05:27.632"/>
</test>
<test id="s1-t4" name="TC-004 Verify Icon Lead No go Detail Lead" line="31">
<kw name="Open Browser and Login" library="Engagement-Page" type="SETUP">
<kw name="Get Variable Value" library="BuiltIn">
<var>${headless}</var>
<arg>${HEADLESS}</arg>
<arg>${False}</arg>
<doc>Returns variable value or ``default`` if the variable does not exist.</doc>
<msg timestamp="20231019 13:05:27.636" level="INFO">${headless} = False</msg>
<status status="PASS" starttime="20231019 13:05:27.633" endtime="20231019 13:05:27.636"/>
</kw>
<kw name="Evaluate" library="BuiltIn">
<var>${options}</var>
<arg>{'args':['--start-maximized'], 'headless': ${headless}}</arg>
<doc>Evaluates the given expression in Python and returns the result.</doc>
<msg timestamp="20231019 13:05:27.636" level="INFO">${options} = {'args': ['--start-maximized'], 'headless': False}</msg>
<status status="PASS" starttime="20231019 13:05:27.636" endtime="20231019 13:05:27.636"/>
</kw>
<kw name="Open Browser" library="PuppeteerLibrary">
<arg>${BaseURL}/login</arg>
<arg>browser=pwchrome</arg>
<arg>options=${options}</arg>
<doc>Opens a new browser instance to the specific ``url``.</doc>
<msg timestamp="20231019 13:05:27.637" level="INFO">https://beta.connect-x.tech/login</msg>
<status status="PASS" starttime="20231019 13:05:27.637" endtime="20231019 13:05:30.165"/>
</kw>
<kw name="Input Text" library="PuppeteerLibrary">
<arg>${Email}</arg>
<arg>${emailOrgAgent3}</arg>
<doc>Types the given text into text field identified by ``locator``.</doc>
<msg timestamp="20231019 13:05:30.166" level="INFO">Typing text 'agent3@conx.tech' into text field 'xpath=//input[@name='email']'.</msg>
<status status="PASS" starttime="20231019 13:05:30.166" endtime="20231019 13:05:30.284"/>
</kw>
<kw name="Input Password" library="PuppeteerLibrary">
<arg>${Password}</arg>
<arg>${PassOrgAgent3}</arg>
<doc>Types the given text into text field same as ``Input Text`` Keyword.</doc>
<msg timestamp="20231019 13:05:30.285" level="INFO">Typing password into text field 'xpath=//input[@name='password']'.</msg>
<status status="PASS" starttime="20231019 13:05:30.284" endtime="20231019 13:05:30.349"/>
</kw>
<kw name="Select Checkbox" library="PuppeteerLibrary">
<arg>${ClickRemember}</arg>
<doc>Select checkbox based on locator</doc>
<msg timestamp="20231019 13:05:30.350" level="INFO">Select checkbox xpath=//input[@type='checkbox'].</msg>
<status status="PASS" starttime="20231019 13:05:30.349" endtime="20231019 13:05:30.398"/>
</kw>
<kw name="Click Element" library="PuppeteerLibrary">
<arg>${Buttonlogin}</arg>
<doc>Clicks element identified by ``locator``.</doc>
<msg timestamp="20231019 13:05:30.398" level="INFO">Clicking element 'xpath=//button[@type='submit']'.</msg>
<status status="PASS" starttime="20231019 13:05:30.398" endtime="20231019 13:05:30.438"/>
</kw>
<kw name="Wait Until Element Is Visible" library="PuppeteerLibrary">
<arg>${Waitlogin}</arg>
<arg>${Wait}</arg>
<doc>Waits until ``locator`` element is displayed on web page.</doc>
<status status="PASS" starttime="20231019 13:05:30.438" endtime="20231019 13:05:44.108"/>
</kw>
<status status="PASS" starttime="20231019 13:05:27.632" endtime="20231019 13:05:44.108"/>
</kw>
<kw name="Go to Engagement in Facebook" library="Engagement-Page">
<kw name="Go To" library="PuppeteerLibrary">
<arg>${BaseURL}/engagement</arg>
<doc>Navigates the current page to the ``url``</doc>
<msg timestamp="20231019 13:05:44.108" level="INFO">https://beta.connect-x.tech/engagement</msg>
<status status="PASS" starttime="20231019 13:05:44.108" endtime="20231019 13:05:45.742"/>
</kw>
<kw name="Wait Until Element Is Visible" library="PuppeteerLibrary">
<arg>${Goodboi}</arg>
<arg>${Wait}</arg>
<doc>Waits until ``locator`` element is displayed on web page.</doc>
<status status="PASS" starttime="20231019 13:05:45.742" endtime="20231019 13:05:47.400"/>
</kw>
<kw name="Click Element" library="PuppeteerLibrary">
<arg>${Goodboi}</arg>
<doc>Clicks element identified by ``locator``.</doc>
<msg timestamp="20231019 13:05:47.400" level="INFO">Clicking element 'xpath=//*[text()='Good boiii']'.</msg>
<status status="PASS" starttime="20231019 13:05:47.400" endtime="20231019 13:05:47.475"/>
</kw>
<kw name="Wait Until Element Is Visible" library="PuppeteerLibrary">
<arg>${nametanung}</arg>
<arg>${Wait}</arg>
<doc>Waits until ``locator`` element is displayed on web page.</doc>
<status status="PASS" starttime="20231019 13:05:47.475" endtime="20231019 13:05:48.231"/>
</kw>
<kw name="Click Element" library="PuppeteerLibrary">
<arg>${namenop}</arg>
<doc>Clicks element identified by ``locator``.</doc>
<msg timestamp="20231019 13:05:48.232" level="INFO">Clicking element 'xpath=//*[@id="6476044069149141"]'.</msg>
<status status="PASS" starttime="20231019 13:05:48.232" endtime="20231019 13:05:48.332"/>
</kw>
<kw name="Wait Until Element Is Visible" library="PuppeteerLibrary">
<arg>${waitdate}</arg>
<arg>${Wait}</arg>
<doc>Waits until ``locator`` element is displayed on web page.</doc>
<status status="PASS" starttime="20231019 13:05:48.332" endtime="20231019 13:05:48.454"/>
</kw>
<status status="PASS" starttime="20231019 13:05:44.108" endtime="20231019 13:05:48.454"/>
</kw>
<kw name="View Lead Info" library="Engagement-Page">
<kw name="Click Element" library="PuppeteerLibrary">
<arg>${ButtonLead}</arg>
<doc>Clicks element identified by ``locator``.</doc>
<msg timestamp="20231019 13:05:48.454" level="INFO">Clicking element 'xpath=//*[@id="lead"]'.</msg>
<status status="PASS" starttime="20231019 13:05:48.454" endtime="20231019 13:05:48.889"/>
</kw>
<kw name="Wait Until Element Is Visible" library="PuppeteerLibrary">
<arg>${LeadInfo}</arg>
<arg>${Wait}</arg>
<doc>Waits until ``locator`` element is displayed on web page.</doc>
<status status="PASS" starttime="20231019 13:05:48.889" endtime="20231019 13:05:48.896"/>
</kw>
<kw name="Click Element" library="PuppeteerLibrary">
<arg>${LeadInfo}</arg>
<doc>Clicks element identified by ``locator``.</doc>
<msg timestamp="20231019 13:05:48.896" level="INFO">Clicking element 'xpath=(//*[text()='ชื่อลีด']/../../..//*[contains(text(),'LD-')])[1]'.</msg>
<status status="PASS" starttime="20231019 13:05:48.896" endtime="20231019 13:05:49.047"/>
</kw>
<kw name="Wait Until Element Is Visible" library="PuppeteerLibrary">
<arg>${EditMobile}</arg>
<arg>${Wait}</arg>
<doc>Waits until ``locator`` element is displayed on web page.</doc>
<status status="PASS" starttime="20231019 13:05:49.048" endtime="20231019 13:05:50.815"/>
</kw>
<kw name="Sleep" library="BuiltIn">
<arg>1s</arg>
<doc>Pauses the test executed for the given time.</doc>
<msg timestamp="20231019 13:05:51.817" level="INFO">Slept 1 second</msg>
<status status="PASS" starttime="20231019 13:05:50.815" endtime="20231019 13:05:51.817"/>
</kw>
<status status="PASS" starttime="20231019 13:05:48.454" endtime="20231019 13:05:51.817"/>
</kw>
<kw name="Check Icon Lead no Detail Lead" library="Engagement-Page">
<kw name="Click Element" library="PuppeteerLibrary">
<arg>${DetailLeadNo}</arg>
<doc>Clicks element identified by ``locator``.</doc>
<msg timestamp="20231019 13:05:51.819" level="INFO">Clicking element 'xpath=(//*[@id="create-lead"]//*[local-name()="svg"])[1]'.</msg>
<status status="PASS" starttime="20231019 13:05:51.819" endtime="20231019 13:05:51.957"/>
</kw>
<kw name="Wait For New Window Open" library="PuppeteerLibrary">
<arg>${Wait}</arg>
<doc>Waits until new page or tab opens.</doc>
<status status="PASS" starttime="20231019 13:05:51.958" endtime="20231019 13:05:52.459"/>
</kw>
<kw name="Switch Window" library="PuppeteerLibrary">
<arg>url=.*edit.*</arg>
<doc>Switches to tabs matching locator
locator support options NEW, MAIN and query using name, title and url
    - NEW: latest opened window
    - MAIN: main window
    - title="QAHive": window title. Page title will have have error if new tab have auto redirection
    - url="https://qahive.com": url support regex Example: url=.*qahive.com</doc>
<msg timestamp="20231019 13:05:52.460" level="INFO">Url mismatch: https://beta.connect-x.tech/engagement</msg>
<status status="PASS" starttime="20231019 13:05:52.459" endtime="20231019 13:05:52.465"/>
</kw>
<kw name="Get Location" library="PuppeteerLibrary">
<var>${howto}</var>
<doc>Get page location</doc>
<msg timestamp="20231019 13:05:52.465" level="INFO">${howto} = https://beta.connect-x.tech/object/lead/edit/wvbwITd5WcDvsG14SbG1</msg>
<status status="PASS" starttime="20231019 13:05:52.465" endtime="20231019 13:05:52.465"/>
</kw>
<kw name="Wait Until Element Is Visible" library="PuppeteerLibrary">
<arg>${MobilePhone}</arg>
<arg>${Wait}</arg>
<doc>Waits until ``locator`` element is displayed on web page.</doc>
<status status="PASS" starttime="20231019 13:05:52.465" endtime="20231019 13:05:54.384"/>
</kw>
<kw name="Sleep" library="BuiltIn">
<arg>2s</arg>
<doc>Pauses the test executed for the given time.</doc>
<msg timestamp="20231019 13:05:56.386" level="INFO">Slept 2 seconds</msg>
<status status="PASS" starttime="20231019 13:05:54.384" endtime="20231019 13:05:56.386"/>
</kw>
<kw name="Switch Window" library="PuppeteerLibrary">
<arg>url=.*engagement</arg>
<doc>Switches to tabs matching locator
locator support options NEW, MAIN and query using name, title and url
    - NEW: latest opened window
    - MAIN: main window
    - title="QAHive": window title. Page title will have have error if new tab have auto redirection
    - url="https://qahive.com": url support regex Example: url=.*qahive.com</doc>
<status status="PASS" starttime="20231019 13:05:56.386" endtime="20231019 13:05:56.405"/>
</kw>
<kw name="Get Location" library="PuppeteerLibrary">
<var>${Test01}</var>
<doc>Get page location</doc>
<msg timestamp="20231019 13:05:56.406" level="INFO">${Test01} = https://beta.connect-x.tech/engagement</msg>
<status status="PASS" starttime="20231019 13:05:56.405" endtime="20231019 13:05:56.406"/>
</kw>
<kw name="Wait Until Element Is Visible" library="PuppeteerLibrary">
<arg>${MobilePhone}</arg>
<arg>${Wait}</arg>
<doc>Waits until ``locator`` element is displayed on web page.</doc>
<status status="PASS" starttime="20231019 13:05:56.406" endtime="20231019 13:05:56.424"/>
</kw>
<kw name="Sleep" library="BuiltIn">
<arg>2s</arg>
<doc>Pauses the test executed for the given time.</doc>
<msg timestamp="20231019 13:05:58.426" level="INFO">Slept 2 seconds</msg>
<status status="PASS" starttime="20231019 13:05:56.425" endtime="20231019 13:05:58.427"/>
</kw>
<status status="PASS" starttime="20231019 13:05:51.818" endtime="20231019 13:05:58.427"/>
</kw>
<kw name="Close All Browser" library="PuppeteerLibrary" type="TEARDOWN">
<doc>Close all browser</doc>
<status status="PASS" starttime="20231019 13:05:58.428" endtime="20231019 13:05:58.512"/>
</kw>
<status status="PASS" starttime="20231019 13:05:27.632" endtime="20231019 13:05:58.513"/>
</test>
<test id="s1-t5" name="TC-005 Verify Create Filter new" line="36">
<kw name="Open Browser and Login" library="Engagement-Page" type="SETUP">
<kw name="Get Variable Value" library="BuiltIn">
<var>${headless}</var>
<arg>${HEADLESS}</arg>
<arg>${False}</arg>
<doc>Returns variable value or ``default`` if the variable does not exist.</doc>
<msg timestamp="20231019 13:05:58.516" level="INFO">${headless} = False</msg>
<status status="PASS" starttime="20231019 13:05:58.513" endtime="20231019 13:05:58.516"/>
</kw>
<kw name="Evaluate" library="BuiltIn">
<var>${options}</var>
<arg>{'args':['--start-maximized'], 'headless': ${headless}}</arg>
<doc>Evaluates the given expression in Python and returns the result.</doc>
<msg timestamp="20231019 13:05:58.516" level="INFO">${options} = {'args': ['--start-maximized'], 'headless': False}</msg>
<status status="PASS" starttime="20231019 13:05:58.516" endtime="20231019 13:05:58.516"/>
</kw>
<kw name="Open Browser" library="PuppeteerLibrary">
<arg>${BaseURL}/login</arg>
<arg>browser=pwchrome</arg>
<arg>options=${options}</arg>
<doc>Opens a new browser instance to the specific ``url``.</doc>
<msg timestamp="20231019 13:05:58.516" level="INFO">https://beta.connect-x.tech/login</msg>
<status status="PASS" starttime="20231019 13:05:58.516" endtime="20231019 13:06:01.359"/>
</kw>
<kw name="Input Text" library="PuppeteerLibrary">
<arg>${Email}</arg>
<arg>${emailOrgAgent3}</arg>
<doc>Types the given text into text field identified by ``locator``.</doc>
<msg timestamp="20231019 13:06:01.359" level="INFO">Typing text 'agent3@conx.tech' into text field 'xpath=//input[@name='email']'.</msg>
<status status="PASS" starttime="20231019 13:06:01.359" endtime="20231019 13:06:01.438"/>
</kw>
<kw name="Input Password" library="PuppeteerLibrary">
<arg>${Password}</arg>
<arg>${PassOrgAgent3}</arg>
<doc>Types the given text into text field same as ``Input Text`` Keyword.</doc>
<msg timestamp="20231019 13:06:01.438" level="INFO">Typing password into text field 'xpath=//input[@name='password']'.</msg>
<status status="PASS" starttime="20231019 13:06:01.438" endtime="20231019 13:06:01.499"/>
</kw>
<kw name="Select Checkbox" library="PuppeteerLibrary">
<arg>${ClickRemember}</arg>
<doc>Select checkbox based on locator</doc>
<msg timestamp="20231019 13:06:01.499" level="INFO">Select checkbox xpath=//input[@type='checkbox'].</msg>
<status status="PASS" starttime="20231019 13:06:01.499" endtime="20231019 13:06:01.548"/>
</kw>
<kw name="Click Element" library="PuppeteerLibrary">
<arg>${Buttonlogin}</arg>
<doc>Clicks element identified by ``locator``.</doc>
<msg timestamp="20231019 13:06:01.549" level="INFO">Clicking element 'xpath=//button[@type='submit']'.</msg>
<status status="PASS" starttime="20231019 13:06:01.548" endtime="20231019 13:06:01.597"/>
</kw>
<kw name="Wait Until Element Is Visible" library="PuppeteerLibrary">
<arg>${Waitlogin}</arg>
<arg>${Wait}</arg>
<doc>Waits until ``locator`` element is displayed on web page.</doc>
<status status="PASS" starttime="20231019 13:06:01.597" endtime="20231019 13:06:13.487"/>
</kw>
<status status="PASS" starttime="20231019 13:05:58.513" endtime="20231019 13:06:13.487"/>
</kw>
<kw name="Create Filter Object Lead" library="Engagement-Page">
<kw name="Go To" library="PuppeteerLibrary">
<arg>url=${BaseURL}/object/lead</arg>
<doc>Navigates the current page to the ``url``</doc>
<msg timestamp="20231019 13:06:13.488" level="INFO">https://beta.connect-x.tech/object/lead</msg>
<status status="PASS" starttime="20231019 13:06:13.488" endtime="20231019 13:06:15.122"/>
</kw>
<kw name="Wait Until Element Is Visible" library="PuppeteerLibrary">
<arg>${ObjectTable}</arg>
<arg>${Wait}</arg>
<doc>Waits until ``locator`` element is displayed on web page.</doc>
<status status="PASS" starttime="20231019 13:06:15.123" endtime="20231019 13:06:18.475"/>
</kw>
<kw name="Click Element" library="PuppeteerLibrary">
<arg>${setFilter}</arg>
<doc>Clicks element identified by ``locator``.</doc>
<msg timestamp="20231019 13:06:18.476" level="INFO">Clicking element 'xpath=((//*[text()='คำสั่งซื้อใหม่']/../../../..//*//*//*//*//*)[3]//..//..)[1]'.</msg>
<status status="PASS" starttime="20231019 13:06:18.475" endtime="20231019 13:06:18.586"/>
</kw>
<kw name="Wait Until Element Is Visible" library="PuppeteerLibrary">
<arg>${FilterManagement}</arg>
<arg>${Wait}</arg>
<doc>Waits until ``locator`` element is displayed on web page.</doc>
<status status="PASS" starttime="20231019 13:06:18.586" endtime="20231019 13:06:18.590"/>
</kw>
<kw name="Click Element" library="PuppeteerLibrary">
<arg>${FilterManagement}</arg>
<doc>Clicks element identified by ``locator``.</doc>
<msg timestamp="20231019 13:06:18.590" level="INFO">Clicking element 'xpath=(//*[text()='การจัดการตัวกรอง']//..)[1]'.</msg>
<status status="PASS" starttime="20231019 13:06:18.590" endtime="20231019 13:06:18.727"/>
</kw>
<kw name="Wait Until Element Is Visible" library="PuppeteerLibrary">
<arg>${AllLeadFilter}</arg>
<arg>${Wait}</arg>
<doc>Waits until ``locator`` element is displayed on web page.</doc>
<status status="PASS" starttime="20231019 13:06:18.728" endtime="20231019 13:06:18.731"/>
</kw>
<kw name="Click Element" library="PuppeteerLibrary">
<arg>${CreateFileter}</arg>
<doc>Clicks element identified by ``locator``.</doc>
<msg timestamp="20231019 13:06:18.731" level="INFO">Clicking element 'xpath=//*[text()='สร้างตัวกรอง']'.</msg>
<status status="PASS" starttime="20231019 13:06:18.731" endtime="20231019 13:06:21.613"/>
</kw>
<kw name="Wait Until Element Is Visible" library="PuppeteerLibrary">
<arg>${ConditionFilter}</arg>
<arg>${Wait}</arg>
<doc>Waits until ``locator`` element is displayed on web page.</doc>
<status status="PASS" starttime="20231019 13:06:21.613" endtime="20231019 13:06:22.813"/>
</kw>
<kw name="Click Element" library="PuppeteerLibrary">
<arg>${NameFilter}</arg>
<doc>Clicks element identified by ``locator``.</doc>
<msg timestamp="20231019 13:06:22.813" level="INFO">Clicking element 'xpath=(//*[text()='ชื่อตัวกรอง'])[2]//..//..//..//input'.</msg>
<status status="PASS" starttime="20231019 13:06:22.813" endtime="20231019 13:06:23.587"/>
</kw>
<kw name="Input Text" library="PuppeteerLibrary">
<arg>${NameFilter}</arg>
<arg>Lead Test</arg>
<doc>Types the given text into text field identified by ``locator``.</doc>
<msg timestamp="20231019 13:06:23.587" level="INFO">Typing text 'Lead Test' into text field 'xpath=(//*[text()='ชื่อตัวกรอง'])[2]//..//..//..//input'.</msg>
<status status="PASS" starttime="20231019 13:06:23.587" endtime="20231019 13:06:23.715"/>
</kw>
<kw name="Sleep" library="BuiltIn">
<arg>1s</arg>
<doc>Pauses the test executed for the given time.</doc>
<msg timestamp="20231019 13:06:24.717" level="INFO">Slept 1 second</msg>
<status status="PASS" starttime="20231019 13:06:23.715" endtime="20231019 13:06:24.717"/>
</kw>
<kw name="Click Element" library="PuppeteerLibrary">
<arg>${LeadIDFilter}</arg>
<doc>Clicks element identified by ``locator``.</doc>
<msg timestamp="20231019 13:06:24.718" level="INFO">Clicking element 'xpath=//*[text()="Lead ID"]/..//input[@type='checkbox']'.</msg>
<status status="PASS" starttime="20231019 13:06:24.717" endtime="20231019 13:06:24.783"/>
</kw>
<kw name="Click Element" library="PuppeteerLibrary">
<arg>${ButtonselectFilter}</arg>
<doc>Clicks element identified by ``locator``.</doc>
<msg timestamp="20231019 13:06:24.783" level="INFO">Clicking element 'xpath=//*[@class="scrollable"]//button[1]//*//*'.</msg>
<status status="PASS" starttime="20231019 13:06:24.783" endtime="20231019 13:06:24.835"/>
</kw>
<kw name="Wait Until Element Is Visible" library="PuppeteerLibrary">
<arg>${WaitLeadIDFilter}</arg>
<arg>${Wait}</arg>
<doc>Waits until ``locator`` element is displayed on web page.</doc>
<status status="PASS" starttime="20231019 13:06:24.835" endtime="20231019 13:06:24.839"/>
</kw>
<kw name="Click Element" library="PuppeteerLibrary">
<arg>${LeadNoFilter}</arg>
<doc>Clicks element identified by ``locator``.</doc>
<msg timestamp="20231019 13:06:24.839" level="INFO">Clicking element 'xpath=//*[text()="Lead No."]/..//input[@type='checkbox']'.</msg>
<status status="PASS" starttime="20231019 13:06:24.839" endtime="20231019 13:06:24.891"/>
</kw>
<kw name="Click Element" library="PuppeteerLibrary">
<arg>${ButtonselectFilter}</arg>
<doc>Clicks element identified by ``locator``.</doc>
<msg timestamp="20231019 13:06:24.891" level="INFO">Clicking element 'xpath=//*[@class="scrollable"]//button[1]//*//*'.</msg>
<status status="PASS" starttime="20231019 13:06:24.891" endtime="20231019 13:06:24.951"/>
</kw>
<kw name="Wait Until Element Is Visible" library="PuppeteerLibrary">
<arg>${WaitLeadNoFilter}</arg>
<arg>${Wait}</arg>
<doc>Waits until ``locator`` element is displayed on web page.</doc>
<status status="PASS" starttime="20231019 13:06:24.951" endtime="20231019 13:06:24.954"/>
</kw>
<kw name="Click Element" library="PuppeteerLibrary">
<arg>${CreatedByFilter}</arg>
<doc>Clicks element identified by ``locator``.</doc>
<msg timestamp="20231019 13:06:24.954" level="INFO">Clicking element 'xpath=//*[text()="Created By"]/..//input[@type='checkbox']'.</msg>
<status status="PASS" starttime="20231019 13:06:24.954" endtime="20231019 13:06:24.993"/>
</kw>
<kw name="Click Element" library="PuppeteerLibrary">
<arg>${ButtonselectFilter}</arg>
<doc>Clicks element identified by ``locator``.</doc>
<msg timestamp="20231019 13:06:24.994" level="INFO">Clicking element 'xpath=//*[@class="scrollable"]//button[1]//*//*'.</msg>
<status status="PASS" starttime="20231019 13:06:24.993" endtime="20231019 13:06:25.048"/>
</kw>
<kw name="Wait Until Element Is Visible" library="PuppeteerLibrary">
<arg>${WaitCreatedByFilter}</arg>
<arg>${Wait}</arg>
<doc>Waits until ``locator`` element is displayed on web page.</doc>
<status status="PASS" starttime="20231019 13:06:25.048" endtime="20231019 13:06:25.051"/>
</kw>
<kw name="Click Element" library="PuppeteerLibrary">
<arg>${CreatedDateFilter}</arg>
<doc>Clicks element identified by ``locator``.</doc>
<msg timestamp="20231019 13:06:25.051" level="INFO">Clicking element 'xpath=//*[text()="Created Date"]/..//input[@type='checkbox']'.</msg>
<status status="PASS" starttime="20231019 13:06:25.051" endtime="20231019 13:06:25.092"/>
</kw>
<kw name="Click Element" library="PuppeteerLibrary">
<arg>${ButtonselectFilter}</arg>
<doc>Clicks element identified by ``locator``.</doc>
<msg timestamp="20231019 13:06:25.092" level="INFO">Clicking element 'xpath=//*[@class="scrollable"]//button[1]//*//*'.</msg>
<status status="PASS" starttime="20231019 13:06:25.092" endtime="20231019 13:06:25.156"/>
</kw>
<kw name="Wait Until Element Is Visible" library="PuppeteerLibrary">
<arg>${WaitCreatedDateFilter}</arg>
<arg>${Wait}</arg>
<doc>Waits until ``locator`` element is displayed on web page.</doc>
<status status="PASS" starttime="20231019 13:06:25.156" endtime="20231019 13:06:25.159"/>
</kw>
<kw name="Click Element" library="PuppeteerLibrary">
<arg>${LastModifiedFilter}</arg>
<doc>Clicks element identified by ``locator``.</doc>
<msg timestamp="20231019 13:06:25.160" level="INFO">Clicking element 'xpath=//*[text()="Last Modified"]/..//input[@type='checkbox']'.</msg>
<status status="PASS" starttime="20231019 13:06:25.159" endtime="20231019 13:06:25.208"/>
</kw>
<kw name="Click Element" library="PuppeteerLibrary">
<arg>${ButtonselectFilter}</arg>
<doc>Clicks element identified by ``locator``.</doc>
<msg timestamp="20231019 13:06:25.208" level="INFO">Clicking element 'xpath=//*[@class="scrollable"]//button[1]//*//*'.</msg>
<status status="PASS" starttime="20231019 13:06:25.208" endtime="20231019 13:06:25.270"/>
</kw>
<kw name="Wait Until Element Is Visible" library="PuppeteerLibrary">
<arg>${LastModifiedFilter}</arg>
<arg>${Wait}</arg>
<doc>Waits until ``locator`` element is displayed on web page.</doc>
<status status="PASS" starttime="20231019 13:06:25.270" endtime="20231019 13:06:25.274"/>
</kw>
<kw name="Click Element" library="PuppeteerLibrary">
<arg>${LastModifiedByFilter}</arg>
<doc>Clicks element identified by ``locator``.</doc>
<msg timestamp="20231019 13:06:25.274" level="INFO">Clicking element 'xpath=//*[text()="Last Modified By"]/..//input[@type='checkbox']'.</msg>
<status status="PASS" starttime="20231019 13:06:25.274" endtime="20231019 13:06:25.324"/>
</kw>
<kw name="Click Element" library="PuppeteerLibrary">
<arg>${ButtonselectFilter}</arg>
<doc>Clicks element identified by ``locator``.</doc>
<msg timestamp="20231019 13:06:25.324" level="INFO">Clicking element 'xpath=//*[@class="scrollable"]//button[1]//*//*'.</msg>
<status status="PASS" starttime="20231019 13:06:25.324" endtime="20231019 13:06:25.383"/>
</kw>
<kw name="Wait Until Element Is Visible" library="PuppeteerLibrary">
<arg>${WaitLastModifiedByFilter}</arg>
<arg>${Wait}</arg>
<doc>Waits until ``locator`` element is displayed on web page.</doc>
<status status="PASS" starttime="20231019 13:06:25.383" endtime="20231019 13:06:25.386"/>
</kw>
<kw name="Click Element" library="PuppeteerLibrary">
<arg>${ChannelFilter}</arg>
<doc>Clicks element identified by ``locator``.</doc>
<msg timestamp="20231019 13:06:25.387" level="INFO">Clicking element 'xpath=//*[text()="Channel"]/..//input[@type='checkbox']'.</msg>
<status status="PASS" starttime="20231019 13:06:25.386" endtime="20231019 13:06:25.425"/>
</kw>
<kw name="Click Element" library="PuppeteerLibrary">
<arg>${ButtonselectFilter}</arg>
<doc>Clicks element identified by ``locator``.</doc>
<msg timestamp="20231019 13:06:25.425" level="INFO">Clicking element 'xpath=//*[@class="scrollable"]//button[1]//*//*'.</msg>
<status status="PASS" starttime="20231019 13:06:25.425" endtime="20231019 13:06:25.481"/>
</kw>
<kw name="Wait Until Element Is Visible" library="PuppeteerLibrary">
<arg>${WaitChannelFilter}</arg>
<arg>${Wait}</arg>
<doc>Waits until ``locator`` element is displayed on web page.</doc>
<status status="PASS" starttime="20231019 13:06:25.481" endtime="20231019 13:06:25.484"/>
</kw>
<kw name="Click Element" library="PuppeteerLibrary">
<arg>${EmailFilter}</arg>
<doc>Clicks element identified by ``locator``.</doc>
<msg timestamp="20231019 13:06:25.484" level="INFO">Clicking element 'xpath=//*[text()="Email"]/..//input[@type='checkbox']'.</msg>
<status status="PASS" starttime="20231019 13:06:25.484" endtime="20231019 13:06:25.524"/>
</kw>
<kw name="Click Element" library="PuppeteerLibrary">
<arg>${ButtonselectFilter}</arg>
<doc>Clicks element identified by ``locator``.</doc>
<msg timestamp="20231019 13:06:25.524" level="INFO">Clicking element 'xpath=//*[@class="scrollable"]//button[1]//*//*'.</msg>
<status status="PASS" starttime="20231019 13:06:25.524" endtime="20231019 13:06:25.583"/>
</kw>
<kw name="Wait Until Element Is Visible" library="PuppeteerLibrary">
<arg>${WaitEmailFilter}</arg>
<arg>${Wait}</arg>
<doc>Waits until ``locator`` element is displayed on web page.</doc>
<status status="PASS" starttime="20231019 13:06:25.583" endtime="20231019 13:06:25.587"/>
</kw>
<kw name="Click Element" library="PuppeteerLibrary">
<arg>${RemarkFilter}</arg>
<doc>Clicks element identified by ``locator``.</doc>
<msg timestamp="20231019 13:06:25.587" level="INFO">Clicking element 'xpath=//*[text()="Remark"]/..//input[@type='checkbox']'.</msg>
<status status="PASS" starttime="20231019 13:06:25.587" endtime="20231019 13:06:25.641"/>
</kw>
<kw name="Click Element" library="PuppeteerLibrary">
<arg>${ButtonselectFilter}</arg>
<doc>Clicks element identified by ``locator``.</doc>
<msg timestamp="20231019 13:06:25.642" level="INFO">Clicking element 'xpath=//*[@class="scrollable"]//button[1]//*//*'.</msg>
<status status="PASS" starttime="20231019 13:06:25.642" endtime="20231019 13:06:25.698"/>
</kw>
<kw name="Wait Until Element Is Visible" library="PuppeteerLibrary">
<arg>${WaitRemarkFilter}</arg>
<arg>${Wait}</arg>
<doc>Waits until ``locator`` element is displayed on web page.</doc>
<status status="PASS" starttime="20231019 13:06:25.699" endtime="20231019 13:06:25.703"/>
</kw>
<kw name="Click Element" library="PuppeteerLibrary">
<arg>${ButtonSaveTH}</arg>
<doc>Clicks element identified by ``locator``.</doc>
<msg timestamp="20231019 13:06:25.703" level="INFO">Clicking element 'xpath=//*[text()='บันทึก']'.</msg>
<status status="PASS" starttime="20231019 13:06:25.703" endtime="20231019 13:06:25.787"/>
</kw>
<kw name="Wait Until Element Is Visible" library="PuppeteerLibrary">
<arg>${WaitSucces}</arg>
<arg>${Wait}</arg>
<doc>Waits until ``locator`` element is displayed on web page.</doc>
<status status="PASS" starttime="20231019 13:06:25.787" endtime="20231019 13:06:29.733"/>
</kw>
<kw name="Sleep" library="BuiltIn">
<arg>3s</arg>
<doc>Pauses the test executed for the given time.</doc>
<msg timestamp="20231019 13:06:32.735" level="INFO">Slept 3 seconds</msg>
<status status="PASS" starttime="20231019 13:06:29.733" endtime="20231019 13:06:32.735"/>
</kw>
<kw name="Wait Until Element Is Visible" library="PuppeteerLibrary">
<arg>${WaitAllLead}</arg>
<arg>${Wait}</arg>
<doc>Waits until ``locator`` element is displayed on web page.</doc>
<status status="PASS" starttime="20231019 13:06:32.736" endtime="20231019 13:06:32.747"/>
</kw>
<kw name="Click Element" library="PuppeteerLibrary">
<arg>${CloseDrawerLead}</arg>
<arg>${Wait}</arg>
<doc>Clicks element identified by ``locator``.</doc>
<msg timestamp="20231019 13:06:32.747" level="INFO">Clicking element 'xpath=(//*[text()='Close'])[3]'.</msg>
<status status="PASS" starttime="20231019 13:06:32.747" endtime="20231019 13:06:32.871"/>
</kw>
<kw name="Wait Until Element Is Visible" library="PuppeteerLibrary">
<arg>${ObjectTable}</arg>
<arg>${Wait}</arg>
<doc>Waits until ``locator`` element is displayed on web page.</doc>
<status status="PASS" starttime="20231019 13:06:32.872" endtime="20231019 13:06:32.876"/>
</kw>
<status status="PASS" starttime="20231019 13:06:13.487" endtime="20231019 13:06:32.876"/>
</kw>
<kw name="Go to Engagement in Facebook" library="Engagement-Page">
<kw name="Go To" library="PuppeteerLibrary">
<arg>${BaseURL}/engagement</arg>
<doc>Navigates the current page to the ``url``</doc>
<msg timestamp="20231019 13:06:32.877" level="INFO">https://beta.connect-x.tech/engagement</msg>
<status status="PASS" starttime="20231019 13:06:32.877" endtime="20231019 13:06:34.540"/>
</kw>
<kw name="Wait Until Element Is Visible" library="PuppeteerLibrary">
<arg>${Goodboi}</arg>
<arg>${Wait}</arg>
<doc>Waits until ``locator`` element is displayed on web page.</doc>
<status status="PASS" starttime="20231019 13:06:34.540" endtime="20231019 13:06:35.985"/>
</kw>
<kw name="Click Element" library="PuppeteerLibrary">
<arg>${Goodboi}</arg>
<doc>Clicks element identified by ``locator``.</doc>
<msg timestamp="20231019 13:06:35.985" level="INFO">Clicking element 'xpath=//*[text()='Good boiii']'.</msg>
<status status="PASS" starttime="20231019 13:06:35.985" endtime="20231019 13:06:36.027"/>
</kw>
<kw name="Wait Until Element Is Visible" library="PuppeteerLibrary">
<arg>${nametanung}</arg>
<arg>${Wait}</arg>
<doc>Waits until ``locator`` element is displayed on web page.</doc>
<status status="PASS" starttime="20231019 13:06:36.027" endtime="20231019 13:06:36.857"/>
</kw>
<kw name="Click Element" library="PuppeteerLibrary">
<arg>${namenop}</arg>
<doc>Clicks element identified by ``locator``.</doc>
<msg timestamp="20231019 13:06:36.857" level="INFO">Clicking element 'xpath=//*[@id="6476044069149141"]'.</msg>
<status status="PASS" starttime="20231019 13:06:36.857" endtime="20231019 13:06:37.080"/>
</kw>
<kw name="Wait Until Element Is Visible" library="PuppeteerLibrary">
<arg>${waitdate}</arg>
<arg>${Wait}</arg>
<doc>Waits until ``locator`` element is displayed on web page.</doc>
<status status="PASS" starttime="20231019 13:06:37.080" endtime="20231019 13:06:37.368"/>
</kw>
<status status="PASS" starttime="20231019 13:06:32.877" endtime="20231019 13:06:37.368"/>
</kw>
<kw name="Drawer All Lead" library="Engagement-Page">
<kw name="Click Element" library="PuppeteerLibrary">
<arg>${ButtonLead}</arg>
<doc>Clicks element identified by ``locator``.</doc>
<msg timestamp="20231019 13:06:37.369" level="INFO">Clicking element 'xpath=//*[@id="lead"]'.</msg>
<status status="PASS" starttime="20231019 13:06:37.368" endtime="20231019 13:06:37.642"/>
</kw>
<kw name="Wait Until Element Is Visible" library="PuppeteerLibrary">
<arg>${Owneragent}</arg>
<arg>${Wait}</arg>
<doc>Waits until ``locator`` element is displayed on web page.</doc>
<status status="PASS" starttime="20231019 13:06:37.644" endtime="20231019 13:06:37.883"/>
</kw>
<kw name="Click Element" library="PuppeteerLibrary">
<arg>${AllLeadDrawer}</arg>
<doc>Clicks element identified by ``locator``.</doc>
<msg timestamp="20231019 13:06:37.884" level="INFO">Clicking element 'xpath=(//*[text()='All'])'.</msg>
<status status="PASS" starttime="20231019 13:06:37.883" endtime="20231019 13:06:38.288"/>
</kw>
<kw name="Wait Until Element Is Visible" library="PuppeteerLibrary">
<arg>${Clickidcreate-Lead}</arg>
<arg>${Wait}</arg>
<doc>Waits until ``locator`` element is displayed on web page.</doc>
<status status="PASS" starttime="20231019 13:06:38.288" endtime="20231019 13:06:39.914"/>
</kw>
<kw name="Sleep" library="BuiltIn">
<arg>2s</arg>
<doc>Pauses the test executed for the given time.</doc>
<msg timestamp="20231019 13:06:41.917" level="INFO">Slept 2 seconds</msg>
<status status="PASS" starttime="20231019 13:06:39.915" endtime="20231019 13:06:41.917"/>
</kw>
<kw name="Click Element" library="PuppeteerLibrary">
<arg>${CloseDrawerLead}</arg>
<doc>Clicks element identified by ``locator``.</doc>
<msg timestamp="20231019 13:06:41.919" level="INFO">Clicking element 'xpath=(//*[text()='Close'])[3]'.</msg>
<status status="PASS" starttime="20231019 13:06:41.918" endtime="20231019 13:06:42.001"/>
</kw>
<kw name="Wait Until Element Is Visible" library="PuppeteerLibrary">
<arg>${waitdate}</arg>
<arg>${Wait}</arg>
<doc>Waits until ``locator`` element is displayed on web page.</doc>
<status status="PASS" starttime="20231019 13:06:42.001" endtime="20231019 13:06:42.005"/>
</kw>
<status status="PASS" starttime="20231019 13:06:37.368" endtime="20231019 13:06:42.005"/>
</kw>
<kw name="Close All Browser" library="PuppeteerLibrary" type="TEARDOWN">
<doc>Close all browser</doc>
<status status="PASS" starttime="20231019 13:06:42.006" endtime="20231019 13:06:42.083"/>
</kw>
<status status="PASS" starttime="20231019 13:05:58.513" endtime="20231019 13:06:42.083"/>
</test>
<test id="s1-t6" name="TC-006 Verify Pin List view Drawer Lead" line="41">
<kw name="Open Browser and Login" library="Engagement-Page" type="SETUP">
<kw name="Get Variable Value" library="BuiltIn">
<var>${headless}</var>
<arg>${HEADLESS}</arg>
<arg>${False}</arg>
<doc>Returns variable value or ``default`` if the variable does not exist.</doc>
<msg timestamp="20231019 13:06:42.087" level="INFO">${headless} = False</msg>
<status status="PASS" starttime="20231019 13:06:42.084" endtime="20231019 13:06:42.087"/>
</kw>
<kw name="Evaluate" library="BuiltIn">
<var>${options}</var>
<arg>{'args':['--start-maximized'], 'headless': ${headless}}</arg>
<doc>Evaluates the given expression in Python and returns the result.</doc>
<msg timestamp="20231019 13:06:42.088" level="INFO">${options} = {'args': ['--start-maximized'], 'headless': False}</msg>
<status status="PASS" starttime="20231019 13:06:42.087" endtime="20231019 13:06:42.088"/>
</kw>
<kw name="Open Browser" library="PuppeteerLibrary">
<arg>${BaseURL}/login</arg>
<arg>browser=pwchrome</arg>
<arg>options=${options}</arg>
<doc>Opens a new browser instance to the specific ``url``.</doc>
<msg timestamp="20231019 13:06:42.088" level="INFO">https://beta.connect-x.tech/login</msg>
<status status="PASS" starttime="20231019 13:06:42.088" endtime="20231019 13:06:44.555"/>
</kw>
<kw name="Input Text" library="PuppeteerLibrary">
<arg>${Email}</arg>
<arg>${emailOrgAgent3}</arg>
<doc>Types the given text into text field identified by ``locator``.</doc>
<msg timestamp="20231019 13:06:44.555" level="INFO">Typing text 'agent3@conx.tech' into text field 'xpath=//input[@name='email']'.</msg>
<status status="PASS" starttime="20231019 13:06:44.555" endtime="20231019 13:06:44.668"/>
</kw>
<kw name="Input Password" library="PuppeteerLibrary">
<arg>${Password}</arg>
<arg>${PassOrgAgent3}</arg>
<doc>Types the given text into text field same as ``Input Text`` Keyword.</doc>
<msg timestamp="20231019 13:06:44.668" level="INFO">Typing password into text field 'xpath=//input[@name='password']'.</msg>
<status status="PASS" starttime="20231019 13:06:44.668" endtime="20231019 13:06:44.722"/>
</kw>
<kw name="Select Checkbox" library="PuppeteerLibrary">
<arg>${ClickRemember}</arg>
<doc>Select checkbox based on locator</doc>
<msg timestamp="20231019 13:06:44.722" level="INFO">Select checkbox xpath=//input[@type='checkbox'].</msg>
<status status="PASS" starttime="20231019 13:06:44.722" endtime="20231019 13:06:44.766"/>
</kw>
<kw name="Click Element" library="PuppeteerLibrary">
<arg>${Buttonlogin}</arg>
<doc>Clicks element identified by ``locator``.</doc>
<msg timestamp="20231019 13:06:44.767" level="INFO">Clicking element 'xpath=//button[@type='submit']'.</msg>
<status status="PASS" starttime="20231019 13:06:44.766" endtime="20231019 13:06:44.807"/>
</kw>
<kw name="Wait Until Element Is Visible" library="PuppeteerLibrary">
<arg>${Waitlogin}</arg>
<arg>${Wait}</arg>
<doc>Waits until ``locator`` element is displayed on web page.</doc>
<status status="PASS" starttime="20231019 13:06:44.807" endtime="20231019 13:06:56.892"/>
</kw>
<status status="PASS" starttime="20231019 13:06:42.084" endtime="20231019 13:06:56.892"/>
</kw>
<kw name="Go to Engagement in Facebook" library="Engagement-Page">
<kw name="Go To" library="PuppeteerLibrary">
<arg>${BaseURL}/engagement</arg>
<doc>Navigates the current page to the ``url``</doc>
<msg timestamp="20231019 13:06:56.893" level="INFO">https://beta.connect-x.tech/engagement</msg>
<status status="PASS" starttime="20231019 13:06:56.893" endtime="20231019 13:06:58.551"/>
</kw>
<kw name="Wait Until Element Is Visible" library="PuppeteerLibrary">
<arg>${Goodboi}</arg>
<arg>${Wait}</arg>
<doc>Waits until ``locator`` element is displayed on web page.</doc>
<status status="PASS" starttime="20231019 13:06:58.551" endtime="20231019 13:07:00.219"/>
</kw>
<kw name="Click Element" library="PuppeteerLibrary">
<arg>${Goodboi}</arg>
<doc>Clicks element identified by ``locator``.</doc>
<msg timestamp="20231019 13:07:00.219" level="INFO">Clicking element 'xpath=//*[text()='Good boiii']'.</msg>
<status status="PASS" starttime="20231019 13:07:00.219" endtime="20231019 13:07:00.289"/>
</kw>
<kw name="Wait Until Element Is Visible" library="PuppeteerLibrary">
<arg>${nametanung}</arg>
<arg>${Wait}</arg>
<doc>Waits until ``locator`` element is displayed on web page.</doc>
<status status="PASS" starttime="20231019 13:07:00.289" endtime="20231019 13:07:01.103"/>
</kw>
<kw name="Click Element" library="PuppeteerLibrary">
<arg>${namenop}</arg>
<doc>Clicks element identified by ``locator``.</doc>
<msg timestamp="20231019 13:07:01.103" level="INFO">Clicking element 'xpath=//*[@id="6476044069149141"]'.</msg>
<status status="PASS" starttime="20231019 13:07:01.103" endtime="20231019 13:07:01.400"/>
</kw>
<kw name="Wait Until Element Is Visible" library="PuppeteerLibrary">
<arg>${waitdate}</arg>
<arg>${Wait}</arg>
<doc>Waits until ``locator`` element is displayed on web page.</doc>
<status status="PASS" starttime="20231019 13:07:01.400" endtime="20231019 13:07:01.585"/>
</kw>
<status status="PASS" starttime="20231019 13:06:56.892" endtime="20231019 13:07:01.586"/>
</kw>
<kw name="Drawer All Lead" library="Engagement-Page">
<kw name="Click Element" library="PuppeteerLibrary">
<arg>${ButtonLead}</arg>
<doc>Clicks element identified by ``locator``.</doc>
<msg timestamp="20231019 13:07:01.586" level="INFO">Clicking element 'xpath=//*[@id="lead"]'.</msg>
<status status="PASS" starttime="20231019 13:07:01.586" endtime="20231019 13:07:01.748"/>
</kw>
<kw name="Wait Until Element Is Visible" library="PuppeteerLibrary">
<arg>${Owneragent}</arg>
<arg>${Wait}</arg>
<doc>Waits until ``locator`` element is displayed on web page.</doc>
<status status="PASS" starttime="20231019 13:07:01.748" endtime="20231019 13:07:02.157"/>
</kw>
<kw name="Click Element" library="PuppeteerLibrary">
<arg>${AllLeadDrawer}</arg>
<doc>Clicks element identified by ``locator``.</doc>
<msg timestamp="20231019 13:07:02.159" level="INFO">Clicking element 'xpath=(//*[text()='All'])'.</msg>
<status status="PASS" starttime="20231019 13:07:02.157" endtime="20231019 13:07:02.501"/>
</kw>
<kw name="Wait Until Element Is Visible" library="PuppeteerLibrary">
<arg>${Clickidcreate-Lead}</arg>
<arg>${Wait}</arg>
<doc>Waits until ``locator`` element is displayed on web page.</doc>
<status status="PASS" starttime="20231019 13:07:02.501" endtime="20231019 13:07:04.119"/>
</kw>
<kw name="Sleep" library="BuiltIn">
<arg>2s</arg>
<doc>Pauses the test executed for the given time.</doc>
<msg timestamp="20231019 13:07:06.121" level="INFO">Slept 2 seconds</msg>
<status status="PASS" starttime="20231019 13:07:04.119" endtime="20231019 13:07:06.121"/>
</kw>
<kw name="Click Element" library="PuppeteerLibrary">
<arg>${CloseDrawerLead}</arg>
<doc>Clicks element identified by ``locator``.</doc>
<msg timestamp="20231019 13:07:06.123" level="INFO">Clicking element 'xpath=(//*[text()='Close'])[3]'.</msg>
<status status="PASS" starttime="20231019 13:07:06.122" endtime="20231019 13:07:06.205"/>
</kw>
<kw name="Wait Until Element Is Visible" library="PuppeteerLibrary">
<arg>${waitdate}</arg>
<arg>${Wait}</arg>
<doc>Waits until ``locator`` element is displayed on web page.</doc>
<status status="PASS" starttime="20231019 13:07:06.206" endtime="20231019 13:07:06.209"/>
</kw>
<status status="PASS" starttime="20231019 13:07:01.586" endtime="20231019 13:07:06.209"/>
</kw>
<kw name="Pin Lead1" library="Engagement-Page">
<kw name="Go To" library="PuppeteerLibrary">
<arg>url=${BaseURL}/object/lead</arg>
<doc>Navigates the current page to the ``url``</doc>
<msg timestamp="20231019 13:07:06.210" level="INFO">https://beta.connect-x.tech/object/lead</msg>
<status status="PASS" starttime="20231019 13:07:06.210" endtime="20231019 13:07:07.848"/>
</kw>
<kw name="Wait Until Element Is Visible" library="PuppeteerLibrary">
<arg>${ObjectTable}</arg>
<arg>${Wait}</arg>
<doc>Waits until ``locator`` element is displayed on web page.</doc>
<status status="PASS" starttime="20231019 13:07:07.849" endtime="20231019 13:07:10.660"/>
</kw>
<kw name="Click Element" library="PuppeteerLibrary">
<arg>${setFilter}</arg>
<doc>Clicks element identified by ``locator``.</doc>
<msg timestamp="20231019 13:07:10.661" level="INFO">Clicking element 'xpath=((//*[text()='คำสั่งซื้อใหม่']/../../../..//*//*//*//*//*)[3]//..//..)[1]'.</msg>
<status status="PASS" starttime="20231019 13:07:10.660" endtime="20231019 13:07:10.788"/>
</kw>
<kw name="Wait Until Element Is Visible" library="PuppeteerLibrary">
<arg>${FilterManagement}</arg>
<arg>${Wait}</arg>
<doc>Waits until ``locator`` element is displayed on web page.</doc>
<status status="PASS" starttime="20231019 13:07:10.789" endtime="20231019 13:07:10.792"/>
</kw>
<kw name="Click Element" library="PuppeteerLibrary">
<arg>${FilterManagement}</arg>
<doc>Clicks element identified by ``locator``.</doc>
<msg timestamp="20231019 13:07:10.792" level="INFO">Clicking element 'xpath=(//*[text()='การจัดการตัวกรอง']//..)[1]'.</msg>
<status status="PASS" starttime="20231019 13:07:10.792" endtime="20231019 13:07:10.922"/>
</kw>
<kw name="Wait Until Element Is Visible" library="PuppeteerLibrary">
<arg>${3dotAllLead}</arg>
<arg>${Wait}</arg>
<doc>Waits until ``locator`` element is displayed on web page.</doc>
<status status="PASS" starttime="20231019 13:07:10.922" endtime="20231019 13:07:10.926"/>
</kw>
<kw name="Click Element" library="PuppeteerLibrary">
<arg>${PinLeadTest}</arg>
<doc>Clicks element identified by ``locator``.</doc>
<msg timestamp="20231019 13:07:10.926" level="INFO">Clicking element 'xpath=(//*[text()='Lead Test']/../../..//button)[1]'.</msg>
<status status="PASS" starttime="20231019 13:07:10.926" endtime="20231019 13:07:13.673"/>
</kw>
<kw name="Wait Until Element Is Visible" library="PuppeteerLibrary">
<arg>${PinLeadTest}</arg>
<doc>Waits until ``locator`` element is displayed on web page.</doc>
<status status="PASS" starttime="20231019 13:07:13.673" endtime="20231019 13:07:13.676"/>
</kw>
<kw name="Sleep" library="BuiltIn">
<arg>2s</arg>
<doc>Pauses the test executed for the given time.</doc>
<msg timestamp="20231019 13:07:15.677" level="INFO">Slept 2 seconds</msg>
<status status="PASS" starttime="20231019 13:07:13.676" endtime="20231019 13:07:15.677"/>
</kw>
<kw name="Click Button" library="PuppeteerLibrary">
<arg>${CloseDrawerLead}</arg>
<doc>Clicks button identified by ``locator``.</doc>
<msg timestamp="20231019 13:07:15.677" level="INFO">Clicking button 'xpath=(//*[text()='Close'])[3]'.</msg>
<status status="PASS" starttime="20231019 13:07:15.677" endtime="20231019 13:07:15.789"/>
</kw>
<kw name="Wait Until Element Is Visible" library="PuppeteerLibrary">
<arg>${ObjectTable}</arg>
<arg>${Wait}</arg>
<doc>Waits until ``locator`` element is displayed on web page.</doc>
<status status="PASS" starttime="20231019 13:07:15.789" endtime="20231019 13:07:15.813"/>
</kw>
<status status="PASS" starttime="20231019 13:07:06.209" endtime="20231019 13:07:15.813"/>
</kw>
<kw name="Go to Engagement in Facebook" library="Engagement-Page">
<kw name="Go To" library="PuppeteerLibrary">
<arg>${BaseURL}/engagement</arg>
<doc>Navigates the current page to the ``url``</doc>
<msg timestamp="20231019 13:07:15.814" level="INFO">https://beta.connect-x.tech/engagement</msg>
<status status="PASS" starttime="20231019 13:07:15.814" endtime="20231019 13:07:17.163"/>
</kw>
<kw name="Wait Until Element Is Visible" library="PuppeteerLibrary">
<arg>${Goodboi}</arg>
<arg>${Wait}</arg>
<doc>Waits until ``locator`` element is displayed on web page.</doc>
<status status="PASS" starttime="20231019 13:07:17.163" endtime="20231019 13:07:18.510"/>
</kw>
<kw name="Click Element" library="PuppeteerLibrary">
<arg>${Goodboi}</arg>
<doc>Clicks element identified by ``locator``.</doc>
<msg timestamp="20231019 13:07:18.511" level="INFO">Clicking element 'xpath=//*[text()='Good boiii']'.</msg>
<status status="PASS" starttime="20231019 13:07:18.510" endtime="20231019 13:07:18.590"/>
</kw>
<kw name="Wait Until Element Is Visible" library="PuppeteerLibrary">
<arg>${nametanung}</arg>
<arg>${Wait}</arg>
<doc>Waits until ``locator`` element is displayed on web page.</doc>
<status status="PASS" starttime="20231019 13:07:18.590" endtime="20231019 13:07:19.407"/>
</kw>
<kw name="Click Element" library="PuppeteerLibrary">
<arg>${namenop}</arg>
<doc>Clicks element identified by ``locator``.</doc>
<msg timestamp="20231019 13:07:19.408" level="INFO">Clicking element 'xpath=//*[@id="6476044069149141"]'.</msg>
<status status="PASS" starttime="20231019 13:07:19.407" endtime="20231019 13:07:19.575"/>
</kw>
<kw name="Wait Until Element Is Visible" library="PuppeteerLibrary">
<arg>${waitdate}</arg>
<arg>${Wait}</arg>
<doc>Waits until ``locator`` element is displayed on web page.</doc>
<status status="PASS" starttime="20231019 13:07:19.575" endtime="20231019 13:07:19.590"/>
</kw>
<status status="PASS" starttime="20231019 13:07:15.813" endtime="20231019 13:07:19.590"/>
</kw>
<kw name="Drawer All Lead" library="Engagement-Page">
<kw name="Click Element" library="PuppeteerLibrary">
<arg>${ButtonLead}</arg>
<doc>Clicks element identified by ``locator``.</doc>
<msg timestamp="20231019 13:07:19.591" level="INFO">Clicking element 'xpath=//*[@id="lead"]'.</msg>
<status status="PASS" starttime="20231019 13:07:19.591" endtime="20231019 13:07:20.057"/>
</kw>
<kw name="Wait Until Element Is Visible" library="PuppeteerLibrary">
<arg>${Owneragent}</arg>
<arg>${Wait}</arg>
<doc>Waits until ``locator`` element is displayed on web page.</doc>
<status status="PASS" starttime="20231019 13:07:20.057" endtime="20231019 13:07:20.321"/>
</kw>
<kw name="Click Element" library="PuppeteerLibrary">
<arg>${AllLeadDrawer}</arg>
<doc>Clicks element identified by ``locator``.</doc>
<msg timestamp="20231019 13:07:20.321" level="INFO">Clicking element 'xpath=(//*[text()='All'])'.</msg>
<status status="PASS" starttime="20231019 13:07:20.321" endtime="20231019 13:07:20.914"/>
</kw>
<kw name="Wait Until Element Is Visible" library="PuppeteerLibrary">
<arg>${Clickidcreate-Lead}</arg>
<arg>${Wait}</arg>
<doc>Waits until ``locator`` element is displayed on web page.</doc>
<status status="PASS" starttime="20231019 13:07:20.914" endtime="20231019 13:07:22.288"/>
</kw>
<kw name="Sleep" library="BuiltIn">
<arg>2s</arg>
<doc>Pauses the test executed for the given time.</doc>
<msg timestamp="20231019 13:07:24.291" level="INFO">Slept 2 seconds</msg>
<status status="PASS" starttime="20231019 13:07:22.289" endtime="20231019 13:07:24.291"/>
</kw>
<kw name="Click Element" library="PuppeteerLibrary">
<arg>${CloseDrawerLead}</arg>
<doc>Clicks element identified by ``locator``.</doc>
<msg timestamp="20231019 13:07:24.292" level="INFO">Clicking element 'xpath=(//*[text()='Close'])[3]'.</msg>
<status status="PASS" starttime="20231019 13:07:24.292" endtime="20231019 13:07:24.382"/>
</kw>
<kw name="Wait Until Element Is Visible" library="PuppeteerLibrary">
<arg>${waitdate}</arg>
<arg>${Wait}</arg>
<doc>Waits until ``locator`` element is displayed on web page.</doc>
<status status="PASS" starttime="20231019 13:07:24.382" endtime="20231019 13:07:24.386"/>
</kw>
<status status="PASS" starttime="20231019 13:07:19.590" endtime="20231019 13:07:24.386"/>
</kw>
<kw name="Close All Browser" library="PuppeteerLibrary" type="TEARDOWN">
<doc>Close all browser</doc>
<status status="PASS" starttime="20231019 13:07:24.386" endtime="20231019 13:07:24.457"/>
</kw>
<status status="PASS" starttime="20231019 13:06:42.084" endtime="20231019 13:07:24.457"/>
</test>
<test id="s1-t7" name="TC-007 Verify Unpin List view Drawer Lead" line="48">
<kw name="Open Browser and Login" library="Engagement-Page" type="SETUP">
<kw name="Get Variable Value" library="BuiltIn">
<var>${headless}</var>
<arg>${HEADLESS}</arg>
<arg>${False}</arg>
<doc>Returns variable value or ``default`` if the variable does not exist.</doc>
<msg timestamp="20231019 13:07:24.460" level="INFO">${headless} = False</msg>
<status status="PASS" starttime="20231019 13:07:24.458" endtime="20231019 13:07:24.460"/>
</kw>
<kw name="Evaluate" library="BuiltIn">
<var>${options}</var>
<arg>{'args':['--start-maximized'], 'headless': ${headless}}</arg>
<doc>Evaluates the given expression in Python and returns the result.</doc>
<msg timestamp="20231019 13:07:24.461" level="INFO">${options} = {'args': ['--start-maximized'], 'headless': False}</msg>
<status status="PASS" starttime="20231019 13:07:24.460" endtime="20231019 13:07:24.461"/>
</kw>
<kw name="Open Browser" library="PuppeteerLibrary">
<arg>${BaseURL}/login</arg>
<arg>browser=pwchrome</arg>
<arg>options=${options}</arg>
<doc>Opens a new browser instance to the specific ``url``.</doc>
<msg timestamp="20231019 13:07:24.461" level="INFO">https://beta.connect-x.tech/login</msg>
<status status="PASS" starttime="20231019 13:07:24.461" endtime="20231019 13:07:26.989"/>
</kw>
<kw name="Input Text" library="PuppeteerLibrary">
<arg>${Email}</arg>
<arg>${emailOrgAgent3}</arg>
<doc>Types the given text into text field identified by ``locator``.</doc>
<msg timestamp="20231019 13:07:26.989" level="INFO">Typing text 'agent3@conx.tech' into text field 'xpath=//input[@name='email']'.</msg>
<status status="PASS" starttime="20231019 13:07:26.989" endtime="20231019 13:07:27.107"/>
</kw>
<kw name="Input Password" library="PuppeteerLibrary">
<arg>${Password}</arg>
<arg>${PassOrgAgent3}</arg>
<doc>Types the given text into text field same as ``Input Text`` Keyword.</doc>
<msg timestamp="20231019 13:07:27.107" level="INFO">Typing password into text field 'xpath=//input[@name='password']'.</msg>
<status status="PASS" starttime="20231019 13:07:27.107" endtime="20231019 13:07:27.153"/>
</kw>
<kw name="Select Checkbox" library="PuppeteerLibrary">
<arg>${ClickRemember}</arg>
<doc>Select checkbox based on locator</doc>
<msg timestamp="20231019 13:07:27.153" level="INFO">Select checkbox xpath=//input[@type='checkbox'].</msg>
<status status="PASS" starttime="20231019 13:07:27.153" endtime="20231019 13:07:27.205"/>
</kw>
<kw name="Click Element" library="PuppeteerLibrary">
<arg>${Buttonlogin}</arg>
<doc>Clicks element identified by ``locator``.</doc>
<msg timestamp="20231019 13:07:27.206" level="INFO">Clicking element 'xpath=//button[@type='submit']'.</msg>
<status status="PASS" starttime="20231019 13:07:27.206" endtime="20231019 13:07:27.258"/>
</kw>
<kw name="Wait Until Element Is Visible" library="PuppeteerLibrary">
<arg>${Waitlogin}</arg>
<arg>${Wait}</arg>
<doc>Waits until ``locator`` element is displayed on web page.</doc>
<status status="PASS" starttime="20231019 13:07:27.258" endtime="20231019 13:07:39.063"/>
</kw>
<status status="PASS" starttime="20231019 13:07:24.457" endtime="20231019 13:07:39.063"/>
</kw>
<kw name="Pin Lead2" library="Engagement-Page">
<kw name="Go To" library="PuppeteerLibrary">
<arg>url=${BaseURL}/object/lead</arg>
<doc>Navigates the current page to the ``url``</doc>
<msg timestamp="20231019 13:07:39.063" level="INFO">https://beta.connect-x.tech/object/lead</msg>
<status status="PASS" starttime="20231019 13:07:39.063" endtime="20231019 13:07:40.696"/>
</kw>
<kw name="Wait Until Element Is Visible" library="PuppeteerLibrary">
<arg>${ObjectTable}</arg>
<arg>${Wait}</arg>
<doc>Waits until ``locator`` element is displayed on web page.</doc>
<status status="PASS" starttime="20231019 13:07:40.697" endtime="20231019 13:07:44.250"/>
</kw>
<kw name="Click Element" library="PuppeteerLibrary">
<arg>${setFilter}</arg>
<doc>Clicks element identified by ``locator``.</doc>
<msg timestamp="20231019 13:07:44.251" level="INFO">Clicking element 'xpath=((//*[text()='คำสั่งซื้อใหม่']/../../../..//*//*//*//*//*)[3]//..//..)[1]'.</msg>
<status status="PASS" starttime="20231019 13:07:44.250" endtime="20231019 13:07:44.336"/>
</kw>
<kw name="Wait Until Element Is Visible" library="PuppeteerLibrary">
<arg>${FilterManagement}</arg>
<arg>${Wait}</arg>
<doc>Waits until ``locator`` element is displayed on web page.</doc>
<status status="PASS" starttime="20231019 13:07:44.336" endtime="20231019 13:07:44.339"/>
</kw>
<kw name="Click Element" library="PuppeteerLibrary">
<arg>${FilterManagement}</arg>
<doc>Clicks element identified by ``locator``.</doc>
<msg timestamp="20231019 13:07:44.340" level="INFO">Clicking element 'xpath=(//*[text()='การจัดการตัวกรอง']//..)[1]'.</msg>
<status status="PASS" starttime="20231019 13:07:44.339" endtime="20231019 13:07:44.448"/>
</kw>
<kw name="Wait Until Element Is Visible" library="PuppeteerLibrary">
<arg>${3dotAllLead}</arg>
<arg>${Wait}</arg>
<doc>Waits until ``locator`` element is displayed on web page.</doc>
<status status="PASS" starttime="20231019 13:07:44.448" endtime="20231019 13:07:44.451"/>
</kw>
[...]
</test>
<test id="s1-t20" name="TC-020 Verify Delete Lead" line="118">
<kw name="Open Browser and Login" library="Engagement-Page" type="SETUP">
<kw name="Get Variable Value" library="BuiltIn">
<var>${headless}</var>
<arg>${HEADLESS}</arg>
<arg>${False}</arg>
<doc>Returns variable value or ``default`` if the variable does not exist.</doc>
<msg timestamp="20231019 13:14:08.666" level="INFO">${headless} = False</msg>
<status status="PASS" starttime="20231019 13:14:08.663" endtime="20231019 13:14:08.666"/>
</kw>
<kw name="Evaluate" library="BuiltIn">
<var>${options}</var>
<arg>{'args':['--start-maximized'], 'headless': ${headless}}</arg>
<doc>Evaluates the given expression in Python and returns the result.</doc>
<msg timestamp="20231019 13:14:08.666" level="INFO">${options} = {'args': ['--start-maximized'], 'headless': False}</msg>
<status status="PASS" starttime="20231019 13:14:08.666" endtime="20231019 13:14:08.666"/>
</kw>
<kw name="Open Browser" library="PuppeteerLibrary">
<arg>${BaseURL}/login</arg>
<arg>browser=pwchrome</arg>
<arg>options=${options}</arg>
<doc>Opens a new browser instance to the specific ``url``.</doc>
<msg timestamp="20231019 13:14:08.667" level="INFO">https://beta.connect-x.tech/login</msg>
<status status="PASS" starttime="20231019 13:14:08.666" endtime="20231019 13:14:11.158"/>
</kw>
<kw name="Input Text" library="PuppeteerLibrary">
<arg>${Email}</arg>
<arg>${emailOrgAgent3}</arg>
<doc>Types the given text into text field identified by ``locator``.</doc>
<msg timestamp="20231019 13:14:11.158" level="INFO">Typing text 'agent3@conx.tech' into text field 'xpath=//input[@name='email']'.</msg>
<status status="PASS" starttime="20231019 13:14:11.158" endtime="20231019 13:14:11.274"/>
</kw>
<kw name="Input Password" library="PuppeteerLibrary">
<arg>${Password}</arg>
<arg>${PassOrgAgent3}</arg>
<doc>Types the given text into text field same as ``Input Text`` Keyword.</doc>
<msg timestamp="20231019 13:14:11.275" level="INFO">Typing password into text field 'xpath=//input[@name='password']'.</msg>
<status status="PASS" starttime="20231019 13:14:11.274" endtime="20231019 13:14:11.337"/>
</kw>
<kw name="Select Checkbox" library="PuppeteerLibrary">
<arg>${ClickRemember}</arg>
<doc>Select checkbox based on locator</doc>
<msg timestamp="20231019 13:14:11.337" level="INFO">Select checkbox xpath=//input[@type='checkbox'].</msg>
<status status="PASS" starttime="20231019 13:14:11.337" endtime="20231019 13:14:11.383"/>
</kw>
<kw name="Click Element" library="PuppeteerLibrary">
<arg>${Buttonlogin}</arg>
<doc>Clicks element identified by ``locator``.</doc>
<msg timestamp="20231019 13:14:11.384" level="INFO">Clicking element 'xpath=//button[@type='submit']'.</msg>
<status status="PASS" starttime="20231019 13:14:11.383" endtime="20231019 13:14:11.425"/>
</kw>
<kw name="Wait Until Element Is Visible" library="PuppeteerLibrary">
<arg>${Waitlogin}</arg>
<arg>${Wait}</arg>
<doc>Waits until ``locator`` element is displayed on web page.</doc>
<status status="PASS" starttime="20231019 13:14:11.425" endtime="20231019 13:14:23.076"/>
</kw>
<status status="PASS" starttime="20231019 13:14:08.663" endtime="20231019 13:14:23.076"/>
</kw>
<kw name="Go to Engagement in Facebook" library="Engagement-Page">
<kw name="Go To" library="PuppeteerLibrary">
<arg>${BaseURL}/engagement</arg>
<doc>Navigates the current page to the ``url``</doc>
<msg timestamp="20231019 13:14:23.077" level="INFO">https://beta.connect-x.tech/engagement</msg>
<status status="PASS" starttime="20231019 13:14:23.077" endtime="20231019 13:14:24.762"/>
</kw>
<kw name="Wait Until Element Is Visible" library="PuppeteerLibrary">
<arg>${Goodboi}</arg>
<arg>${Wait}</arg>
<doc>Waits until ``locator`` element is displayed on web page.</doc>
<status status="PASS" starttime="20231019 13:14:24.762" endtime="20231019 13:14:27.301"/>
</kw>
<kw name="Click Element" library="PuppeteerLibrary">
<arg>${Goodboi}</arg>
<doc>Clicks element identified by ``locator``.</doc>
<msg timestamp="20231019 13:14:27.301" level="INFO">Clicking element 'xpath=//*[text()='Good boiii']'.</msg>
<status status="PASS" starttime="20231019 13:14:27.301" endtime="20231019 13:14:27.370"/>
</kw>
<kw name="Wait Until Element Is Visible" library="PuppeteerLibrary">
<arg>${nametanung}</arg>
<arg>${Wait}</arg>
<doc>Waits until ``locator`` element is displayed on web page.</doc>
<status status="PASS" starttime="20231019 13:14:27.370" endtime="20231019 13:14:28.148"/>
</kw>
<kw name="Click Element" library="PuppeteerLibrary">
<arg>${namenop}</arg>
<doc>Clicks element identified by ``locator``.</doc>
<msg timestamp="20231019 13:14:28.149" level="INFO">Clicking element 'xpath=//*[@id="6476044069149141"]'.</msg>
<status status="PASS" starttime="20231019 13:14:28.148" endtime="20231019 13:14:28.225"/>
</kw>
<kw name="Wait Until Element Is Visible" library="PuppeteerLibrary">
<arg>${waitdate}</arg>
<arg>${Wait}</arg>
<doc>Waits until ``locator`` element is displayed on web page.</doc>
<status status="PASS" starttime="20231019 13:14:28.226" endtime="20231019 13:14:28.258"/>
</kw>
<status status="PASS" starttime="20231019 13:14:23.077" endtime="20231019 13:14:28.258"/>
</kw>
<kw name="Drawer Listview Delete from page Create Engagement Lead" library="Engagement-Page">
<kw name="Click Element" library="PuppeteerLibrary">
<arg>${ButtonLead}</arg>
<doc>Clicks element identified by ``locator``.</doc>
<msg timestamp="20231019 13:14:28.258" level="INFO">Clicking element 'xpath=//*[@id="lead"]'.</msg>
<status status="PASS" starttime="20231019 13:14:28.258" endtime="20231019 13:14:28.817"/>
</kw>
<kw name="Wait Until Element Is Visible" library="PuppeteerLibrary">
<arg>${Owneragent}</arg>
<arg>${Wait}</arg>
<doc>Waits until ``locator`` element is displayed on web page.</doc>
<status status="PASS" starttime="20231019 13:14:28.817" endtime="20231019 13:14:28.833"/>
</kw>
<kw name="Click Element" library="PuppeteerLibrary">
<arg>${AllLeadDrawer}</arg>
<doc>Clicks element identified by ``locator``.</doc>
<msg timestamp="20231019 13:14:28.834" level="INFO">Clicking element 'xpath=(//*[text()='All'])'.</msg>
<status status="PASS" starttime="20231019 13:14:28.834" endtime="20231019 13:14:29.441"/>
</kw>
<kw name="Wait Until Element Is Visible" library="PuppeteerLibrary">
<arg>${Clickidcreate-Lead}</arg>
<arg>${Wait}</arg>
<doc>Waits until ``locator`` element is displayed on web page.</doc>
<status status="PASS" starttime="20231019 13:14:29.441" endtime="20231019 13:14:31.331"/>
</kw>
<kw name="Sleep" library="BuiltIn">
<arg>2s</arg>
<doc>Pauses the test executed for the given time.</doc>
<msg timestamp="20231019 13:14:33.333" level="INFO">Slept 2 seconds</msg>
<status status="PASS" starttime="20231019 13:14:31.331" endtime="20231019 13:14:33.333"/>
</kw>
<kw name="Click Element" library="PuppeteerLibrary">
<arg>${DrawerLeadCreate}</arg>
<doc>Clicks element identified by ``locator``.</doc>
<msg timestamp="20231019 13:14:33.334" level="INFO">Clicking element 'xpath=(//*[@id="create-lead"]//*[contains(text(),'LD-')])[1]/../../../..//*[local-name()="svg"]//*'.</msg>
<status status="PASS" starttime="20231019 13:14:33.333" endtime="20231019 13:14:33.528"/>
</kw>
<kw name="Wait Until Element Is Visible" library="PuppeteerLibrary">
<arg>${ClickDelete}</arg>
<arg>${Wait}</arg>
<doc>Waits until ``locator`` element is displayed on web page.</doc>
<status status="PASS" starttime="20231019 13:14:33.529" endtime="20231019 13:14:33.533"/>
</kw>
<kw name="Click Element" library="PuppeteerLibrary">
<arg>${ClickDelete}</arg>
<doc>Clicks element identified by ``locator``.</doc>
<msg timestamp="20231019 13:14:33.533" level="INFO">Clicking element 'xpath=(//*[text()='ลบ']//..)[1]'.</msg>
<status status="PASS" starttime="20231019 13:14:33.533" endtime="20231019 13:14:33.758"/>
</kw>
<kw name="Wait Until Element Is Visible" library="PuppeteerLibrary">
<arg>${BannerDelete}</arg>
<arg>${Wait}</arg>
<doc>Waits until ``locator`` element is displayed on web page.</doc>
<status status="PASS" starttime="20231019 13:14:33.758" endtime="20231019 13:14:33.766"/>
</kw>
<kw name="Click Element" library="PuppeteerLibrary">
<arg>${Clickconfirm}</arg>
<doc>Clicks element identified by ``locator``.</doc>
<msg timestamp="20231019 13:14:33.766" level="INFO">Clicking element 'xpath=(//*[text()='ยืนยัน']//..)[1]'.</msg>
<status status="PASS" starttime="20231019 13:14:33.766" endtime="20231019 13:14:34.679"/>
</kw>
<kw name="Wait Until Element Is Visible" library="PuppeteerLibrary">
<arg>${WaitSucces}</arg>
<arg>${Wait}</arg>
<doc>Waits until ``locator`` element is displayed on web page.</doc>
<status status="PASS" starttime="20231019 13:14:34.679" endtime="20231019 13:14:37.005"/>
</kw>
<kw name="Sleep" library="BuiltIn">
<arg>2s</arg>
<doc>Pauses the test executed for the given time.</doc>
<msg timestamp="20231019 13:14:39.008" level="INFO">Slept 2 seconds</msg>
<status status="PASS" starttime="20231019 13:14:37.005" endtime="20231019 13:14:39.008"/>
</kw>
<status status="PASS" starttime="20231019 13:14:28.258" endtime="20231019 13:14:39.009"/>
</kw>
<kw name="Close All Browser" library="PuppeteerLibrary" type="TEARDOWN">
<doc>Close all browser</doc>
<status status="PASS" starttime="20231019 13:14:39.010" endtime="20231019 13:14:39.104"/>
</kw>
<status status="PASS" starttime="20231019 13:14:08.663" endtime="20231019 13:14:39.104"/>
</test>
<test id="s1-t21" name="TC-021 Verify Duppicate Lead" line="122">
<kw name="Open Browser and Login" library="Engagement-Page" type="SETUP">
<kw name="Get Variable Value" library="BuiltIn">
<var>${headless}</var>
<arg>${HEADLESS}</arg>
<arg>${False}</arg>
<doc>Returns variable value or ``default`` if the variable does not exist.</doc>
<msg timestamp="20231019 13:14:39.108" level="INFO">${headless} = False</msg>
<status status="PASS" starttime="20231019 13:14:39.105" endtime="20231019 13:14:39.108"/>
</kw>
<kw name="Evaluate" library="BuiltIn">
<var>${options}</var>
<arg>{'args':['--start-maximized'], 'headless': ${headless}}</arg>
<doc>Evaluates the given expression in Python and returns the result.</doc>
<msg timestamp="20231019 13:14:39.108" level="INFO">${options} = {'args': ['--start-maximized'], 'headless': False}</msg>
<status status="PASS" starttime="20231019 13:14:39.108" endtime="20231019 13:14:39.108"/>
</kw>
<kw name="Open Browser" library="PuppeteerLibrary">
<arg>${BaseURL}/login</arg>
<arg>browser=pwchrome</arg>
<arg>options=${options}</arg>
<doc>Opens a new browser instance to the specific ``url``.</doc>
<msg timestamp="20231019 13:14:39.108" level="INFO">https://beta.connect-x.tech/login</msg>
<status status="PASS" starttime="20231019 13:14:39.108" endtime="20231019 13:14:41.593"/>
</kw>
<kw name="Input Text" library="PuppeteerLibrary">
<arg>${Email}</arg>
<arg>${emailOrgAgent3}</arg>
<doc>Types the given text into text field identified by ``locator``.</doc>
<msg timestamp="20231019 13:14:41.594" level="INFO">Typing text 'agent3@conx.tech' into text field 'xpath=//input[@name='email']'.</msg>
<status status="PASS" starttime="20231019 13:14:41.594" endtime="20231019 13:14:41.700"/>
</kw>
<kw name="Input Password" library="PuppeteerLibrary">
<arg>${Password}</arg>
<arg>${PassOrgAgent3}</arg>
<doc>Types the given text into text field same as ``Input Text`` Keyword.</doc>
<msg timestamp="20231019 13:14:41.701" level="INFO">Typing password into text field 'xpath=//input[@name='password']'.</msg>
<status status="PASS" starttime="20231019 13:14:41.700" endtime="20231019 13:14:41.753"/>
</kw>
<kw name="Select Checkbox" library="PuppeteerLibrary">
<arg>${ClickRemember}</arg>
<doc>Select checkbox based on locator</doc>
<msg timestamp="20231019 13:14:41.753" level="INFO">Select checkbox xpath=//input[@type='checkbox'].</msg>
<status status="PASS" starttime="20231019 13:14:41.753" endtime="20231019 13:14:41.804"/>
</kw>
<kw name="Click Element" library="PuppeteerLibrary">
<arg>${Buttonlogin}</arg>
<doc>Clicks element identified by ``locator``.</doc>
<msg timestamp="20231019 13:14:41.804" level="INFO">Clicking element 'xpath=//button[@type='submit']'.</msg>
<status status="PASS" starttime="20231019 13:14:41.804" endtime="20231019 13:14:41.839"/>
</kw>
<kw name="Wait Until Element Is Visible" library="PuppeteerLibrary">
<arg>${Waitlogin}</arg>
<arg>${Wait}</arg>
<doc>Waits until ``locator`` element is displayed on web page.</doc>
<status status="PASS" starttime="20231019 13:14:41.839" endtime="20231019 13:14:54.166"/>
</kw>
<status status="PASS" starttime="20231019 13:14:39.105" endtime="20231019 13:14:54.166"/>
</kw>
<kw name="Go to Engagement in Facebook" library="Engagement-Page">
<kw name="Go To" library="PuppeteerLibrary">
<arg>${BaseURL}/engagement</arg>
<doc>Navigates the current page to the ``url``</doc>
<msg timestamp="20231019 13:14:54.166" level="INFO">https://beta.connect-x.tech/engagement</msg>
<status status="PASS" starttime="20231019 13:14:54.166" endtime="20231019 13:14:55.801"/>
</kw>
<kw name="Wait Until Element Is Visible" library="PuppeteerLibrary">
<arg>${Goodboi}</arg>
<arg>${Wait}</arg>
<doc>Waits until ``locator`` element is displayed on web page.</doc>
<status status="PASS" starttime="20231019 13:14:55.802" endtime="20231019 13:14:57.576"/>
</kw>
<kw name="Click Element" library="PuppeteerLibrary">
<arg>${Goodboi}</arg>
<doc>Clicks element identified by ``locator``.</doc>
<msg timestamp="20231019 13:14:57.577" level="INFO">Clicking element 'xpath=//*[text()='Good boiii']'.</msg>
<status status="PASS" starttime="20231019 13:14:57.576" endtime="20231019 13:14:57.627"/>
</kw>
<kw name="Wait Until Element Is Visible" library="PuppeteerLibrary">
<arg>${nametanung}</arg>
<arg>${Wait}</arg>
<doc>Waits until ``locator`` element is displayed on web page.</doc>
<status status="PASS" starttime="20231019 13:14:57.627" endtime="20231019 13:14:58.396"/>
</kw>
<kw name="Click Element" library="PuppeteerLibrary">
<arg>${namenop}</arg>
<doc>Clicks element identified by ``locator``.</doc>
<msg timestamp="20231019 13:14:58.396" level="INFO">Clicking element 'xpath=//*[@id="6476044069149141"]'.</msg>
<status status="PASS" starttime="20231019 13:14:58.396" endtime="20231019 13:14:58.495"/>
</kw>
<kw name="Wait Until Element Is Visible" library="PuppeteerLibrary">
<arg>${waitdate}</arg>
<arg>${Wait}</arg>
<doc>Waits until ``locator`` element is displayed on web page.</doc>
<status status="PASS" starttime="20231019 13:14:58.495" endtime="20231019 13:14:58.503"/>
</kw>
<status status="PASS" starttime="20231019 13:14:54.166" endtime="20231019 13:14:58.503"/>
</kw>
<kw name="Drawer Listview duplicate from page Create Engagement Lead" library="Engagement-Page">
<kw name="Click Element" library="PuppeteerLibrary">
<arg>${ButtonLead}</arg>
<doc>Clicks element identified by ``locator``.</doc>
<msg timestamp="20231019 13:14:58.505" level="INFO">Clicking element 'xpath=//*[@id="lead"]'.</msg>
<status status="PASS" starttime="20231019 13:14:58.504" endtime="20231019 13:14:58.635"/>
</kw>
<kw name="Wait Until Element Is Visible" library="PuppeteerLibrary">
<arg>${Owneragent}</arg>
<arg>${Wait}</arg>
<doc>Waits until ``locator`` element is displayed on web page.</doc>
<status status="PASS" starttime="20231019 13:14:58.636" endtime="20231019 13:14:58.994"/>
</kw>
<kw name="Click Element" library="PuppeteerLibrary">
<arg>${AllLeadDrawer}</arg>
<doc>Clicks element identified by ``locator``.</doc>
<msg timestamp="20231019 13:14:58.994" level="INFO">Clicking element 'xpath=(//*[text()='All'])'.</msg>
<status status="PASS" starttime="20231019 13:14:58.994" endtime="20231019 13:14:59.239"/>
</kw>
<kw name="Wait Until Element Is Visible" library="PuppeteerLibrary">
<arg>${Clickidcreate-Lead}</arg>
<arg>${Wait}</arg>
<doc>Waits until ``locator`` element is displayed on web page.</doc>
<status status="PASS" starttime="20231019 13:14:59.239" endtime="20231019 13:15:01.099"/>
</kw>
<kw name="Sleep" library="BuiltIn">
<arg>2s</arg>
<doc>Pauses the test executed for the given time.</doc>
<msg timestamp="20231019 13:15:03.100" level="INFO">Slept 2 seconds</msg>
<status status="PASS" starttime="20231019 13:15:01.099" endtime="20231019 13:15:03.101"/>
</kw>
<kw name="Click Element" library="PuppeteerLibrary">
<arg>${DrawerLeadCreate}</arg>
<doc>Clicks element identified by ``locator``.</doc>
<msg timestamp="20231019 13:15:03.101" level="INFO">Clicking element 'xpath=(//*[@id="create-lead"]//*[contains(text(),'LD-')])[1]/../../../..//*[local-name()="svg"]//*'.</msg>
<status status="PASS" starttime="20231019 13:15:03.101" endtime="20231019 13:15:03.300"/>
</kw>
<kw name="Wait Until Element Is Visible" library="PuppeteerLibrary">
<arg>${ClickDuplicate}</arg>
<arg>${Wait}</arg>
<doc>Waits until ``locator`` element is displayed on web page.</doc>
<status status="PASS" starttime="20231019 13:15:03.300" endtime="20231019 13:15:03.303"/>
</kw>
<kw name="Click Element" library="PuppeteerLibrary">
<arg>${ClickDuplicate}</arg>
<doc>Clicks element identified by ``locator``.</doc>
<msg timestamp="20231019 13:15:03.304" level="INFO">Clicking element 'xpath=//*[text()="ทำสำเนา"]/..'.</msg>
<status status="PASS" starttime="20231019 13:15:03.304" endtime="20231019 13:15:03.453"/>
</kw>
<kw name="Wait Until Element Is Visible" library="PuppeteerLibrary">
<arg>${ButtonSaveLead}</arg>
<arg>${Wait}</arg>
<doc>Waits until ``locator`` element is displayed on web page.</doc>
<status status="PASS" starttime="20231019 13:15:03.453" endtime="20231019 13:15:03.477"/>
</kw>
<kw name="Sleep" library="BuiltIn">
<arg>1s</arg>
<doc>Pauses the test executed for the given time.</doc>
<msg timestamp="20231019 13:15:04.478" level="INFO">Slept 1 second</msg>
<status status="PASS" starttime="20231019 13:15:03.478" endtime="20231019 13:15:04.478"/>
</kw>
<kw name="Click Element" library="PuppeteerLibrary">
<arg>${ButtonSaveLead}</arg>
<doc>Clicks element identified by ``locator``.</doc>
<msg timestamp="20231019 13:15:04.479" level="INFO">Clicking element 'xpath=(//*[text()='Save'])[3]/..'.</msg>
<status status="PASS" starttime="20231019 13:15:04.479" endtime="20231019 13:15:04.856"/>
</kw>
<kw name="Wait Until Element Is Visible" library="PuppeteerLibrary">
<arg>${WaitSucces}</arg>
<arg>${Wait}</arg>
<doc>Waits until ``locator`` element is displayed on web page.</doc>
<status status="PASS" starttime="20231019 13:15:04.857" endtime="20231019 13:15:06.204"/>
</kw>
<kw name="Sleep" library="BuiltIn">
<arg>2s</arg>
<doc>Pauses the test executed for the given time.</doc>
<msg timestamp="20231019 13:15:08.205" level="INFO">Slept 2 seconds</msg>
<status status="PASS" starttime="20231019 13:15:06.204" endtime="20231019 13:15:08.206"/>
</kw>
<kw name="Click Element" library="PuppeteerLibrary">
<arg>${Cross}</arg>
<doc>Clicks element identified by ``locator``.</doc>
<msg timestamp="20231019 13:15:08.207" level="INFO">Clicking element 'xpath=(//*[text()='Success']//..//..//..//*[local-name()="svg"])[2]//*'.</msg>
<status status="PASS" starttime="20231019 13:15:08.206" endtime="20231019 13:15:08.266"/>
</kw>
<kw name="Wait Until Element Is Visible" library="PuppeteerLibrary">
<arg>${waitdate}</arg>
<arg>${Wait}</arg>
<doc>Waits until ``locator`` element is displayed on web page.</doc>
<status status="PASS" starttime="20231019 13:15:08.266" endtime="20231019 13:15:08.271"/>
</kw>
<status status="PASS" starttime="20231019 13:14:58.504" endtime="20231019 13:15:08.271"/>
</kw>
<kw name="Close All Browser" library="PuppeteerLibrary" type="TEARDOWN">
<doc>Close all browser</doc>
<status status="PASS" starttime="20231019 13:15:08.272" endtime="20231019 13:15:08.343"/>
</kw>
<status status="PASS" starttime="20231019 13:14:39.104" endtime="20231019 13:15:08.343"/>
</test>
<status status="PASS" starttime="20231019 13:04:03.764" endtime="20231019 13:15:08.344"/>
</suite>
<statistics>
<total>
<stat pass="21" fail="0" skip="0">All Tests</stat>
</total>
<tag>
</tag>
<suite>
<stat pass="21" fail="0" skip="0" id="s1" name="Engagement-Page">Engagement-Page</stat>
</suite>
</statistics>
<errors>
</errors>
</robot>
