<?xml version="1.0" encoding="UTF-8"?>
<robot generator="Robot 6.1 (Python 3.8.10 on darwin)" generated="20230928 17:50:02.957" rpa="false" schemaversion="4">
<suite id="s1" name="Suites">
<suite id="s1-s1" name="TicketRevamp-Page" source="/Users/noppadon/Desktop/Testrobot/connectrobot/TicketRevamp-Page.robot">
<test id="s1-s1-t1" name="TC-001 Verify Ui Create Leed" line="18">
<kw name="Open Browser and Login" library="TicketRevamp-Page" type="SETUP">
<kw name="Get Variable Value" library="BuiltIn">
<var>${headless}</var>
<arg>${HEADLESS}</arg>
<arg>${False}</arg>
<doc>Returns variable value or ``default`` if the variable does not exist.</doc>
<msg timestamp="20230928 17:50:03.127" level="INFO">${headless} = False</msg>
<status status="PASS" starttime="20230928 17:50:03.125" endtime="20230928 17:50:03.127"/>
</kw>
<kw name="Evaluate" library="BuiltIn">
<var>${options}</var>
<arg>{'args':['--start-maximized'], 'headless': ${headless}}</arg>
<doc>Evaluates the given expression in Python and returns the result.</doc>
<msg timestamp="20230928 17:50:03.128" level="INFO">${options} = {'args': ['--start-maximized'], 'headless': False}</msg>
<status status="PASS" starttime="20230928 17:50:03.128" endtime="20230928 17:50:03.128"/>
</kw>
<kw name="Open Browser" library="PuppeteerLibrary">
<arg>${BaseURL}/login</arg>
<arg>browser=pwchrome</arg>
<arg>options=${options}</arg>
<doc>Opens a new browser instance to the specific ``url``.</doc>
<msg timestamp="20230928 17:50:03.128" level="INFO">https://beta.connect-x.tech/login</msg>
<status status="PASS" starttime="20230928 17:50:03.128" endtime="20230928 17:50:09.487"/>
</kw>
<kw name="Input Text" library="PuppeteerLibrary">
<arg>${Email}</arg>
<arg>${emailOrgAgent3}</arg>
<doc>Types the given text into text field identified by ``locator``.</doc>
<msg timestamp="20230928 17:50:09.488" level="INFO">Typing text 'agent3@conx.tech' into text field 'xpath=//input[@name='email']'.</msg>
<status status="PASS" starttime="20230928 17:50:09.488" endtime="20230928 17:50:09.578"/>
</kw>
<kw name="Input Password" library="PuppeteerLibrary">
<arg>${Password}</arg>
<arg>${PassOrgAgent3}</arg>
<doc>Types the given text into text field same as ``Input Text`` Keyword.</doc>
<msg timestamp="20230928 17:50:09.578" level="INFO">Typing password into text field 'xpath=//input[@name='password']'.</msg>
<status status="PASS" starttime="20230928 17:50:09.578" endtime="20230928 17:50:09.644"/>
</kw>
<kw name="Select Checkbox" library="PuppeteerLibrary">
<arg>${ClickRemember}</arg>
<doc>Select checkbox based on locator</doc>
<msg timestamp="20230928 17:50:09.645" level="INFO">Select checkbox xpath=//input[@type='checkbox'].</msg>
<status status="PASS" starttime="20230928 17:50:09.645" endtime="20230928 17:50:09.705"/>
</kw>
<kw name="Click Element" library="PuppeteerLibrary">
<arg>${Buttonlogin}</arg>
<doc>Clicks element identified by ``locator``.</doc>
<msg timestamp="20230928 17:50:09.705" level="INFO">Clicking element 'xpath=//button[@type='submit']'.</msg>
<status status="PASS" starttime="20230928 17:50:09.705" endtime="20230928 17:50:09.768"/>
</kw>
<kw name="Wait Until Element Is Visible" library="PuppeteerLibrary">
<arg>${Waitlogin}</arg>
<arg>${Wait}</arg>
<doc>Waits until ``locator`` element is displayed on web page.</doc>
<status status="PASS" starttime="20230928 17:50:09.768" endtime="20230928 17:50:25.151"/>
</kw>
<status status="PASS" starttime="20230928 17:50:03.125" endtime="20230928 17:50:25.151"/>
</kw>
<kw name="Go to ticketRevamp in Facebook" library="TicketRevamp-Page">
<kw name="Go To" library="PuppeteerLibrary">
<arg>${BaseURL}/ticketRevamp?ticketId=UJe9Dh8TEr0WNltR3Dwg</arg>
<doc>Navigates the current page to the ``url``</doc>
<msg timestamp="20230928 17:50:25.151" level="INFO">https://beta.connect-x.tech/ticketRevamp?ticketId=UJe9Dh8TEr0WNltR3Dwg</msg>
<status status="PASS" starttime="20230928 17:50:25.151" endtime="20230928 17:50:27.788"/>
</kw>
<kw name="Wait Until Element Is Visible" library="PuppeteerLibrary">
<arg>${WaitTicket}</arg>
<arg>${Wait}</arg>
<doc>Waits until ``locator`` element is displayed on web page.</doc>
<status status="PASS" starttime="20230928 17:50:27.788" endtime="20230928 17:50:31.855"/>
</kw>
<status status="PASS" starttime="20230928 17:50:25.151" endtime="20230928 17:50:31.855"/>
</kw>
<kw name="Drawer ticketRevamp Create Lead" library="TicketRevamp-Page">
<kw name="Click Element" library="PuppeteerLibrary">
<arg>${ButtonLead}</arg>
<doc>Clicks element identified by ``locator``.</doc>
<msg timestamp="20230928 17:50:31.856" level="INFO">Clicking element 'xpath=(//*[text()='Lead'])/../..'.</msg>
<status status="PASS" starttime="20230928 17:50:31.855" endtime="20230928 17:50:31.908"/>
</kw>
<kw name="Wait Until Element Is Visible" library="PuppeteerLibrary">
<arg>${Owneragent}</arg>
<arg>${Wait}</arg>
<doc>Waits until ``locator`` element is displayed on web page.</doc>
<status status="PASS" starttime="20230928 17:50:31.908" endtime="20230928 17:50:31.911"/>
</kw>
<kw name="Click Element" library="PuppeteerLibrary">
<arg>${clickcreatelead}</arg>
<doc>Clicks element identified by ``locator``.</doc>
<msg timestamp="20230928 17:50:31.912" level="INFO">Clicking element 'xpath=//*[text()='+ Create Lead']'.</msg>
<status status="PASS" starttime="20230928 17:50:31.912" endtime="20230928 17:50:32.207"/>
</kw>
<kw name="Wait Until Element Is Visible" library="PuppeteerLibrary">
<arg>${waitleadNo}</arg>
<arg>${Wait}</arg>
<doc>Waits until ``locator`` element is displayed on web page.</doc>
<status status="PASS" starttime="20230928 17:50:32.207" endtime="20230928 17:50:33.785"/>
</kw>
<status status="PASS" starttime="20230928 17:50:31.855" endtime="20230928 17:50:33.785"/>
</kw>
<kw name="Close All Browser" library="PuppeteerLibrary" type="TEARDOWN">
<doc>Close all browser</doc>
<status status="PASS" starttime="20230928 17:50:33.785" endtime="20230928 17:50:33.848"/>
</kw>
<status status="PASS" starttime="20230928 17:50:03.124" endtime="20230928 17:50:33.848"/>
</test>
<test id="s1-s1-t2" name="TC-002 Verify Ui List view in Create Lead" line="22">
<kw name="Open Browser and Login" library="TicketRevamp-Page" type="SETUP">
<kw name="Get Variable Value" library="BuiltIn">
<var>${headless}</var>
<arg>${HEADLESS}</arg>
<arg>${False}</arg>
<doc>Returns variable value or ``default`` if the variable does not exist.</doc>
<msg timestamp="20230928 17:50:33.852" level="INFO">${headless} = False</msg>
<status status="PASS" starttime="20230928 17:50:33.849" endtime="20230928 17:50:33.852"/>
</kw>
<kw name="Evaluate" library="BuiltIn">
<var>${options}</var>
<arg>{'args':['--start-maximized'], 'headless': ${headless}}</arg>
<doc>Evaluates the given expression in Python and returns the result.</doc>
<msg timestamp="20230928 17:50:33.852" level="INFO">${options} = {'args': ['--start-maximized'], 'headless': False}</msg>
<status status="PASS" starttime="20230928 17:50:33.852" endtime="20230928 17:50:33.852"/>
</kw>
<kw name="Open Browser" library="PuppeteerLibrary">
<arg>${BaseURL}/login</arg>
<arg>browser=pwchrome</arg>
<arg>options=${options}</arg>
<doc>Opens a new browser instance to the specific ``url``.</doc>
<msg timestamp="20230928 17:50:33.852" level="INFO">https://beta.connect-x.tech/login</msg>
<status status="PASS" starttime="20230928 17:50:33.852" endtime="20230928 17:50:37.104"/>
</kw>
<kw name="Input Text" library="PuppeteerLibrary">
<arg>${Email}</arg>
<arg>${emailOrgAgent3}</arg>
<doc>Types the given text into text field identified by ``locator``.</doc>
<msg timestamp="20230928 17:50:37.105" level="INFO">Typing text 'agent3@conx.tech' into text field 'xpath=//input[@name='email']'.</msg>
<status status="PASS" starttime="20230928 17:50:37.105" endtime="20230928 17:50:37.189"/>
</kw>
<kw name="Input Password" library="PuppeteerLibrary">
<arg>${Password}</arg>
<arg>${PassOrgAgent3}</arg>
<doc>Types the given text into text field same as ``Input Text`` Keyword.</doc>
<msg timestamp="20230928 17:50:37.189" level="INFO">Typing password into text field 'xpath=//input[@name='password']'.</msg>
<status status="PASS" starttime="20230928 17:50:37.189" endtime="20230928 17:50:37.240"/>
</kw>
<kw name="Select Checkbox" library="PuppeteerLibrary">
<arg>${ClickRemember}</arg>
<doc>Select checkbox based on locator</doc>
<msg timestamp="20230928 17:50:37.240" level="INFO">Select checkbox xpath=//input[@type='checkbox'].</msg>
<status status="PASS" starttime="20230928 17:50:37.240" endtime="20230928 17:50:37.287"/>
</kw>
<kw name="Click Element" library="PuppeteerLibrary">
<arg>${Buttonlogin}</arg>
<doc>Clicks element identified by ``locator``.</doc>
<msg timestamp="20230928 17:50:37.288" level="INFO">Clicking element 'xpath=//button[@type='submit']'.</msg>
<status status="PASS" starttime="20230928 17:50:37.287" endtime="20230928 17:50:37.328"/>
</kw>
<kw name="Wait Until Element Is Visible" library="PuppeteerLibrary">
<arg>${Waitlogin}</arg>
<arg>${Wait}</arg>
<doc>Waits until ``locator`` element is displayed on web page.</doc>
<status status="PASS" starttime="20230928 17:50:37.329" endtime="20230928 17:50:49.465"/>
</kw>
<status status="PASS" starttime="20230928 17:50:33.849" endtime="20230928 17:50:49.465"/>
</kw>
<kw name="Go to ticketRevamp in Facebook" library="TicketRevamp-Page">
<kw name="Go To" library="PuppeteerLibrary">
<arg>${BaseURL}/ticketRevamp?ticketId=UJe9Dh8TEr0WNltR3Dwg</arg>
<doc>Navigates the current page to the ``url``</doc>
<msg timestamp="20230928 17:50:49.465" level="INFO">https://beta.connect-x.tech/ticketRevamp?ticketId=UJe9Dh8TEr0WNltR3Dwg</msg>
<status status="PASS" starttime="20230928 17:50:49.465" endtime="20230928 17:50:50.997"/>
</kw>
<kw name="Wait Until Element Is Visible" library="PuppeteerLibrary">
<arg>${WaitTicket}</arg>
<arg>${Wait}</arg>
<doc>Waits until ``locator`` element is displayed on web page.</doc>
<status status="PASS" starttime="20230928 17:50:50.997" endtime="20230928 17:50:54.293"/>
</kw>
<status status="PASS" starttime="20230928 17:50:49.465" endtime="20230928 17:50:54.294"/>
</kw>
<kw name="List view Lead from page create Lead" library="TicketRevamp-Page">
<kw name="Click Element" library="PuppeteerLibrary">
<arg>${ButtonLead}</arg>
<doc>Clicks element identified by ``locator``.</doc>
<msg timestamp="20230928 17:50:54.294" level="INFO">Clicking element 'xpath=(//*[text()='Lead'])/../..'.</msg>
<status status="PASS" starttime="20230928 17:50:54.294" endtime="20230928 17:50:54.371"/>
</kw>
<kw name="Wait Until Element Is Visible" library="PuppeteerLibrary">
<arg>${Owneragent}</arg>
<arg>${Wait}</arg>
<doc>Waits until ``locator`` element is displayed on web page.</doc>
<status status="PASS" starttime="20230928 17:50:54.372" endtime="20230928 17:50:54.392"/>
</kw>
<kw name="Click Element" library="PuppeteerLibrary">
<arg>${clickcreatelead}</arg>
<doc>Clicks element identified by ``locator``.</doc>
<msg timestamp="20230928 17:50:54.392" level="INFO">Clicking element 'xpath=//*[text()='+ Create Lead']'.</msg>
<status status="PASS" starttime="20230928 17:50:54.392" endtime="20230928 17:50:54.637"/>
</kw>
<kw name="Wait Until Element Is Visible" library="PuppeteerLibrary">
<arg>${waitleadNo}</arg>
<arg>${Wait}</arg>
<doc>Waits until ``locator`` element is displayed on web page.</doc>
<status status="PASS" starttime="20230928 17:50:54.637" endtime="20230928 17:50:56.492"/>
</kw>
<kw name="Click Element" library="PuppeteerLibrary">
<arg>${ClickListview}</arg>
<doc>Clicks element identified by ``locator``.</doc>
<msg timestamp="20230928 17:50:56.493" level="INFO">Clicking element 'xpath=//*[text()='List View']'.</msg>
<status status="PASS" starttime="20230928 17:50:56.493" endtime="20230928 17:50:56.738"/>
</kw>
<kw name="Wait Until Element Is Visible" library="PuppeteerLibrary">
<arg>${WaitAllLead}</arg>
<arg>${Wait}</arg>
<doc>Waits until ``locator`` element is displayed on web page.</doc>
<status status="PASS" starttime="20230928 17:50:56.738" endtime="20230928 17:50:57.092"/>
</kw>
<status status="PASS" starttime="20230928 17:50:54.294" endtime="20230928 17:50:57.092"/>
</kw>
<kw name="Close All Browser" library="PuppeteerLibrary" type="TEARDOWN">
<doc>Close all browser</doc>
<status status="PASS" starttime="20230928 17:50:57.092" endtime="20230928 17:50:57.143"/>
</kw>
<status status="PASS" starttime="20230928 17:50:33.849" endtime="20230928 17:50:57.143"/>
</test>
<test id="s1-s1-t3" name="TC-003 Verify Ui Lead no in List view to no Lead" line="26">
<kw name="Open Browser and Login" library="TicketRevamp-Page" type="SETUP">
<kw name="Get Variable Value" library="BuiltIn">
<var>${headless}</var>
<arg>${HEADLESS}</arg>
<arg>${False}</arg>
<doc>Returns variable value or ``default`` if the variable does not exist.</doc>
<msg timestamp="20230928 17:50:57.146" level="INFO">${headless} = False</msg>
<status status="PASS" starttime="20230928 17:50:57.144" endtime="20230928 17:50:57.146"/>
</kw>
<kw name="Evaluate" library="BuiltIn">
<var>${options}</var>
<arg>{'args':['--start-maximized'], 'headless': ${headless}}</arg>
<doc>Evaluates the given expression in Python and returns the result.</doc>
<msg timestamp="20230928 17:50:57.146" level="INFO">${options} = {'args': ['--start-maximized'], 'headless': False}</msg>
<status status="PASS" starttime="20230928 17:50:57.146" endtime="20230928 17:50:57.146"/>
</kw>
<kw name="Open Browser" library="PuppeteerLibrary">
<arg>${BaseURL}/login</arg>
<arg>browser=pwchrome</arg>
<arg>options=${options}</arg>
<doc>Opens a new browser instance to the specific ``url``.</doc>
<msg timestamp="20230928 17:50:57.147" level="INFO">https://beta.connect-x.tech/login</msg>
<status status="PASS" starttime="20230928 17:50:57.147" endtime="20230928 17:51:00.421"/>
</kw>
<kw name="Input Text" library="PuppeteerLibrary">
<arg>${Email}</arg>
<arg>${emailOrgAgent3}</arg>
<doc>Types the given text into text field identified by ``locator``.</doc>
<msg timestamp="20230928 17:51:00.421" level="INFO">Typing text 'agent3@conx.tech' into text field 'xpath=//input[@name='email']'.</msg>
<status status="PASS" starttime="20230928 17:51:00.421" endtime="20230928 17:51:00.505"/>
</kw>
<kw name="Input Password" library="PuppeteerLibrary">
<arg>${Password}</arg>
<arg>${PassOrgAgent3}</arg>
<doc>Types the given text into text field same as ``Input Text`` Keyword.</doc>
<msg timestamp="20230928 17:51:00.506" level="INFO">Typing password into text field 'xpath=//input[@name='password']'.</msg>
<status status="PASS" starttime="20230928 17:51:00.505" endtime="20230928 17:51:00.558"/>
</kw>
<kw name="Select Checkbox" library="PuppeteerLibrary">
<arg>${ClickRemember}</arg>
<doc>Select checkbox based on locator</doc>
<msg timestamp="20230928 17:51:00.558" level="INFO">Select checkbox xpath=//input[@type='checkbox'].</msg>
<status status="PASS" starttime="20230928 17:51:00.558" endtime="20230928 17:51:00.603"/>
</kw>
<kw name="Click Element" library="PuppeteerLibrary">
<arg>${Buttonlogin}</arg>
<doc>Clicks element identified by ``locator``.</doc>
<msg timestamp="20230928 17:51:00.604" level="INFO">Clicking element 'xpath=//button[@type='submit']'.</msg>
<status status="PASS" starttime="20230928 17:51:00.603" endtime="20230928 17:51:00.645"/>
</kw>
<kw name="Wait Until Element Is Visible" library="PuppeteerLibrary">
<arg>${Waitlogin}</arg>
<arg>${Wait}</arg>
<doc>Waits until ``locator`` element is displayed on web page.</doc>
<status status="PASS" starttime="20230928 17:51:00.645" endtime="20230928 17:51:13.160"/>
</kw>
<status status="PASS" starttime="20230928 17:50:57.143" endtime="20230928 17:51:13.160"/>
</kw>
<kw name="Go to ticketRevamp in Facebook" library="TicketRevamp-Page">
<kw name="Go To" library="PuppeteerLibrary">
<arg>${BaseURL}/ticketRevamp?ticketId=UJe9Dh8TEr0WNltR3Dwg</arg>
<doc>Navigates the current page to the ``url``</doc>
<msg timestamp="20230928 17:51:13.160" level="INFO">https://beta.connect-x.tech/ticketRevamp?ticketId=UJe9Dh8TEr0WNltR3Dwg</msg>
<status status="PASS" starttime="20230928 17:51:13.160" endtime="20230928 17:51:14.741"/>
</kw>
<kw name="Wait Until Element Is Visible" library="PuppeteerLibrary">
<arg>${WaitTicket}</arg>
<arg>${Wait}</arg>
<doc>Waits until ``locator`` element is displayed on web page.</doc>
<status status="PASS" starttime="20230928 17:51:14.741" endtime="20230928 17:51:18.007"/>
</kw>
<status status="PASS" starttime="20230928 17:51:13.160" endtime="20230928 17:51:18.007"/>
</kw>
<kw name="Lead Number from page list view" library="TicketRevamp-Page">
<kw name="Click Element" library="PuppeteerLibrary">
<arg>${ButtonLead}</arg>
<doc>Clicks element identified by ``locator``.</doc>
<msg timestamp="20230928 17:51:18.008" level="INFO">Clicking element 'xpath=(//*[text()='Lead'])/../..'.</msg>
<status status="PASS" starttime="20230928 17:51:18.008" endtime="20230928 17:51:18.671"/>
</kw>
<kw name="Wait Until Element Is Visible" library="PuppeteerLibrary">
<arg>${Owneragent}</arg>
<arg>${Wait}</arg>
<doc>Waits until ``locator`` element is displayed on web page.</doc>
<status status="PASS" starttime="20230928 17:51:18.671" endtime="20230928 17:51:18.675"/>
</kw>
<kw name="Click Element" library="PuppeteerLibrary">
<arg>${clickcreatelead}</arg>
<doc>Clicks element identified by ``locator``.</doc>
<msg timestamp="20230928 17:51:18.675" level="INFO">Clicking element 'xpath=//*[text()='+ Create Lead']'.</msg>
<status status="PASS" starttime="20230928 17:51:18.675" endtime="20230928 17:51:18.914"/>
</kw>
<kw name="Wait Until Element Is Visible" library="PuppeteerLibrary">
<arg>${waitleadNo}</arg>
<arg>${Wait}</arg>
<doc>Waits until ``locator`` element is displayed on web page.</doc>
<status status="PASS" starttime="20230928 17:51:18.914" endtime="20230928 17:51:20.344"/>
</kw>
<kw name="Click Element" library="PuppeteerLibrary">
<arg>${ClickListview}</arg>
<doc>Clicks element identified by ``locator``.</doc>
<msg timestamp="20230928 17:51:20.344" level="INFO">Clicking element 'xpath=//*[text()='List View']'.</msg>
<status status="PASS" starttime="20230928 17:51:20.344" endtime="20230928 17:51:20.570"/>
</kw>
<kw name="Wait Until Element Is Visible" library="PuppeteerLibrary">
<arg>${WaitAllLead}</arg>
<arg>${Wait}</arg>
<doc>Waits until ``locator`` element is displayed on web page.</doc>
<status status="PASS" starttime="20230928 17:51:20.570" endtime="20230928 17:51:20.919"/>
</kw>
<kw name="Click Element" library="PuppeteerLibrary">
<arg>${Clickidcreate-Lead}</arg>
<doc>Clicks element identified by ``locator``.</doc>
<msg timestamp="20230928 17:51:20.920" level="INFO">Clicking element 'xpath=(//*[@id="create-lead"]//*[contains(text(),'LD-')])[1]'.</msg>
<status status="PASS" starttime="20230928 17:51:20.919" endtime="20230928 17:51:23.051"/>
</kw>
<kw name="Wait For New Window Open" library="PuppeteerLibrary">
<arg>${Wait}</arg>
<doc>Waits until new page or tab opens.</doc>
<status status="PASS" starttime="20230928 17:51:23.051" endtime="20230928 17:51:23.552"/>
</kw>
<kw name="Switch Window" library="PuppeteerLibrary">
<arg>url=.*edit.*</arg>
<doc>Switches to tabs matching locator
locator support options NEW, MAIN and query using name, title and url
    - NEW: latest opened window
    - MAIN: main window
    - title="QAHive": window title. Page title will have have error if new tab have auto redirection
    - url="https://qahive.com": url support regex Example: url=.*qahive.com</doc>
<msg timestamp="20230928 17:51:23.552" level="INFO">Url mismatch: https://beta.connect-x.tech/ticketRevamp?ticketId=UJe9Dh8TEr0WNltR3Dwg</msg>
<status status="PASS" starttime="20230928 17:51:23.552" endtime="20230928 17:51:23.555"/>
</kw>
<kw name="Get Location" library="PuppeteerLibrary">
<var>${howto}</var>
<doc>Get page location</doc>
<msg timestamp="20230928 17:51:23.555" level="INFO">${howto} = https://beta.connect-x.tech/object/lead/edit/RgIYo0cDsRNAwlsnpMyv</msg>
<status status="PASS" starttime="20230928 17:51:23.555" endtime="20230928 17:51:23.555"/>
</kw>
<kw name="Switch Window" library="PuppeteerLibrary">
<arg>url=.*ticketRevamp</arg>
<doc>Switches to tabs matching locator
locator support options NEW, MAIN and query using name, title and url
    - NEW: latest opened window
    - MAIN: main window
    - title="QAHive": window title. Page title will have have error if new tab have auto redirection
    - url="https://qahive.com": url support regex Example: url=.*qahive.com</doc>
<status status="PASS" starttime="20230928 17:51:23.555" endtime="20230928 17:51:23.562"/>
</kw>
<kw name="Get Location" library="PuppeteerLibrary">
<var>${Test01}</var>
<doc>Get page location</doc>
<msg timestamp="20230928 17:51:23.563" level="INFO">${Test01} = https://beta.connect-x.tech/ticketRevamp?ticketId=UJe9Dh8TEr0WNltR3Dwg</msg>
<status status="PASS" starttime="20230928 17:51:23.562" endtime="20230928 17:51:23.563"/>
</kw>
<status status="PASS" starttime="20230928 17:51:18.007" endtime="20230928 17:51:23.563"/>
</kw>
<kw name="Sleep" library="BuiltIn">
<arg>13m</arg>
<doc>Pauses the test executed for the given time.</doc>
<msg timestamp="20230928 18:04:23.566" level="INFO">Slept 13 minutes</msg>
<status status="PASS" starttime="20230928 17:51:23.563" endtime="20230928 18:04:23.566"/>
</kw>
<kw name="Sleep" library="BuiltIn">
<arg>30s</arg>
<doc>Pauses the test executed for the given time.</doc>
<msg timestamp="20230928 18:04:53.567" level="INFO">Slept 30 seconds</msg>
<status status="PASS" starttime="20230928 18:04:23.566" endtime="20230928 18:04:53.567"/>
</kw>
<kw name="Close All Browser" library="PuppeteerLibrary" type="TEARDOWN">
<doc>Close all browser</doc>
<status status="PASS" starttime="20230928 18:04:53.568" endtime="20230928 18:04:53.649"/>
</kw>
<status status="PASS" starttime="20230928 17:50:57.143" endtime="20230928 18:04:53.649"/>
</test>
<test id="s1-s1-t4" name="TC-004 Verify Create Filter new" line="32">
<kw name="Open Browser and Login" library="TicketRevamp-Page" type="SETUP">
<kw name="Get Variable Value" library="BuiltIn">
<var>${headless}</var>
<arg>${HEADLESS}</arg>
<arg>${False}</arg>
<doc>Returns variable value or ``default`` if the variable does not exist.</doc>
<msg timestamp="20230928 18:04:53.670" level="INFO">${headless} = False</msg>
<status status="PASS" starttime="20230928 18:04:53.650" endtime="20230928 18:04:53.670"/>
</kw>
<kw name="Evaluate" library="BuiltIn">
<var>${options}</var>
<arg>{'args':['--start-maximized'], 'headless': ${headless}}</arg>
<doc>Evaluates the given expression in Python and returns the result.</doc>
<msg timestamp="20230928 18:04:53.670" level="INFO">${options} = {'args': ['--start-maximized'], 'headless': False}</msg>
<status status="PASS" starttime="20230928 18:04:53.670" endtime="20230928 18:04:53.670"/>
</kw>
<kw name="Open Browser" library="PuppeteerLibrary">
<arg>${BaseURL}/login</arg>
<arg>browser=pwchrome</arg>
<arg>options=${options}</arg>
<doc>Opens a new browser instance to the specific ``url``.</doc>
<msg timestamp="20230928 18:04:53.670" level="INFO">https://beta.connect-x.tech/login</msg>
<status status="PASS" starttime="20230928 18:04:53.670" endtime="20230928 18:04:57.121"/>
</kw>
<kw name="Input Text" library="PuppeteerLibrary">
<arg>${Email}</arg>
<arg>${emailOrgAgent3}</arg>
<doc>Types the given text into text field identified by ``locator``.</doc>
<msg timestamp="20230928 18:04:57.121" level="INFO">Typing text 'agent3@conx.tech' into text field 'xpath=//input[@name='email']'.</msg>
<status status="PASS" starttime="20230928 18:04:57.121" endtime="20230928 18:04:57.197"/>
</kw>
<kw name="Input Password" library="PuppeteerLibrary">
<arg>${Password}</arg>
<arg>${PassOrgAgent3}</arg>
<doc>Types the given text into text field same as ``Input Text`` Keyword.</doc>
<msg timestamp="20230928 18:04:57.198" level="INFO">Typing password into text field 'xpath=//input[@name='password']'.</msg>
<status status="PASS" starttime="20230928 18:04:57.197" endtime="20230928 18:04:57.249"/>
</kw>
<kw name="Select Checkbox" library="PuppeteerLibrary">
<arg>${ClickRemember}</arg>
<doc>Select checkbox based on locator</doc>
<msg timestamp="20230928 18:04:57.249" level="INFO">Select checkbox xpath=//input[@type='checkbox'].</msg>
<status status="PASS" starttime="20230928 18:04:57.249" endtime="20230928 18:04:57.294"/>
</kw>
<kw name="Click Element" library="PuppeteerLibrary">
<arg>${Buttonlogin}</arg>
<doc>Clicks element identified by ``locator``.</doc>
<msg timestamp="20230928 18:04:57.295" level="INFO">Clicking element 'xpath=//button[@type='submit']'.</msg>
<status status="PASS" starttime="20230928 18:04:57.294" endtime="20230928 18:04:57.337"/>
</kw>
<kw name="Wait Until Element Is Visible" library="PuppeteerLibrary">
<arg>${Waitlogin}</arg>
<arg>${Wait}</arg>
<doc>Waits until ``locator`` element is displayed on web page.</doc>
<status status="PASS" starttime="20230928 18:04:57.338" endtime="20230928 18:05:09.120"/>
</kw>
<status status="PASS" starttime="20230928 18:04:53.650" endtime="20230928 18:05:09.120"/>
</kw>
<kw name="Create Filter Object Lead" library="TicketRevamp-Page">
<kw name="Go To" library="PuppeteerLibrary">
<arg>url=${BaseURL}/object/lead</arg>
<doc>Navigates the current page to the ``url``</doc>
<msg timestamp="20230928 18:05:09.121" level="INFO">https://beta.connect-x.tech/object/lead</msg>
<status status="PASS" starttime="20230928 18:05:09.121" endtime="20230928 18:05:10.601"/>
</kw>
<kw name="Wait Until Element Is Visible" library="PuppeteerLibrary">
<arg>${ObjectTable}</arg>
<arg>${Wait}</arg>
<doc>Waits until ``locator`` element is displayed on web page.</doc>
<status status="PASS" starttime="20230928 18:05:10.601" endtime="20230928 18:05:13.507"/>
</kw>
<kw name="Click Element" library="PuppeteerLibrary">
<arg>${setFilter}</arg>
<doc>Clicks element identified by ``locator``.</doc>
<msg timestamp="20230928 18:05:13.507" level="INFO">Clicking element 'xpath=((//*[text()='คำสั่งซื้อใหม่']/../../../..//*//*//*//*//*)[3]//..//..)[1]'.</msg>
<status status="PASS" starttime="20230928 18:05:13.507" endtime="20230928 18:05:13.672"/>
</kw>
<kw name="Wait Until Element Is Visible" library="PuppeteerLibrary">
<arg>${FilterManagement}</arg>
<arg>${Wait}</arg>
<doc>Waits until ``locator`` element is displayed on web page.</doc>
<status status="PASS" starttime="20230928 18:05:13.673" endtime="20230928 18:05:13.677"/>
</kw>
<kw name="Click Element" library="PuppeteerLibrary">
<arg>${FilterManagement}</arg>
<doc>Clicks element identified by ``locator``.</doc>
<msg timestamp="20230928 18:05:13.677" level="INFO">Clicking element 'xpath=(//*[text()='การจัดการตัวกรอง']//..)[1]'.</msg>
<status status="PASS" starttime="20230928 18:05:13.677" endtime="20230928 18:05:13.796"/>
</kw>
<kw name="Wait Until Element Is Visible" library="PuppeteerLibrary">
<arg>${AllLeadFilter}</arg>
<arg>${Wait}</arg>
<doc>Waits until ``locator`` element is displayed on web page.</doc>
<status status="PASS" starttime="20230928 18:05:13.796" endtime="20230928 18:05:13.799"/>
</kw>
<kw name="Click Element" library="PuppeteerLibrary">
<arg>${CreateFileter}</arg>
<doc>Clicks element identified by ``locator``.</doc>
<msg timestamp="20230928 18:05:13.800" level="INFO">Clicking element 'xpath=//*[text()='สร้างตัวกรอง']'.</msg>
<status status="PASS" starttime="20230928 18:05:13.799" endtime="20230928 18:05:16.771"/>
</kw>
<kw name="Wait Until Element Is Visible" library="PuppeteerLibrary">
<arg>${ConditionFilter}</arg>
<arg>${Wait}</arg>
<doc>Waits until ``locator`` element is displayed on web page.</doc>
<status status="PASS" starttime="20230928 18:05:16.771" endtime="20230928 18:05:17.980"/>
</kw>
<kw name="Click Element" library="PuppeteerLibrary">
<arg>${NameFilter}</arg>
<doc>Clicks element identified by ``locator``.</doc>
<msg timestamp="20230928 18:05:17.980" level="INFO">Clicking element 'xpath=(//*[text()='ชื่อตัวกรอง'])[2]//..//..//..//input'.</msg>
<status status="PASS" starttime="20230928 18:05:17.980" endtime="20230928 18:05:18.743"/>
</kw>
<kw name="Input Text" library="PuppeteerLibrary">
<arg>${NameFilter}</arg>
<arg>Lead Test</arg>
<doc>Types the given text into text field identified by ``locator``.</doc>
<msg timestamp="20230928 18:05:18.744" level="INFO">Typing text 'Lead Test' into text field 'xpath=(//*[text()='ชื่อตัวกรอง'])[2]//..//..//..//input'.</msg>
<status status="PASS" starttime="20230928 18:05:18.743" endtime="20230928 18:05:18.872"/>
</kw>
<kw name="Sleep" library="BuiltIn">
<arg>1s</arg>
<doc>Pauses the test executed for the given time.</doc>
<msg timestamp="20230928 18:05:19.875" level="INFO">Slept 1 second</msg>
<status status="PASS" starttime="20230928 18:05:18.872" endtime="20230928 18:05:19.875"/>
</kw>
<kw name="Click Element" library="PuppeteerLibrary">
<arg>${LeadIDFilter}</arg>
<doc>Clicks element identified by ``locator``.</doc>
<msg timestamp="20230928 18:05:19.875" level="INFO">Clicking element 'xpath=//*[text()="Lead ID"]/..//input[@type='checkbox']'.</msg>
<status status="PASS" starttime="20230928 18:05:19.875" endtime="20230928 18:05:19.932"/>
</kw>
<kw name="Click Element" library="PuppeteerLibrary">
<arg>${ButtonselectFilter}</arg>
<doc>Clicks element identified by ``locator``.</doc>
<msg timestamp="20230928 18:05:19.933" level="INFO">Clicking element 'xpath=//*[@class="scrollable"]//button[1]//*//*'.</msg>
<status status="PASS" starttime="20230928 18:05:19.933" endtime="20230928 18:05:19.996"/>
</kw>
<kw name="Wait Until Element Is Visible" library="PuppeteerLibrary">
<arg>${WaitLeadIDFilter}</arg>
<arg>${Wait}</arg>
<doc>Waits until ``locator`` element is displayed on web page.</doc>
<status status="PASS" starttime="20230928 18:05:19.996" endtime="20230928 18:05:19.999"/>
</kw>
<kw name="Click Element" library="PuppeteerLibrary">
<arg>${LeadNoFilter}</arg>
<doc>Clicks element identified by ``locator``.</doc>
<msg timestamp="20230928 18:05:20.000" level="INFO">Clicking element 'xpath=//*[text()="Lead No."]/..//input[@type='checkbox']'.</msg>
<status status="PASS" starttime="20230928 18:05:19.999" endtime="20230928 18:05:20.052"/>
</kw>
<kw name="Click Element" library="PuppeteerLibrary">
<arg>${ButtonselectFilter}</arg>
<doc>Clicks element identified by ``locator``.</doc>
<msg timestamp="20230928 18:05:20.053" level="INFO">Clicking element 'xpath=//*[@class="scrollable"]//button[1]//*//*'.</msg>
<status status="PASS" starttime="20230928 18:05:20.053" endtime="20230928 18:05:20.113"/>
</kw>
<kw name="Wait Until Element Is Visible" library="PuppeteerLibrary">
<arg>${WaitLeadNoFilter}</arg>
<arg>${Wait}</arg>
<doc>Waits until ``locator`` element is displayed on web page.</doc>
<status status="PASS" starttime="20230928 18:05:20.113" endtime="20230928 18:05:20.117"/>
</kw>
<kw name="Click Element" library="PuppeteerLibrary">
<arg>${CreatedByFilter}</arg>
<doc>Clicks element identified by ``locator``.</doc>
<msg timestamp="20230928 18:05:20.118" level="INFO">Clicking element 'xpath=//*[text()="Created By"]/..//input[@type='checkbox']'.</msg>
<status status="PASS" starttime="20230928 18:05:20.117" endtime="20230928 18:05:20.169"/>
</kw>
<kw name="Click Element" library="PuppeteerLibrary">
<arg>${ButtonselectFilter}</arg>
<doc>Clicks element identified by ``locator``.</doc>
<msg timestamp="20230928 18:05:20.170" level="INFO">Clicking element 'xpath=//*[@class="scrollable"]//button[1]//*//*'.</msg>
<status status="PASS" starttime="20230928 18:05:20.169" endtime="20230928 18:05:20.230"/>
</kw>
<kw name="Wait Until Element Is Visible" library="PuppeteerLibrary">
<arg>${WaitCreatedByFilter}</arg>
<arg>${Wait}</arg>
<doc>Waits until ``locator`` element is displayed on web page.</doc>
<status status="PASS" starttime="20230928 18:05:20.230" endtime="20230928 18:05:20.233"/>
</kw>
<kw name="Click Element" library="PuppeteerLibrary">
<arg>${CreatedDateFilter}</arg>
<doc>Clicks element identified by ``locator``.</doc>
<msg timestamp="20230928 18:05:20.234" level="INFO">Clicking element 'xpath=//*[text()="Created Date"]/..//input[@type='checkbox']'.</msg>
<status status="PASS" starttime="20230928 18:05:20.233" endtime="20230928 18:05:20.294"/>
</kw>
<kw name="Click Element" library="PuppeteerLibrary">
<arg>${ButtonselectFilter}</arg>
<doc>Clicks element identified by ``locator``.</doc>
<msg timestamp="20230928 18:05:20.294" level="INFO">Clicking element 'xpath=//*[@class="scrollable"]//button[1]//*//*'.</msg>
<status status="PASS" starttime="20230928 18:05:20.294" endtime="20230928 18:05:20.343"/>
</kw>
<kw name="Wait Until Element Is Visible" library="PuppeteerLibrary">
<arg>${WaitCreatedDateFilter}</arg>
<arg>${Wait}</arg>
<doc>Waits until ``locator`` element is displayed on web page.</doc>
<status status="PASS" starttime="20230928 18:05:20.343" endtime="20230928 18:05:20.347"/>
</kw>
<kw name="Click Element" library="PuppeteerLibrary">
<arg>${LastModifiedFilter}</arg>
<doc>Clicks element identified by ``locator``.</doc>
<msg timestamp="20230928 18:05:20.347" level="INFO">Clicking element 'xpath=//*[text()="Last Modified"]/..//input[@type='checkbox']'.</msg>
<status status="PASS" starttime="20230928 18:05:20.347" endtime="20230928 18:05:20.387"/>
</kw>
<kw name="Click Element" library="PuppeteerLibrary">
<arg>${ButtonselectFilter}</arg>
<doc>Clicks element identified by ``locator``.</doc>
<msg timestamp="20230928 18:05:20.387" level="INFO">Clicking element 'xpath=//*[@class="scrollable"]//button[1]//*//*'.</msg>
<status status="PASS" starttime="20230928 18:05:20.387" endtime="20230928 18:05:20.443"/>
</kw>
<kw name="Wait Until Element Is Visible" library="PuppeteerLibrary">
<arg>${LastModifiedFilter}</arg>
<arg>${Wait}</arg>
<doc>Waits until ``locator`` element is displayed on web page.</doc>
<status status="PASS" starttime="20230928 18:05:20.443" endtime="20230928 18:05:20.447"/>
</kw>
<kw name="Click Element" library="PuppeteerLibrary">
<arg>${LastModifiedByFilter}</arg>
<doc>Clicks element identified by ``locator``.</doc>
<msg timestamp="20230928 18:05:20.447" level="INFO">Clicking element 'xpath=//*[text()="Last Modified By"]/..//input[@type='checkbox']'.</msg>
<status status="PASS" starttime="20230928 18:05:20.447" endtime="20230928 18:05:20.487"/>
</kw>
<kw name="Click Element" library="PuppeteerLibrary">
<arg>${ButtonselectFilter}</arg>
<doc>Clicks element identified by ``locator``.</doc>
<msg timestamp="20230928 18:05:20.488" level="INFO">Clicking element 'xpath=//*[@class="scrollable"]//button[1]//*//*'.</msg>
<status status="PASS" starttime="20230928 18:05:20.487" endtime="20230928 18:05:20.545"/>
</kw>
<kw name="Wait Until Element Is Visible" library="PuppeteerLibrary">
<arg>${WaitLastModifiedByFilter}</arg>
<arg>${Wait}</arg>
<doc>Waits until ``locator`` element is displayed on web page.</doc>
<status status="PASS" starttime="20230928 18:05:20.545" endtime="20230928 18:05:20.549"/>
</kw>
<kw name="Click Element" library="PuppeteerLibrary">
<arg>${ChannelFilter}</arg>
<doc>Clicks element identified by ``locator``.</doc>
<msg timestamp="20230928 18:05:20.549" level="INFO">Clicking element 'xpath=//*[text()="Channel"]/..//input[@type='checkbox']'.</msg>
<status status="PASS" starttime="20230928 18:05:20.549" endtime="20230928 18:05:20.602"/>
</kw>
<kw name="Click Element" library="PuppeteerLibrary">
<arg>${ButtonselectFilter}</arg>
<doc>Clicks element identified by ``locator``.</doc>
<msg timestamp="20230928 18:05:20.602" level="INFO">Clicking element 'xpath=//*[@class="scrollable"]//button[1]//*//*'.</msg>
<status status="PASS" starttime="20230928 18:05:20.602" endtime="20230928 18:05:20.663"/>
</kw>
<kw name="Wait Until Element Is Visible" library="PuppeteerLibrary">
<arg>${WaitChannelFilter}</arg>
<arg>${Wait}</arg>
<doc>Waits until ``locator`` element is displayed on web page.</doc>
<status status="PASS" starttime="20230928 18:05:20.663" endtime="20230928 18:05:20.666"/>
</kw>
<kw name="Click Element" library="PuppeteerLibrary">
<arg>${EmailFilter}</arg>
<doc>Clicks element identified by ``locator``.</doc>
<msg timestamp="20230928 18:05:20.667" level="INFO">Clicking element 'xpath=//*[text()="Email"]/..//input[@type='checkbox']'.</msg>
<status status="PASS" starttime="20230928 18:05:20.666" endtime="20230928 18:05:20.719"/>
</kw>
<kw name="Click Element" library="PuppeteerLibrary">
<arg>${ButtonselectFilter}</arg>
<doc>Clicks element identified by ``locator``.</doc>
<msg timestamp="20230928 18:05:20.719" level="INFO">Clicking element 'xpath=//*[@class="scrollable"]//button[1]//*//*'.</msg>
<status status="PASS" starttime="20230928 18:05:20.719" endtime="20230928 18:05:20.774"/>
</kw>
<kw name="Wait Until Element Is Visible" library="PuppeteerLibrary">
<arg>${WaitEmailFilter}</arg>
<arg>${Wait}</arg>
<doc>Waits until ``locator`` element is displayed on web page.</doc>
<status status="PASS" starttime="20230928 18:05:20.774" endtime="20230928 18:05:20.778"/>
</kw>
<kw name="Click Element" library="PuppeteerLibrary">
<arg>${RemarkFilter}</arg>
<doc>Clicks element identified by ``locator``.</doc>
<msg timestamp="20230928 18:05:20.778" level="INFO">Clicking element 'xpath=//*[text()="Remark"]/..//input[@type='checkbox']'.</msg>
<status status="PASS" starttime="20230928 18:05:20.778" endtime="20230928 18:05:20.819"/>
</kw>
<kw name="Click Element" library="PuppeteerLibrary">
<arg>${ButtonselectFilter}</arg>
<doc>Clicks element identified by ``locator``.</doc>
<msg timestamp="20230928 18:05:20.819" level="INFO">Clicking element 'xpath=//*[@class="scrollable"]//button[1]//*//*'.</msg>
<status status="PASS" starttime="20230928 18:05:20.819" endtime="20230928 18:05:20.878"/>
</kw>
<kw name="Wait Until Element Is Visible" library="PuppeteerLibrary">
<arg>${WaitRemarkFilter}</arg>
<arg>${Wait}</arg>
<doc>Waits until ``locator`` element is displayed on web page.</doc>
<status status="PASS" starttime="20230928 18:05:20.878" endtime="20230928 18:05:20.882"/>
</kw>
<kw name="Click Element" library="PuppeteerLibrary">
<arg>${ButtonSaveTH}</arg>
<doc>Clicks element identified by ``locator``.</doc>
<msg timestamp="20230928 18:05:20.882" level="INFO">Clicking element 'xpath=//*[text()='บันทึก']'.</msg>
<status status="PASS" starttime="20230928 18:05:20.882" endtime="20230928 18:05:20.949"/>
</kw>
<kw name="Wait Until Element Is Visible" library="PuppeteerLibrary">
<arg>${WaitSucces}</arg>
<arg>${Wait}</arg>
<doc>Waits until ``locator`` element is displayed on web page.</doc>
<status status="PASS" starttime="20230928 18:05:20.949" endtime="20230928 18:05:23.961"/>
</kw>
<kw name="Wait Until Element Is Visible" library="PuppeteerLibrary">
<arg>${WaitAllLead}</arg>
<arg>${Wait}</arg>
<doc>Waits until ``locator`` element is displayed on web page.</doc>
<status status="PASS" starttime="20230928 18:05:23.961" endtime="20230928 18:05:23.964"/>
</kw>
<kw name="Click Element" library="PuppeteerLibrary">
<arg>${CloseDrawerLead}</arg>
<arg>${Wait}</arg>
<doc>Clicks element identified by ``locator``.</doc>
<msg timestamp="20230928 18:05:23.964" level="INFO">Clicking element 'xpath=//*[text()='Close']/..'.</msg>
<status status="PASS" starttime="20230928 18:05:23.964" endtime="20230928 18:05:24.307"/>
</kw>
<kw name="Wait Until Element Is Visible" library="PuppeteerLibrary">
<arg>${ObjectTable}</arg>
<arg>${Wait}</arg>
<doc>Waits until ``locator`` element is displayed on web page.</doc>
<status status="PASS" starttime="20230928 18:05:24.307" endtime="20230928 18:05:25.644"/>
</kw>
<status status="PASS" starttime="20230928 18:05:09.120" endtime="20230928 18:05:25.644"/>
</kw>
<kw name="Go to ticketRevamp in Facebook" library="TicketRevamp-Page">
<kw name="Go To" library="PuppeteerLibrary">
<arg>${BaseURL}/ticketRevamp?ticketId=UJe9Dh8TEr0WNltR3Dwg</arg>
<doc>Navigates the current page to the ``url``</doc>
<msg timestamp="20230928 18:05:25.645" level="INFO">https://beta.connect-x.tech/ticketRevamp?ticketId=UJe9Dh8TEr0WNltR3Dwg</msg>
<status status="PASS" starttime="20230928 18:05:25.645" endtime="20230928 18:05:27.408"/>
</kw>
<kw name="Wait Until Element Is Visible" library="PuppeteerLibrary">
<arg>${WaitTicket}</arg>
<arg>${Wait}</arg>
<doc>Waits until ``locator`` element is displayed on web page.</doc>
<status status="PASS" starttime="20230928 18:05:27.408" endtime="20230928 18:05:30.685"/>
</kw>
<status status="PASS" starttime="20230928 18:05:25.644" endtime="20230928 18:05:30.686"/>
</kw>
<kw name="Drawer All Lead" library="TicketRevamp-Page">
<kw name="Click Element" library="PuppeteerLibrary">
<arg>${ButtonLead}</arg>
<doc>Clicks element identified by ``locator``.</doc>
<msg timestamp="20230928 18:05:30.686" level="INFO">Clicking element 'xpath=(//*[text()='Lead'])/../..'.</msg>
<status status="PASS" starttime="20230928 18:05:30.686" endtime="20230928 18:05:30.844"/>
</kw>
<kw name="Wait Until Element Is Visible" library="PuppeteerLibrary">
<arg>${Owneragent}</arg>
<arg>${Wait}</arg>
<doc>Waits until ``locator`` element is displayed on web page.</doc>
<status status="PASS" starttime="20230928 18:05:30.844" endtime="20230928 18:05:31.222"/>
</kw>
<kw name="Click Element" library="PuppeteerLibrary">
<arg>${AllLeadDrawer}</arg>
<doc>Clicks element identified by ``locator``.</doc>
<msg timestamp="20230928 18:05:31.222" level="INFO">Clicking element 'xpath=(//*[@id="ticket-lead-btn-view-all"])'.</msg>
<status status="PASS" starttime="20230928 18:05:31.222" endtime="20230928 18:05:31.670"/>
</kw>
<kw name="Wait Until Element Is Visible" library="PuppeteerLibrary">
<arg>${Clickidcreate-Lead}</arg>
<arg>${Wait}</arg>
<doc>Waits until ``locator`` element is displayed on web page.</doc>
<status status="PASS" starttime="20230928 18:05:31.670" endtime="20230928 18:05:33.530"/>
</kw>
<kw name="Click Element" library="PuppeteerLibrary">
<arg>${CloseDrawerLead}</arg>
<doc>Clicks element identified by ``locator``.</doc>
<msg timestamp="20230928 18:05:33.530" level="INFO">Clicking element 'xpath=//*[text()='Close']/..'.</msg>
<status status="PASS" starttime="20230928 18:05:33.530" endtime="20230928 18:05:33.594"/>
</kw>
<kw name="Wait Until Element Is Visible" library="PuppeteerLibrary">
<arg>${waitdate}</arg>
<arg>${Wait}</arg>
<doc>Waits until ``locator`` element is displayed on web page.</doc>
<status status="PASS" starttime="20230928 18:05:33.594" endtime="20230928 18:05:33.597"/>
</kw>
<status status="PASS" starttime="20230928 18:05:30.686" endtime="20230928 18:05:33.597"/>
</kw>
<kw name="Close All Browser" library="PuppeteerLibrary" type="TEARDOWN">
<doc>Close all browser</doc>
<status status="PASS" starttime="20230928 18:05:33.598" endtime="20230928 18:05:33.651"/>
</kw>
<status status="PASS" starttime="20230928 18:04:53.650" endtime="20230928 18:05:33.651"/>
</test>
<test id="s1-s1-t5" name="TC-005 Verify Pin List view Drawer Lead" line="37">
<kw name="Open Browser and Login" library="TicketRevamp-Page" type="SETUP">
<kw name="Get Variable Value" library="BuiltIn">
<var>${headless}</var>
<arg>${HEADLESS}</arg>
<arg>${False}</arg>
<doc>Returns variable value or ``default`` if the variable does not exist.</doc>
<msg timestamp="20230928 18:05:33.654" level="INFO">${headless} = False</msg>
<status status="PASS" starttime="20230928 18:05:33.651" endtime="20230928 18:05:33.654"/>
</kw>
<kw name="Evaluate" library="BuiltIn">
<var>${options}</var>
<arg>{'args':['--start-maximized'], 'headless': ${headless}}</arg>
<doc>Evaluates the given expression in Python and returns the result.</doc>
<msg timestamp="20230928 18:05:33.654" level="INFO">${options} = {'args': ['--start-maximized'], 'headless': False}</msg>
<status status="PASS" starttime="20230928 18:05:33.654" endtime="20230928 18:05:33.654"/>
</kw>
<kw name="Open Browser" library="PuppeteerLibrary">
<arg>${BaseURL}/login</arg>
<arg>browser=pwchrome</arg>
<arg>options=${options}</arg>
<doc>Opens a new browser instance to the specific ``url``.</doc>
<msg timestamp="20230928 18:05:33.654" level="INFO">https://beta.connect-x.tech/login</msg>
<status status="PASS" starttime="20230928 18:05:33.654" endtime="20230928 18:05:37.138"/>
</kw>
<kw name="Input Text" library="PuppeteerLibrary">
<arg>${Email}</arg>
<arg>${emailOrgAgent3}</arg>
<doc>Types the given text into text field identified by ``locator``.</doc>
<msg timestamp="20230928 18:05:37.139" level="INFO">Typing text 'agent3@conx.tech' into text field 'xpath=//input[@name='email']'.</msg>
<status status="PASS" starttime="20230928 18:05:37.138" endtime="20230928 18:05:37.216"/>
</kw>
<kw name="Input Password" library="PuppeteerLibrary">
<arg>${Password}</arg>
<arg>${PassOrgAgent3}</arg>
<doc>Types the given text into text field same as ``Input Text`` Keyword.</doc>
<msg timestamp="20230928 18:05:37.217" level="INFO">Typing password into text field 'xpath=//input[@name='password']'.</msg>
<status status="PASS" starttime="20230928 18:05:37.216" endtime="20230928 18:05:37.263"/>
</kw>
<kw name="Select Checkbox" library="PuppeteerLibrary">
<arg>${ClickRemember}</arg>
<doc>Select checkbox based on locator</doc>
<msg timestamp="20230928 18:05:37.263" level="INFO">Select checkbox xpath=//input[@type='checkbox'].</msg>
<status status="PASS" starttime="20230928 18:05:37.263" endtime="20230928 18:05:37.311"/>
</kw>
<kw name="Click Element" library="PuppeteerLibrary">
<arg>${Buttonlogin}</arg>
<doc>Clicks element identified by ``locator``.</doc>
<msg timestamp="20230928 18:05:37.312" level="INFO">Clicking element 'xpath=//button[@type='submit']'.</msg>
<status status="PASS" starttime="20230928 18:05:37.311" endtime="20230928 18:05:37.355"/>
</kw>
<kw name="Wait Until Element Is Visible" library="PuppeteerLibrary">
<arg>${Waitlogin}</arg>
<arg>${Wait}</arg>
<doc>Waits until ``locator`` element is displayed on web page.</doc>
<status status="PASS" starttime="20230928 18:05:37.356" endtime="20230928 18:05:50.514"/>
</kw>
<status status="PASS" starttime="20230928 18:05:33.651" endtime="20230928 18:05:50.515"/>
</kw>
<kw name="Go to ticketRevamp in Facebook" library="TicketRevamp-Page">
<kw name="Go To" library="PuppeteerLibrary">
<arg>${BaseURL}/ticketRevamp?ticketId=UJe9Dh8TEr0WNltR3Dwg</arg>
<doc>Navigates the current page to the ``url``</doc>
<msg timestamp="20230928 18:05:50.515" level="INFO">https://beta.connect-x.tech/ticketRevamp?ticketId=UJe9Dh8TEr0WNltR3Dwg</msg>
<status status="PASS" starttime="20230928 18:05:50.515" endtime="20230928 18:05:52.029"/>
</kw>
<kw name="Wait Until Element Is Visible" library="PuppeteerLibrary">
<arg>${WaitTicket}</arg>
<arg>${Wait}</arg>
<doc>Waits until ``locator`` element is displayed on web page.</doc>
<status status="PASS" starttime="20230928 18:05:52.029" endtime="20230928 18:05:55.408"/>
</kw>
<status status="PASS" starttime="20230928 18:05:50.515" endtime="20230928 18:05:55.408"/>
</kw>
<kw name="Drawer All Lead" library="TicketRevamp-Page">
<kw name="Click Element" library="PuppeteerLibrary">
<arg>${ButtonLead}</arg>
<doc>Clicks element identified by ``locator``.</doc>
<msg timestamp="20230928 18:05:55.409" level="INFO">Clicking element 'xpath=(//*[text()='Lead'])/../..'.</msg>
<status status="PASS" starttime="20230928 18:05:55.409" endtime="20230928 18:05:55.901"/>
</kw>
<kw name="Wait Until Element Is Visible" library="PuppeteerLibrary">
<arg>${Owneragent}</arg>
<arg>${Wait}</arg>
<doc>Waits until ``locator`` element is displayed on web page.</doc>
<status status="PASS" starttime="20230928 18:05:55.901" endtime="20230928 18:05:55.909"/>
</kw>
<kw name="Click Element" library="PuppeteerLibrary">
<arg>${AllLeadDrawer}</arg>
<doc>Clicks element identified by ``locator``.</doc>
<msg timestamp="20230928 18:05:55.909" level="INFO">Clicking element 'xpath=(//*[@id="ticket-lead-btn-view-all"])'.</msg>
<status status="PASS" starttime="20230928 18:05:55.909" endtime="20230928 18:05:56.253"/>
</kw>
<kw name="Wait Until Element Is Visible" library="PuppeteerLibrary">
<arg>${Clickidcreate-Lead}</arg>
<arg>${Wait}</arg>
<doc>Waits until ``locator`` element is displayed on web page.</doc>
<status status="PASS" starttime="20230928 18:05:56.253" endtime="20230928 18:05:58.265"/>
</kw>
<kw name="Click Element" library="PuppeteerLibrary">
<arg>${CloseDrawerLead}</arg>
<doc>Clicks element identified by ``locator``.</doc>
<msg timestamp="20230928 18:05:58.265" level="INFO">Clicking element 'xpath=//*[text()='Close']/..'.</msg>
<status status="PASS" starttime="20230928 18:05:58.265" endtime="20230928 18:05:58.328"/>
</kw>
<kw name="Wait Until Element Is Visible" library="PuppeteerLibrary">
<arg>${waitdate}</arg>
<arg>${Wait}</arg>
<doc>Waits until ``locator`` element is displayed on web page.</doc>
<status status="PASS" starttime="20230928 18:05:58.329" endtime="20230928 18:05:58.332"/>
</kw>
<status status="PASS" starttime="20230928 18:05:55.408" endtime="20230928 18:05:58.332"/>
</kw>
<kw name="Pin Lead1" library="TicketRevamp-Page">
<kw name="Go To" library="PuppeteerLibrary">
<arg>url=${BaseURL}/object/lead</arg>
<doc>Navigates the current page to the ``url``</doc>
<msg timestamp="20230928 18:05:58.333" level="INFO">https://beta.connect-x.tech/object/lead</msg>
<status status="PASS" starttime="20230928 18:05:58.332" endtime="20230928 18:06:00.160"/>
</kw>
<kw name="Wait Until Element Is Visible" library="PuppeteerLibrary">
<arg>${ObjectTable}</arg>
<arg>${Wait}</arg>
<doc>Waits until ``locator`` element is displayed on web page.</doc>
<status status="PASS" starttime="20230928 18:06:00.161" endtime="20230928 18:06:02.741"/>
</kw>
<kw name="Click Element" library="PuppeteerLibrary">
<arg>${setFilter}</arg>
<doc>Clicks element identified by ``locator``.</doc>
<msg timestamp="20230928 18:06:02.741" level="INFO">Clicking element 'xpath=((//*[text()='คำสั่งซื้อใหม่']/../../../..//*//*//*//*//*)[3]//..//..)[1]'.</msg>
<status status="PASS" starttime="20230928 18:06:02.741" endtime="20230928 18:06:02.858"/>
</kw>
<kw name="Wait Until Element Is Visible" library="PuppeteerLibrary">
<arg>${FilterManagement}</arg>
<arg>${Wait}</arg>
<doc>Waits until ``locator`` element is displayed on web page.</doc>
<status status="PASS" starttime="20230928 18:06:02.858" endtime="20230928 18:06:02.862"/>
</kw>
<kw name="Click Element" library="PuppeteerLibrary">
<arg>${FilterManagement}</arg>
<doc>Clicks element identified by ``locator``.</doc>
<msg timestamp="20230928 18:06:02.862" level="INFO">Clicking element 'xpath=(//*[text()='การจัดการตัวกรอง']//..)[1]'.</msg>
<status status="PASS" starttime="20230928 18:06:02.862" endtime="20230928 18:06:02.981"/>
</kw>
<kw name="Wait Until Element Is Visible" library="PuppeteerLibrary">
<arg>${3dotAllLead}</arg>
<arg>${Wait}</arg>
<doc>Waits until ``locator`` element is displayed on web page.</doc>
<status status="PASS" starttime="20230928 18:06:02.982" endtime="20230928 18:06:02.985"/>
</kw>
<kw name="Click Element" library="PuppeteerLibrary">
<arg>${PinLeadTest}</arg>
<doc>Clicks element identified by ``locator``.</doc>
<msg timestamp="20230928 18:06:02.985" level="INFO">Clicking element 'xpath=(//*[text()='Lead Test']/../../..//button)[1]'.</msg>
<status status="PASS" starttime="20230928 18:06:02.985" endtime="20230928 18:06:05.917"/>
</kw>
<kw name="Wait Until Element Is Visible" library="PuppeteerLibrary">
<arg>${PinLeadTest}</arg>
<doc>Waits until ``locator`` element is displayed on web page.</doc>
<status status="PASS" starttime="20230928 18:06:05.917" endtime="20230928 18:06:05.923"/>
</kw>
<kw name="Click Button" library="PuppeteerLibrary">
<arg>${ButtonClose}</arg>
<doc>Clicks button identified by ``locator``.</doc>
<msg timestamp="20230928 18:06:05.923" level="INFO">Clicking button 'xpath=//*[text()='Close']'.</msg>
<status status="PASS" starttime="20230928 18:06:05.923" endtime="20230928 18:06:06.270"/>
</kw>
<kw name="Wait Until Element Is Visible" library="PuppeteerLibrary">
<arg>${ObjectTable}</arg>
<arg>${Wait}</arg>
<doc>Waits until ``locator`` element is displayed on web page.</doc>
<status status="PASS" starttime="20230928 18:06:06.270" endtime="20230928 18:06:07.180"/>
</kw>
<status status="PASS" starttime="20230928 18:05:58.332" endtime="20230928 18:06:07.181"/>
</kw>
<kw name="Go to ticketRevamp in Facebook" library="TicketRevamp-Page">
<kw name="Go To" library="PuppeteerLibrary">
<arg>${BaseURL}/ticketRevamp?ticketId=UJe9Dh8TEr0WNltR3Dwg</arg>
<doc>Navigates the current page to the ``url``</doc>
<msg timestamp="20230928 18:06:07.181" level="INFO">https://beta.connect-x.tech/ticketRevamp?ticketId=UJe9Dh8TEr0WNltR3Dwg</msg>
<status status="PASS" starttime="20230928 18:06:07.181" endtime="20230928 18:06:08.626"/>
</kw>
<kw name="Wait Until Element Is Visible" library="PuppeteerLibrary">
<arg>${WaitTicket}</arg>
<arg>${Wait}</arg>
<doc>Waits until ``locator`` element is displayed on web page.</doc>
<status status="PASS" starttime="20230928 18:06:08.626" endtime="20230928 18:06:11.885"/>
</kw>
<status status="PASS" starttime="20230928 18:06:07.181" endtime="20230928 18:06:11.885"/>
</kw>
<kw name="Drawer All Lead" library="TicketRevamp-Page">
<kw name="Click Element" library="PuppeteerLibrary">
<arg>${ButtonLead}</arg>
<doc>Clicks element identified by ``locator``.</doc>
<msg timestamp="20230928 18:06:11.885" level="INFO">Clicking element 'xpath=(//*[text()='Lead'])/../..'.</msg>
<status status="PASS" starttime="20230928 18:06:11.885" endtime="20230928 18:06:12.362"/>
</kw>
<kw name="Wait Until Element Is Visible" library="PuppeteerLibrary">
<arg>${Owneragent}</arg>
<arg>${Wait}</arg>
<doc>Waits until ``locator`` element is displayed on web page.</doc>
<status status="PASS" starttime="20230928 18:06:12.362" endtime="20230928 18:06:12.366"/>
</kw>
<kw name="Click Element" library="PuppeteerLibrary">
<arg>${AllLeadDrawer}</arg>
<doc>Clicks element identified by ``locator``.</doc>
<msg timestamp="20230928 18:06:12.366" level="INFO">Clicking element 'xpath=(//*[@id="ticket-lead-btn-view-all"])'.</msg>
<status status="PASS" starttime="20230928 18:06:12.366" endtime="20230928 18:06:12.748"/>
</kw>
<kw name="Wait Until Element Is Visible" library="PuppeteerLibrary">
<arg>${Clickidcreate-Lead}</arg>
<arg>${Wait}</arg>
<doc>Waits until ``locator`` element is displayed on web page.</doc>
<status status="PASS" starttime="20230928 18:06:12.748" endtime="20230928 18:06:14.088"/>
</kw>
<kw name="Click Element" library="PuppeteerLibrary">
<arg>${CloseDrawerLead}</arg>
<doc>Clicks element identified by ``locator``.</doc>
<msg timestamp="20230928 18:06:14.088" level="INFO">Clicking element 'xpath=//*[text()='Close']/..'.</msg>
<status status="PASS" starttime="20230928 18:06:14.088" endtime="20230928 18:06:14.137"/>
</kw>
<kw name="Wait Until Element Is Visible" library="PuppeteerLibrary">
<arg>${waitdate}</arg>
<arg>${Wait}</arg>
<doc>Waits until ``locator`` element is displayed on web page.</doc>
<status status="PASS" starttime="20230928 18:06:14.137" endtime="20230928 18:06:14.144"/>
</kw>
<status status="PASS" starttime="20230928 18:06:11.885" endtime="20230928 18:06:14.144"/>
</kw>
<kw name="Close All Browser" library="PuppeteerLibrary" type="TEARDOWN">
<doc>Close all browser</doc>
<status status="PASS" starttime="20230928 18:06:14.144" endtime="20230928 18:06:14.196"/>
</kw>
<status status="PASS" starttime="20230928 18:05:33.651" endtime="20230928 18:06:14.197"/>
</test>
<test id="s1-s1-t6" name="TC-006 Verify Unpin List view Drawer Lead" line="44">
<kw name="Open Browser and Login" library="TicketRevamp-Page" type="SETUP">
<kw name="Get Variable Value" library="BuiltIn">
<var>${headless}</var>
<arg>${HEADLESS}</arg>
<arg>${False}</arg>
<doc>Returns variable value or ``default`` if the variable does not exist.</doc>
<msg timestamp="20230928 18:06:14.200" level="INFO">${headless} = False</msg>
<status status="PASS" starttime="20230928 18:06:14.197" endtime="20230928 18:06:14.200"/>
</kw>
<kw name="Evaluate" library="BuiltIn">
<var>${options}</var>
<arg>{'args':['--start-maximized'], 'headless': ${headless}}</arg>
<doc>Evaluates the given expression in Python and returns the result.</doc>
<msg timestamp="20230928 18:06:14.200" level="INFO">${options} = {'args': ['--start-maximized'], 'headless': False}</msg>
<status status="PASS" starttime="20230928 18:06:14.200" endtime="20230928 18:06:14.200"/>
</kw>
<kw name="Open Browser" library="PuppeteerLibrary">
<arg>${BaseURL}/login</arg>
<arg>browser=pwchrome</arg>
<arg>options=${options}</arg>
<doc>Opens a new browser instance to the specific ``url``.</doc>
<msg timestamp="20230928 18:06:14.200" level="INFO">https://beta.connect-x.tech/login</msg>
<status status="PASS" starttime="20230928 18:06:14.200" endtime="20230928 18:06:17.586"/>
</kw>
<kw name="Input Text" library="PuppeteerLibrary">
<arg>${Email}</arg>
<arg>${emailOrgAgent3}</arg>
<doc>Types the given text into text field identified by ``locator``.</doc>
<msg timestamp="20230928 18:06:17.587" level="INFO">Typing text 'agent3@conx.tech' into text field 'xpath=//input[@name='email']'.</msg>
<status status="PASS" starttime="20230928 18:06:17.587" endtime="20230928 18:06:17.664"/>
</kw>
<kw name="Input Password" library="PuppeteerLibrary">
<arg>${Password}</arg>
<arg>${PassOrgAgent3}</arg>
<doc>Types the given text into text field same as ``Input Text`` Keyword.</doc>
<msg timestamp="20230928 18:06:17.664" level="INFO">Typing password into text field 'xpath=//input[@name='password']'.</msg>
<status status="PASS" starttime="20230928 18:06:17.664" endtime="20230928 18:06:17.710"/>
</kw>
<kw name="Select Checkbox" library="PuppeteerLibrary">
<arg>${ClickRemember}</arg>
<doc>Select checkbox based on locator</doc>
<msg timestamp="20230928 18:06:17.711" level="INFO">Select checkbox xpath=//input[@type='checkbox'].</msg>
<status status="PASS" starttime="20230928 18:06:17.710" endtime="20230928 18:06:17.762"/>
</kw>
<kw name="Click Element" library="PuppeteerLibrary">
<arg>${Buttonlogin}</arg>
<doc>Clicks element identified by ``locator``.</doc>
<msg timestamp="20230928 18:06:17.762" level="INFO">Clicking element 'xpath=//button[@type='submit']'.</msg>
<status status="PASS" starttime="20230928 18:06:17.762" endtime="20230928 18:06:17.805"/>
</kw>
<kw name="Wait Until Element Is Visible" library="PuppeteerLibrary">
<arg>${Waitlogin}</arg>
<arg>${Wait}</arg>
<doc>Waits until ``locator`` element is displayed on web page.</doc>
<status status="PASS" starttime="20230928 18:06:17.805" endtime="20230928 18:06:29.452"/>
</kw>
<status status="PASS" starttime="20230928 18:06:14.197" endtime="20230928 18:06:29.452"/>
</kw>
<kw name="Pin Lead2" library="TicketRevamp-Page">
<kw name="Go To" library="PuppeteerLibrary">
<arg>url=${BaseURL}/object/lead</arg>
<doc>Navigates the current page to the ``url``</doc>
<msg timestamp="20230928 18:06:29.453" level="INFO">https://beta.connect-x.tech/object/lead</msg>
<status status="PASS" starttime="20230928 18:06:29.452" endtime="20230928 18:06:30.990"/>
</kw>
<kw name="Wait Until Element Is Visible" library="PuppeteerLibrary">
<arg>${ObjectTable}</arg>
<arg>${Wait}</arg>
<doc>Waits until ``locator`` element is displayed on web page.</doc>
<status status="PASS" starttime="20230928 18:06:30.991" endtime="20230928 18:06:33.507"/>
</kw>
<kw name="Click Element" library="PuppeteerLibrary">
<arg>${setFilter}</arg>
<doc>Clicks element identified by ``locator``.</doc>
<msg timestamp="20230928 18:06:33.508" level="INFO">Clicking element 'xpath=((//*[text()='คำสั่งซื้อใหม่']/../../../..//*//*//*//*//*)[3]//..//..)[1]'.</msg>
<status status="PASS" starttime="20230928 18:06:33.508" endtime="20230928 18:06:33.591"/>
</kw>
<kw name="Wait Until Element Is Visible" library="PuppeteerLibrary">
<arg>${FilterManagement}</arg>
<arg>${Wait}</arg>
<doc>Waits until ``locator`` element is displayed on web page.</doc>
<status status="PASS" starttime="20230928 18:06:33.592" endtime="20230928 18:06:33.596"/>
</kw>
<kw name="Click Element" library="PuppeteerLibrary">
<arg>${FilterManagement}</arg>
<doc>Clicks element identified by ``locator``.</doc>
<msg timestamp="20230928 18:06:33.596" level="INFO">Clicking element 'xpath=(//*[text()='การจัดการตัวกรอง']//..)[1]'.</msg>
<status status="PASS" starttime="20230928 18:06:33.596" endtime="20230928 18:06:33.682"/>
</kw>
<kw name="Wait Until Element Is Visible" library="PuppeteerLibrary">
<arg>${3dotAllLead}</arg>
<arg>${Wait}</arg>
<doc>Waits until ``locator`` element is displayed on web page.</doc>
<status status="PASS" starttime="20230928 18:06:33.682" endtime="20230928 18:06:33.685"/>
</kw>
<kw name="Click Element" library="PuppeteerLibrary">
<arg>${PinAllLead}</arg>
<doc>Clicks element identified by ``locator``.</doc>
<msg timestamp="20230928 18:06:33.685" level="INFO">Clicking element 'xpath=(//*[text()='All Lead']/../../..//button)[1]'.</msg>
<status status="PASS" starttime="20230928 18:06:33.685" endtime="20230928 18:06:36.634"/>
</kw>
<kw name="Wait Until Element Is Visible" library="PuppeteerLibrary">
<arg>${PinAllLead}</arg>
<doc>Waits until ``locator`` element is displayed on web page.</doc>
<status status="PASS" starttime="20230928 18:06:36.634" endtime="20230928 18:06:36.638"/>
</kw>
<kw name="Click Button" library="PuppeteerLibrary">
<arg>${ButtonClose}</arg>
<doc>Clicks button identified by ``locator``.</doc>
<msg timestamp="20230928 18:06:36.638" level="INFO">Clicking button 'xpath=//*[text()='Close']'.</msg>
<status status="PASS" starttime="20230928 18:06:36.638" endtime="20230928 18:06:36.817"/>
</kw>
<kw name="Wait Until Element Is Visible" library="PuppeteerLibrary">
<arg>${ObjectTable}</arg>
<arg>${Wait}</arg>
<doc>Waits until ``locator`` element is displayed on web page.</doc>
<status status="PASS" starttime="20230928 18:06:36.817" endtime="20230928 18:06:36.914"/>
</kw>
<status status="PASS" starttime="20230928 18:06:29.452" endtime="20230928 18:06:36.915"/>
</kw>
<kw name="Go to ticketRevamp in Facebook" library="TicketRevamp-Page">
<kw name="Go To" library="PuppeteerLibrary">
<arg>${BaseURL}/ticketRevamp?ticketId=UJe9Dh8TEr0WNltR3Dwg</arg>
<doc>Navigates the current page to the ``url``</doc>
<msg timestamp="20230928 18:06:36.915" level="INFO">https://beta.connect-x.tech/ticketRevamp?ticketId=UJe9Dh8TEr0WNltR3Dwg</msg>
<status status="PASS" starttime="20230928 18:06:36.915" endtime="20230928 18:06:38.537"/>
</kw>
<kw name="Wait Until Element Is Visible" library="PuppeteerLibrary">
<arg>${WaitTicket}</arg>
<arg>${Wait}</arg>
<doc>Waits until ``locator`` element is displayed on web page.</doc>
<status status="PASS" starttime="20230928 18:06:38.537" endtime="20230928 18:06:41.776"/>
</kw>
<status status="PASS" starttime="20230928 18:06:36.915" endtime="20230928 18:06:41.776"/>
</kw>
<kw name="Drawer All Lead" library="TicketRevamp-Page">
<kw name="Click Element" library="PuppeteerLibrary">
<arg>${ButtonLead}</arg>
<doc>Clicks element identified by ``locator``.</doc>
<msg timestamp="20230928 18:06:41.776" level="INFO">Clicking element 'xpath=(//*[text()='Lead'])/../..'.</msg>
<status status="PASS" starttime="20230928 18:06:41.776" endtime="20230928 18:06:41.948"/>
</kw>
<kw name="Wait Until Element Is Visible" library="PuppeteerLibrary">
<arg>${Owneragent}</arg>
<arg>${Wait}</arg>
<doc>Waits until ``locator`` element is displayed on web page.</doc>
<status status="PASS" starttime="20230928 18:06:41.948" endtime="20230928 18:06:42.264"/>
</kw>
<kw name="Click Element" library="PuppeteerLibrary">
<arg>${AllLeadDrawer}</arg>
<doc>Clicks element identified by ``locator``.</doc>
<msg timestamp="20230928 18:06:42.264" level="INFO">Clicking element 'xpath=(//*[@id="ticket-lead-btn-view-all"])'.</msg>
<status status="PASS" starttime="20230928 18:06:42.264" endtime="20230928 18:06:42.585"/>
</kw>
<kw name="Wait Until Element Is Visible" library="PuppeteerLibrary">
<arg>${Clickidcreate-Lead}</arg>
<arg>${Wait}</arg>
<doc>Waits until ``locator`` element is displayed on web page.</doc>
<status status="PASS" starttime="20230928 18:06:42.585" endtime="20230928 18:06:44.604"/>
</kw>
<kw name="Click Element" library="PuppeteerLibrary">
<arg>${CloseDrawerLead}</arg>
<doc>Clicks element identified by ``locator``.</doc>
<msg timestamp="20230928 18:06:44.605" level="INFO">Clicking element 'xpath=//*[text()='Close']/..'.</msg>
<status status="PASS" starttime="20230928 18:06:44.605" endtime="20230928 18:06:44.662"/>
</kw>
<kw name="Wait Until Element Is Visible" library="PuppeteerLibrary">
<arg>${waitdate}</arg>
<arg>${Wait}</arg>
<doc>Waits until ``locator`` element is displayed on web page.</doc>
<status status="PASS" starttime="20230928 18:06:44.662" endtime="20230928 18:06:44.666"/>
</kw>
<status status="PASS" starttime="20230928 18:06:41.776" endtime="20230928 18:06:44.666"/>
</kw>
<kw name="Close All Browser" library="PuppeteerLibrary" type="TEARDOWN">
<doc>Close all browser</doc>
<status status="PASS" starttime="20230928 18:06:44.666" endtime="20230928 18:06:44.727"/>
</kw>
<status status="PASS" starttime="20230928 18:06:14.197" endtime="20230928 18:06:44.727"/>
</test>
<test id="s1-s1-t7" name="TC-007 Verify Delete Filter Lead" line="49">
<kw name="Open Browser and Login" library="TicketRevamp-Page" type="SETUP">
<kw name="Get Variable Value" library="BuiltIn">
<var>${headless}</var>
<arg>${HEADLESS}</arg>
<arg>${False}</arg>
<doc>Returns variable value or ``default`` if the variable does not exist.</doc>
<msg timestamp="20230928 18:06:44.730" level="INFO">${headless} = False</msg>
<status status="PASS" starttime="20230928 18:06:44.728" endtime="20230928 18:06:44.730"/>
</kw>
<kw name="Evaluate" library="BuiltIn">
<var>${options}</var>
<arg>{'args':['--start-maximized'], 'headless': ${headless}}</arg>
<doc>Evaluates the given expression in Python and returns the result.</doc>
<msg timestamp="20230928 18:06:44.731" level="INFO">${options} = {'args': ['--start-maximized'], 'headless': False}</msg>
<status status="PASS" starttime="20230928 18:06:44.730" endtime="20230928 18:06:44.731"/>
</kw>
<kw name="Open Browser" library="PuppeteerLibrary">
<arg>${BaseURL}/login</arg>
<arg>browser=pwchrome</arg>
<arg>options=${options}</arg>
<doc>Opens a new browser instance to the specific ``url``.</doc>
<msg timestamp="20230928 18:06:44.731" level="INFO">https://beta.connect-x.tech/login</msg>
<status status="PASS" starttime="20230928 18:06:44.731" endtime="20230928 18:06:48.291"/>
</kw>
<kw name="Input Text" library="PuppeteerLibrary">
<arg>${Email}</arg>
<arg>${emailOrgAgent3}</arg>
<doc>Types the given text into text field identified by ``locator``.</doc>
<msg timestamp="20230928 18:06:48.291" level="INFO">Typing text 'agent3@conx.tech' into text field 'xpath=//input[@name='email']'.</msg>
<status status="PASS" starttime="20230928 18:06:48.291" endtime="20230928 18:06:48.362"/>
</kw>
<kw name="Input Password" library="PuppeteerLibrary">
<arg>${Password}</arg>
<arg>${PassOrgAgent3}</arg>
<doc>Types the given text into text field same as ``Input Text`` Keyword.</doc>
<msg timestamp="20230928 18:06:48.362" level="INFO">Typing password into text field 'xpath=//input[@name='password']'.</msg>
<status status="PASS" starttime="20230928 18:06:48.362" endtime="20230928 18:06:48.413"/>
</kw>
<kw name="Select Checkbox" library="PuppeteerLibrary">
<arg>${ClickRemember}</arg>
<doc>Select checkbox based on locator</doc>
<msg timestamp="20230928 18:06:48.413" level="INFO">Select checkbox xpath=//input[@type='checkbox'].</msg>
<status status="PASS" starttime="20230928 18:06:48.413" endtime="20230928 18:06:48.459"/>
</kw>
<kw name="Click Element" library="PuppeteerLibrary">
<arg>${Buttonlogin}</arg>
<doc>Clicks element identified by ``locator``.</doc>
<msg timestamp="20230928 18:06:48.459" level="INFO">Clicking element 'xpath=//button[@type='submit']'.</msg>
<status status="PASS" starttime="20230928 18:06:48.459" endtime="20230928 18:06:48.503"/>
</kw>
<kw name="Wait Until Element Is Visible" library="PuppeteerLibrary">
<arg>${Waitlogin}</arg>
<arg>${Wait}</arg>
<doc>Waits until ``locator`` element is displayed on web page.</doc>
<status status="PASS" starttime="20230928 18:06:48.503" endtime="20230928 18:07:00.092"/>
</kw>
<status status="PASS" starttime="20230928 18:06:44.727" endtime="20230928 18:07:00.092"/>
</kw>
<kw name="Go to ticketRevamp in Facebook" library="TicketRevamp-Page">
<kw name="Go To" library="PuppeteerLibrary">
<arg>${BaseURL}/ticketRevamp?ticketId=UJe9Dh8TEr0WNltR3Dwg</arg>
<doc>Navigates the current page to the ``url``</doc>
<msg timestamp="20230928 18:07:00.092" level="INFO">https://beta.connect-x.tech/ticketRevamp?ticketId=UJe9Dh8TEr0WNltR3Dwg</msg>
<status status="PASS" starttime="20230928 18:07:00.092" endtime="20230928 18:07:01.647"/>
</kw>
<kw name="Wait Until Element Is Visible" library="PuppeteerLibrary">
<arg>${WaitTicket}</arg>
<arg>${Wait}</arg>
<doc>Waits until ``locator`` element is displayed on web page.</doc>
<status status="PASS" starttime="20230928 18:07:01.647" endtime="20230928 18:07:04.973"/>
</kw>
<status status="PASS" starttime="20230928 18:07:00.092" endtime="20230928 18:07:04.974"/>
</kw>
<kw name="Delete Filter Lead Test From Object Lead" library="TicketRevamp-Page">
<kw name="Go To" library="PuppeteerLibrary">
<arg>url=${BaseURL}/object/lead</arg>
<doc>Navigates the current page to the ``url``</doc>
<msg timestamp="20230928 18:07:04.974" level="INFO">https://beta.connect-x.tech/object/lead</msg>
<status status="PASS" starttime="20230928 18:07:04.974" endtime="20230928 18:07:06.600"/>
</kw>
<kw name="Wait Until Element Is Visible" library="PuppeteerLibrary">
<arg>${ObjectTable}</arg>
<arg>${Wait}</arg>
<doc>Waits until ``locator`` element is displayed on web page.</doc>
<status status="PASS" starttime="20230928 18:07:06.600" endtime="20230928 18:07:09.267"/>
</kw>
<kw name="Click Element" library="PuppeteerLibrary">
<arg>${setFilter}</arg>
<doc>Clicks element identified by ``locator``.</doc>
<msg timestamp="20230928 18:07:09.268" level="INFO">Clicking element 'xpath=((//*[text()='คำสั่งซื้อใหม่']/../../../..//*//*//*//*//*)[3]//..//..)[1]'.</msg>
<status status="PASS" starttime="20230928 18:07:09.268" endtime="20230928 18:07:09.379"/>
</kw>
<kw name="Wait Until Element Is Visible" library="PuppeteerLibrary">
<arg>${FilterManagement}</arg>
<arg>${Wait}</arg>
<doc>Waits until ``locator`` element is displayed on web page.</doc>
<status status="PASS" starttime="20230928 18:07:09.379" endtime="20230928 18:07:09.384"/>
</kw>
<kw name="Click Element" library="PuppeteerLibrary">
<arg>${FilterManagement}</arg>
<doc>Clicks element identified by ``locator``.</doc>
<msg timestamp="20230928 18:07:09.384" level="INFO">Clicking element 'xpath=(//*[text()='การจัดการตัวกรอง']//..)[1]'.</msg>
<status status="PASS" starttime="20230928 18:07:09.384" endtime="20230928 18:07:09.511"/>
</kw>
<kw name="Wait Until Element Is Visible" library="PuppeteerLibrary">
<arg>${AllLeadFilter}</arg>
<arg>${Wait}</arg>
<doc>Waits until ``locator`` element is displayed on web page.</doc>
<status status="PASS" starttime="20230928 18:07:09.511" endtime="20230928 18:07:09.514"/>
</kw>
<kw name="Click Element" library="PuppeteerLibrary">
<arg>${3dotTestLead}</arg>
<doc>Clicks element identified by ``locator``.</doc>
<msg timestamp="20230928 18:07:09.515" level="INFO">Clicking element 'xpath=(//*[text()='Lead Test']//..//..//..//button)[2]'.</msg>
<status status="PASS" starttime="20230928 18:07:09.514" endtime="20230928 18:07:12.731"/>
</kw>
<kw name="Wait Until Element Is Visible" library="PuppeteerLibrary">
<arg>${ClickDelete}</arg>
<arg>${Wait}</arg>
<doc>Waits until ``locator`` element is displayed on web page.</doc>
<status status="PASS" starttime="20230928 18:07:12.731" endtime="20230928 18:07:12.737"/>
</kw>
<kw name="Click Element" library="PuppeteerLibrary">
<arg>${ClickDelete}</arg>
<doc>Clicks element identified by ``locator``.</doc>
<msg timestamp="20230928 18:07:12.737" level="INFO">Clicking element 'xpath=(//*[text()='ลบ']//..)[1]'.</msg>
<status status="PASS" starttime="20230928 18:07:12.737" endtime="20230928 18:07:12.764"/>
</kw>
<kw name="Wait Until Element Is Visible" library="PuppeteerLibrary">
<arg>${ConfirmDelete}</arg>
<arg>${Wait}</arg>
<doc>Waits until ``locator`` element is displayed on web page.</doc>
<status status="PASS" starttime="20230928 18:07:12.764" endtime="20230928 18:07:12.768"/>
</kw>
<kw name="Click Element" library="PuppeteerLibrary">
<arg>${ConfirmDelete}</arg>
<arg>${Wait}</arg>
<doc>Clicks element identified by ``locator``.</doc>
<msg timestamp="20230928 18:07:12.768" level="INFO">Clicking element 'xpath=//*[text()='Delete']'.</msg>
<status status="PASS" starttime="20230928 18:07:12.768" endtime="20230928 18:07:12.815"/>
</kw>
<kw name="Wait Until Element Is Visible" library="PuppeteerLibrary">
<arg>${WaitSucces}</arg>
<arg>${Wait}</arg>
<doc>Waits until ``locator`` element is displayed on web page.</doc>
<status status="PASS" starttime="20230928 18:07:12.815" endtime="20230928 18:07:15.546"/>
</kw>
<kw name="Click Element" library="PuppeteerLibrary">
<arg>${CloseDrawerLead}</arg>
<arg>${Wait}</arg>
<doc>Clicks element identified by ``locator``.</doc>
<msg timestamp="20230928 18:07:15.547" level="INFO">Clicking element 'xpath=//*[text()='Close']/..'.</msg>
<status status="PASS" starttime="20230928 18:07:15.546" endtime="20230928 18:07:15.829"/>
</kw>
<kw name="Wait Until Element Is Visible" library="PuppeteerLibrary">
<arg>${ObjectTable}</arg>
<arg>${Wait}</arg>
<doc>Waits until ``locator`` element is displayed on web page.</doc>
<status status="PASS" starttime="20230928 18:07:15.829" endtime="20230928 18:07:16.859"/>
</kw>
<status status="PASS" starttime="20230928 18:07:04.974" endtime="20230928 18:07:16.859"/>
</kw>
<kw name="Go to ticketRevamp in Facebook" library="TicketRevamp-Page">
<kw name="Go To" library="PuppeteerLibrary">
<arg>${BaseURL}/ticketRevamp?ticketId=UJe9Dh8TEr0WNltR3Dwg</arg>
<doc>Navigates the current page to the ``url``</doc>
<msg timestamp="20230928 18:07:16.860" level="INFO">https://beta.connect-x.tech/ticketRevamp?ticketId=UJe9Dh8TEr0WNltR3Dwg</msg>
<status status="PASS" starttime="20230928 18:07:16.859" endtime="20230928 18:07:18.296"/>
</kw>
<kw name="Wait Until Element Is Visible" library="PuppeteerLibrary">
<arg>${WaitTicket}</arg>
<arg>${Wait}</arg>
<doc>Waits until ``locator`` element is displayed on web page.</doc>
<status status="PASS" starttime="20230928 18:07:18.297" endtime="20230928 18:07:21.301"/>
</kw>
<status status="PASS" starttime="20230928 18:07:16.859" endtime="20230928 18:07:21.301"/>
</kw>
<kw name="Drawer All Lead" library="TicketRevamp-Page">
<kw name="Click Element" library="PuppeteerLibrary">
<arg>${ButtonLead}</arg>
<doc>Clicks element identified by ``locator``.</doc>
<msg timestamp="20230928 18:07:21.302" level="INFO">Clicking element 'xpath=(//*[text()='Lead'])/../..'.</msg>
<status status="PASS" starttime="20230928 18:07:21.302" endtime="20230928 18:07:21.774"/>
</kw>
<kw name="Wait Until Element Is Visible" library="PuppeteerLibrary">
<arg>${Owneragent}</arg>
<arg>${Wait}</arg>
<doc>Waits until ``locator`` element is displayed on web page.</doc>
<status status="PASS" starttime="20230928 18:07:21.774" endtime="20230928 18:07:21.778"/>
</kw>
<kw name="Click Element" library="PuppeteerLibrary">
<arg>${AllLeadDrawer}</arg>
<doc>Clicks element identified by ``locator``.</doc>
<msg timestamp="20230928 18:07:21.778" level="INFO">Clicking element 'xpath=(//*[@id="ticket-lead-btn-view-all"])'.</msg>
<status status="PASS" starttime="20230928 18:07:21.778" endtime="20230928 18:07:22.128"/>
</kw>
<kw name="Wait Until Element Is Visible" library="PuppeteerLibrary">
<arg>${Clickidcreate-Lead}</arg>
<arg>${Wait}</arg>
<doc>Waits until ``locator`` element is displayed on web page.</doc>
<status status="PASS" starttime="20230928 18:07:22.128" endtime="20230928 18:07:23.994"/>
</kw>
<kw name="Click Element" library="PuppeteerLibrary">
<arg>${CloseDrawerLead}</arg>
<doc>Clicks element identified by ``locator``.</doc>
<msg timestamp="20230928 18:07:23.995" level="INFO">Clicking element 'xpath=//*[text()='Close']/..'.</msg>
<status status="PASS" starttime="20230928 18:07:23.995" endtime="20230928 18:07:24.059"/>
</kw>
<kw name="Wait Until Element Is Visible" library="PuppeteerLibrary">
<arg>${waitdate}</arg>
<arg>${Wait}</arg>
<doc>Waits until ``locator`` element is displayed on web page.</doc>
<status status="PASS" starttime="20230928 18:07:24.059" endtime="20230928 18:07:24.063"/>
</kw>
<status status="PASS" starttime="20230928 18:07:21.302" endtime="20230928 18:07:24.063"/>
</kw>
<kw name="Close All Browser" library="PuppeteerLibrary" type="TEARDOWN">
<doc>Close all browser</doc>
<status status="PASS" starttime="20230928 18:07:24.063" endtime="20230928 18:07:24.123"/>
</kw>
<status status="PASS" starttime="20230928 18:06:44.727" endtime="20230928 18:07:24.123"/>
</test>
<test id="s1-s1-t8" name="TC-008 Verify Sorting List view Drawer Lead" line="55">
<kw name="Open Browser and Login" library="TicketRevamp-Page" type="SETUP">
<kw name="Get Variable Value" library="BuiltIn">
<var>${headless}</var>
<arg>${HEADLESS}</arg>
<arg>${False}</arg>
<doc>Returns variable value or ``default`` if the variable does not exist.</doc>
<msg timestamp="20230928 18:07:24.126" level="INFO">${headless} = False</msg>
<status status="PASS" starttime="20230928 18:07:24.124" endtime="20230928 18:07:24.126"/>
</kw>
<kw name="Evaluate" library="BuiltIn">
<var>${options}</var>
<arg>{'args':['--start-maximized'], 'headless': ${headless}}</arg>
<doc>Evaluates the given expression in Python and returns the result.</doc>
<msg timestamp="20230928 18:07:24.126" level="INFO">${options} = {'args': ['--start-maximized'], 'headless': False}</msg>
<status status="PASS" starttime="20230928 18:07:24.126" endtime="20230928 18:07:24.126"/>
</kw>
<kw name="Open Browser" library="PuppeteerLibrary">
<arg>${BaseURL}/login</arg>
<arg>browser=pwchrome</arg>
<arg>options=${options}</arg>
<doc>Opens a new browser instance to the specific ``url``.</doc>
<msg timestamp="20230928 18:07:24.126" level="INFO">https://beta.connect-x.tech/login</msg>
<status status="PASS" starttime="20230928 18:07:24.126" endtime="20230928 18:07:27.695"/>
</kw>
<kw name="Input Text" library="PuppeteerLibrary">
<arg>${Email}</arg>
<arg>${emailOrgAgent3}</arg>
<doc>Types the given text into text field identified by ``locator``.</doc>
<msg timestamp="20230928 18:07:27.696" level="INFO">Typing text 'agent3@conx.tech' into text field 'xpath=//input[@name='email']'.</msg>
<status status="PASS" starttime="20230928 18:07:27.696" endtime="20230928 18:07:27.779"/>
</kw>
<kw name="Input Password" library="PuppeteerLibrary">
<arg>${Password}</arg>
<arg>${PassOrgAgent3}</arg>
<doc>Types the given text into text field same as ``Input Text`` Keyword.</doc>
<msg timestamp="20230928 18:07:27.779" level="INFO">Typing password into text field 'xpath=//input[@name='password']'.</msg>
<status status="PASS" starttime="20230928 18:07:27.779" endtime="20230928 18:07:27.828"/>
</kw>
<kw name="Select Checkbox" library="PuppeteerLibrary">
<arg>${ClickRemember}</arg>
<doc>Select checkbox based on locator</doc>
<msg timestamp="20230928 18:07:27.828" level="INFO">Select checkbox xpath=//input[@type='checkbox'].</msg>
<status status="PASS" starttime="20230928 18:07:27.828" endtime="20230928 18:07:27.878"/>
</kw>
<kw name="Click Element" library="PuppeteerLibrary">
<arg>${Buttonlogin}</arg>
<doc>Clicks element identified by ``locator``.</doc>
<msg timestamp="20230928 18:07:27.878" level="INFO">Clicking element 'xpath=//button[@type='submit']'.</msg>
<status status="PASS" starttime="20230928 18:07:27.878" endtime="20230928 18:07:27.920"/>
</kw>
<kw name="Wait Until Element Is Visible" library="PuppeteerLibrary">
<arg>${Waitlogin}</arg>
<arg>${Wait}</arg>
<doc>Waits until ``locator`` element is displayed on web page.</doc>
<status status="PASS" starttime="20230928 18:07:27.920" endtime="20230928 18:07:40.265"/>
</kw>
<status status="PASS" starttime="20230928 18:07:24.123" endtime="20230928 18:07:40.266"/>
</kw>
<kw name="Go to ticketRevamp in Facebook" library="TicketRevamp-Page">
<kw name="Go To" library="PuppeteerLibrary">
<arg>${BaseURL}/ticketRevamp?ticketId=UJe9Dh8TEr0WNltR3Dwg</arg>
<doc>Navigates the current page to the ``url``</doc>
<msg timestamp="20230928 18:07:40.266" level="INFO">https://beta.connect-x.tech/ticketRevamp?ticketId=UJe9Dh8TEr0WNltR3Dwg</msg>
[...]
<kw name="Click Element" library="PuppeteerLibrary">
<arg>${ButtonLead}</arg>
<doc>Clicks element identified by ``locator``.</doc>
<msg timestamp="20230928 18:23:17.845" level="INFO">Clicking element 'xpath=(//*[text()='Lead'])/../..'.</msg>
<status status="PASS" starttime="20230928 18:23:17.845" endtime="20230928 18:23:17.952"/>
</kw>
<kw name="Wait Until Element Is Visible" library="PuppeteerLibrary">
<arg>${Owneragent}</arg>
<arg>${Wait}</arg>
<doc>Waits until ``locator`` element is displayed on web page.</doc>
<status status="PASS" starttime="20230928 18:23:17.952" endtime="20230928 18:23:17.962"/>
</kw>
<kw name="Click Element" library="PuppeteerLibrary">
<arg>${LeadInfo}</arg>
<doc>Clicks element identified by ``locator``.</doc>
<msg timestamp="20230928 18:23:17.962" level="INFO">Clicking element 'xpath=(//*[text()='ชื่อลีด']/../../..//*[contains(text(),'LD-')])[1]'.</msg>
<status status="PASS" starttime="20230928 18:23:17.962" endtime="20230928 18:23:18.214"/>
</kw>
<kw name="Wait Until Element Is Visible" library="PuppeteerLibrary">
<arg>${EditMobile}</arg>
<arg>${Wait}</arg>
<doc>Waits until ``locator`` element is displayed on web page.</doc>
<status status="PASS" starttime="20230928 18:23:18.214" endtime="20230928 18:23:20.025"/>
</kw>
<status status="PASS" starttime="20230928 18:23:17.844" endtime="20230928 18:23:20.026"/>
</kw>
<kw name="Close All Browser" library="PuppeteerLibrary" type="TEARDOWN">
<doc>Close all browser</doc>
<status status="PASS" starttime="20230928 18:23:20.026" endtime="20230928 18:23:20.080"/>
</kw>
<status status="PASS" starttime="20230928 18:22:57.377" endtime="20230928 18:23:20.080"/>
</test>
<test id="s1-s1-t41" name="TC-041 Verify Delete Lead" line="220">
<kw name="Open Browser and Login" library="TicketRevamp-Page" type="SETUP">
<kw name="Get Variable Value" library="BuiltIn">
<var>${headless}</var>
<arg>${HEADLESS}</arg>
<arg>${False}</arg>
<doc>Returns variable value or ``default`` if the variable does not exist.</doc>
<msg timestamp="20230928 18:23:20.083" level="INFO">${headless} = False</msg>
<status status="PASS" starttime="20230928 18:23:20.081" endtime="20230928 18:23:20.083"/>
</kw>
<kw name="Evaluate" library="BuiltIn">
<var>${options}</var>
<arg>{'args':['--start-maximized'], 'headless': ${headless}}</arg>
<doc>Evaluates the given expression in Python and returns the result.</doc>
<msg timestamp="20230928 18:23:20.083" level="INFO">${options} = {'args': ['--start-maximized'], 'headless': False}</msg>
<status status="PASS" starttime="20230928 18:23:20.083" endtime="20230928 18:23:20.083"/>
</kw>
<kw name="Open Browser" library="PuppeteerLibrary">
<arg>${BaseURL}/login</arg>
<arg>browser=pwchrome</arg>
<arg>options=${options}</arg>
<doc>Opens a new browser instance to the specific ``url``.</doc>
<msg timestamp="20230928 18:23:20.084" level="INFO">https://beta.connect-x.tech/login</msg>
<status status="PASS" starttime="20230928 18:23:20.083" endtime="20230928 18:23:23.295"/>
</kw>
<kw name="Input Text" library="PuppeteerLibrary">
<arg>${Email}</arg>
<arg>${emailOrgAgent3}</arg>
<doc>Types the given text into text field identified by ``locator``.</doc>
<msg timestamp="20230928 18:23:23.296" level="INFO">Typing text 'agent3@conx.tech' into text field 'xpath=//input[@name='email']'.</msg>
<status status="PASS" starttime="20230928 18:23:23.296" endtime="20230928 18:23:23.409"/>
</kw>
<kw name="Input Password" library="PuppeteerLibrary">
<arg>${Password}</arg>
<arg>${PassOrgAgent3}</arg>
<doc>Types the given text into text field same as ``Input Text`` Keyword.</doc>
<msg timestamp="20230928 18:23:23.409" level="INFO">Typing password into text field 'xpath=//input[@name='password']'.</msg>
<status status="PASS" starttime="20230928 18:23:23.409" endtime="20230928 18:23:23.463"/>
</kw>
<kw name="Select Checkbox" library="PuppeteerLibrary">
<arg>${ClickRemember}</arg>
<doc>Select checkbox based on locator</doc>
<msg timestamp="20230928 18:23:23.463" level="INFO">Select checkbox xpath=//input[@type='checkbox'].</msg>
<status status="PASS" starttime="20230928 18:23:23.463" endtime="20230928 18:23:23.512"/>
</kw>
<kw name="Click Element" library="PuppeteerLibrary">
<arg>${Buttonlogin}</arg>
<doc>Clicks element identified by ``locator``.</doc>
<msg timestamp="20230928 18:23:23.512" level="INFO">Clicking element 'xpath=//button[@type='submit']'.</msg>
<status status="PASS" starttime="20230928 18:23:23.512" endtime="20230928 18:23:23.553"/>
</kw>
<kw name="Wait Until Element Is Visible" library="PuppeteerLibrary">
<arg>${Waitlogin}</arg>
<arg>${Wait}</arg>
<doc>Waits until ``locator`` element is displayed on web page.</doc>
<status status="PASS" starttime="20230928 18:23:23.553" endtime="20230928 18:23:35.809"/>
</kw>
<status status="PASS" starttime="20230928 18:23:20.080" endtime="20230928 18:23:35.809"/>
</kw>
<kw name="Go to ticketRevamp in IG" library="TicketRevamp-Page">
<kw name="Go To" library="PuppeteerLibrary">
<arg>${BaseURL}/ticketRevamp?ticketId=L20hQE2J2qEpzVPhJcKE</arg>
<doc>Navigates the current page to the ``url``</doc>
<msg timestamp="20230928 18:23:35.810" level="INFO">https://beta.connect-x.tech/ticketRevamp?ticketId=L20hQE2J2qEpzVPhJcKE</msg>
<status status="PASS" starttime="20230928 18:23:35.810" endtime="20230928 18:23:37.352"/>
</kw>
<kw name="Wait Until Element Is Visible" library="PuppeteerLibrary">
<arg>${WaitNoppadonBox}</arg>
<arg>${Wait}</arg>
<doc>Waits until ``locator`` element is displayed on web page.</doc>
<status status="PASS" starttime="20230928 18:23:37.353" endtime="20230928 18:23:40.983"/>
</kw>
<status status="PASS" starttime="20230928 18:23:35.810" endtime="20230928 18:23:40.983"/>
</kw>
<kw name="Drawer Listview Delete from page Create ticketRevamp Lead" library="TicketRevamp-Page">
<kw name="Click Element" library="PuppeteerLibrary">
<arg>${ButtonLead}</arg>
<doc>Clicks element identified by ``locator``.</doc>
<msg timestamp="20230928 18:23:40.984" level="INFO">Clicking element 'xpath=(//*[text()='Lead'])/../..'.</msg>
<status status="PASS" starttime="20230928 18:23:40.984" endtime="20230928 18:23:41.120"/>
</kw>
<kw name="Wait Until Element Is Visible" library="PuppeteerLibrary">
<arg>${Owneragent}</arg>
<arg>${Wait}</arg>
<doc>Waits until ``locator`` element is displayed on web page.</doc>
<status status="PASS" starttime="20230928 18:23:41.120" endtime="20230928 18:23:41.141"/>
</kw>
<kw name="Click Element" library="PuppeteerLibrary">
<arg>${clickcreatelead}</arg>
<doc>Clicks element identified by ``locator``.</doc>
<msg timestamp="20230928 18:23:41.142" level="INFO">Clicking element 'xpath=//*[text()='+ Create Lead']'.</msg>
<status status="PASS" starttime="20230928 18:23:41.142" endtime="20230928 18:23:41.373"/>
</kw>
<kw name="Wait Until Element Is Visible" library="PuppeteerLibrary">
<arg>${waitleadNo}</arg>
<arg>${Wait}</arg>
<doc>Waits until ``locator`` element is displayed on web page.</doc>
<status status="PASS" starttime="20230928 18:23:41.374" endtime="20230928 18:23:42.914"/>
</kw>
<kw name="Click Element" library="PuppeteerLibrary">
<arg>${ClickListview}</arg>
<doc>Clicks element identified by ``locator``.</doc>
<msg timestamp="20230928 18:23:42.914" level="INFO">Clicking element 'xpath=//*[text()='List View']'.</msg>
<status status="PASS" starttime="20230928 18:23:42.914" endtime="20230928 18:23:43.143"/>
</kw>
<kw name="Wait Until Element Is Visible" library="PuppeteerLibrary">
<arg>${Clickidcreate-Lead}</arg>
<arg>${Wait}</arg>
<doc>Waits until ``locator`` element is displayed on web page.</doc>
<status status="PASS" starttime="20230928 18:23:43.143" endtime="20230928 18:23:44.776"/>
</kw>
<kw name="Sleep" library="BuiltIn">
<arg>2s</arg>
<doc>Pauses the test executed for the given time.</doc>
<msg timestamp="20230928 18:23:46.778" level="INFO">Slept 2 seconds</msg>
<status status="PASS" starttime="20230928 18:23:44.776" endtime="20230928 18:23:46.778"/>
</kw>
<kw name="Click Element" library="PuppeteerLibrary">
<arg>${DrawerLeadCreate}</arg>
<doc>Clicks element identified by ``locator``.</doc>
<msg timestamp="20230928 18:23:46.781" level="INFO">Clicking element 'xpath=(//*[@id="create-lead"]//*[contains(text(),'LD-')])[1]/../../../..//*[local-name()="svg"]//*'.</msg>
<status status="PASS" starttime="20230928 18:23:46.780" endtime="20230928 18:23:46.979"/>
</kw>
<kw name="Wait Until Element Is Visible" library="PuppeteerLibrary">
<arg>${ClickDelete}</arg>
<arg>${Wait}</arg>
<doc>Waits until ``locator`` element is displayed on web page.</doc>
<status status="PASS" starttime="20230928 18:23:46.980" endtime="20230928 18:23:46.983"/>
</kw>
<kw name="Click Element" library="PuppeteerLibrary">
<arg>${ClickDelete}</arg>
<doc>Clicks element identified by ``locator``.</doc>
<msg timestamp="20230928 18:23:46.984" level="INFO">Clicking element 'xpath=(//*[text()='ลบ']//..)[1]'.</msg>
<status status="PASS" starttime="20230928 18:23:46.984" endtime="20230928 18:23:47.198"/>
</kw>
<kw name="Wait Until Element Is Visible" library="PuppeteerLibrary">
<arg>${BannerDelete}</arg>
<arg>${Wait}</arg>
<doc>Waits until ``locator`` element is displayed on web page.</doc>
<status status="PASS" starttime="20230928 18:23:47.198" endtime="20230928 18:23:47.202"/>
</kw>
<kw name="Click Element" library="PuppeteerLibrary">
<arg>${Clickconfirm}</arg>
<doc>Clicks element identified by ``locator``.</doc>
<msg timestamp="20230928 18:23:47.202" level="INFO">Clicking element 'xpath=(//*[text()='ยืนยัน']//..)[1]'.</msg>
<status status="PASS" starttime="20230928 18:23:47.202" endtime="20230928 18:23:48.008"/>
</kw>
<kw name="Wait Until Element Is Visible" library="PuppeteerLibrary">
<arg>${WaitSucces}</arg>
<arg>${Wait}</arg>
<doc>Waits until ``locator`` element is displayed on web page.</doc>
<status status="PASS" starttime="20230928 18:23:48.008" endtime="20230928 18:23:50.400"/>
</kw>
<status status="PASS" starttime="20230928 18:23:40.983" endtime="20230928 18:23:50.401"/>
</kw>
<kw name="Close All Browser" library="PuppeteerLibrary" type="TEARDOWN">
<doc>Close all browser</doc>
<status status="PASS" starttime="20230928 18:23:50.401" endtime="20230928 18:23:50.454"/>
</kw>
<status status="PASS" starttime="20230928 18:23:20.080" endtime="20230928 18:23:50.454"/>
</test>
<test id="s1-s1-t42" name="TC-042 Verify Duppicate Lead" line="224">
<kw name="Open Browser and Login" library="TicketRevamp-Page" type="SETUP">
<kw name="Get Variable Value" library="BuiltIn">
<var>${headless}</var>
<arg>${HEADLESS}</arg>
<arg>${False}</arg>
<doc>Returns variable value or ``default`` if the variable does not exist.</doc>
<msg timestamp="20230928 18:23:50.458" level="INFO">${headless} = False</msg>
<status status="PASS" starttime="20230928 18:23:50.455" endtime="20230928 18:23:50.458"/>
</kw>
<kw name="Evaluate" library="BuiltIn">
<var>${options}</var>
<arg>{'args':['--start-maximized'], 'headless': ${headless}}</arg>
<doc>Evaluates the given expression in Python and returns the result.</doc>
<msg timestamp="20230928 18:23:50.458" level="INFO">${options} = {'args': ['--start-maximized'], 'headless': False}</msg>
<status status="PASS" starttime="20230928 18:23:50.458" endtime="20230928 18:23:50.458"/>
</kw>
<kw name="Open Browser" library="PuppeteerLibrary">
<arg>${BaseURL}/login</arg>
<arg>browser=pwchrome</arg>
<arg>options=${options}</arg>
<doc>Opens a new browser instance to the specific ``url``.</doc>
<msg timestamp="20230928 18:23:50.459" level="INFO">https://beta.connect-x.tech/login</msg>
<status status="PASS" starttime="20230928 18:23:50.458" endtime="20230928 18:23:53.830"/>
</kw>
<kw name="Input Text" library="PuppeteerLibrary">
<arg>${Email}</arg>
<arg>${emailOrgAgent3}</arg>
<doc>Types the given text into text field identified by ``locator``.</doc>
<msg timestamp="20230928 18:23:53.831" level="INFO">Typing text 'agent3@conx.tech' into text field 'xpath=//input[@name='email']'.</msg>
<status status="PASS" starttime="20230928 18:23:53.830" endtime="20230928 18:23:53.940"/>
</kw>
<kw name="Input Password" library="PuppeteerLibrary">
<arg>${Password}</arg>
<arg>${PassOrgAgent3}</arg>
<doc>Types the given text into text field same as ``Input Text`` Keyword.</doc>
<msg timestamp="20230928 18:23:53.941" level="INFO">Typing password into text field 'xpath=//input[@name='password']'.</msg>
<status status="PASS" starttime="20230928 18:23:53.940" endtime="20230928 18:23:53.995"/>
</kw>
<kw name="Select Checkbox" library="PuppeteerLibrary">
<arg>${ClickRemember}</arg>
<doc>Select checkbox based on locator</doc>
<msg timestamp="20230928 18:23:53.995" level="INFO">Select checkbox xpath=//input[@type='checkbox'].</msg>
<status status="PASS" starttime="20230928 18:23:53.995" endtime="20230928 18:23:54.027"/>
</kw>
<kw name="Click Element" library="PuppeteerLibrary">
<arg>${Buttonlogin}</arg>
<doc>Clicks element identified by ``locator``.</doc>
<msg timestamp="20230928 18:23:54.028" level="INFO">Clicking element 'xpath=//button[@type='submit']'.</msg>
<status status="PASS" starttime="20230928 18:23:54.028" endtime="20230928 18:23:54.069"/>
</kw>
<kw name="Wait Until Element Is Visible" library="PuppeteerLibrary">
<arg>${Waitlogin}</arg>
<arg>${Wait}</arg>
<doc>Waits until ``locator`` element is displayed on web page.</doc>
<status status="PASS" starttime="20230928 18:23:54.069" endtime="20230928 18:24:05.495"/>
</kw>
<status status="PASS" starttime="20230928 18:23:50.455" endtime="20230928 18:24:05.495"/>
</kw>
<kw name="Go to ticketRevamp in IG" library="TicketRevamp-Page">
<kw name="Go To" library="PuppeteerLibrary">
<arg>${BaseURL}/ticketRevamp?ticketId=L20hQE2J2qEpzVPhJcKE</arg>
<doc>Navigates the current page to the ``url``</doc>
<msg timestamp="20230928 18:24:05.496" level="INFO">https://beta.connect-x.tech/ticketRevamp?ticketId=L20hQE2J2qEpzVPhJcKE</msg>
<status status="PASS" starttime="20230928 18:24:05.495" endtime="20230928 18:24:07.053"/>
</kw>
<kw name="Wait Until Element Is Visible" library="PuppeteerLibrary">
<arg>${WaitNoppadonBox}</arg>
<arg>${Wait}</arg>
<doc>Waits until ``locator`` element is displayed on web page.</doc>
<status status="PASS" starttime="20230928 18:24:07.053" endtime="20230928 18:24:10.350"/>
</kw>
<status status="PASS" starttime="20230928 18:24:05.495" endtime="20230928 18:24:10.350"/>
</kw>
<kw name="Drawer Listview duplicate from page Create ticketRevamp Lead" library="TicketRevamp-Page">
<kw name="Click Element" library="PuppeteerLibrary">
<arg>${ButtonLead}</arg>
<doc>Clicks element identified by ``locator``.</doc>
<msg timestamp="20230928 18:24:10.351" level="INFO">Clicking element 'xpath=(//*[text()='Lead'])/../..'.</msg>
<status status="PASS" starttime="20230928 18:24:10.351" endtime="20230928 18:24:10.796"/>
</kw>
<kw name="Wait Until Element Is Visible" library="PuppeteerLibrary">
<arg>${Owneragent}</arg>
<arg>${Wait}</arg>
<doc>Waits until ``locator`` element is displayed on web page.</doc>
<status status="PASS" starttime="20230928 18:24:10.797" endtime="20230928 18:24:10.817"/>
</kw>
<kw name="Click Element" library="PuppeteerLibrary">
<arg>${clickcreatelead}</arg>
<doc>Clicks element identified by ``locator``.</doc>
<msg timestamp="20230928 18:24:10.817" level="INFO">Clicking element 'xpath=//*[text()='+ Create Lead']'.</msg>
<status status="PASS" starttime="20230928 18:24:10.817" endtime="20230928 18:24:11.048"/>
</kw>
<kw name="Wait Until Element Is Visible" library="PuppeteerLibrary">
<arg>${waitleadNo}</arg>
<arg>${Wait}</arg>
<doc>Waits until ``locator`` element is displayed on web page.</doc>
<status status="PASS" starttime="20230928 18:24:11.048" endtime="20230928 18:24:12.426"/>
</kw>
<kw name="Click Element" library="PuppeteerLibrary">
<arg>${ClickListview}</arg>
<doc>Clicks element identified by ``locator``.</doc>
<msg timestamp="20230928 18:24:12.426" level="INFO">Clicking element 'xpath=//*[text()='List View']'.</msg>
<status status="PASS" starttime="20230928 18:24:12.426" endtime="20230928 18:24:12.640"/>
</kw>
<kw name="Wait Until Element Is Visible" library="PuppeteerLibrary">
<arg>${Clickidcreate-Lead}</arg>
<arg>${Wait}</arg>
<doc>Waits until ``locator`` element is displayed on web page.</doc>
<status status="PASS" starttime="20230928 18:24:12.641" endtime="20230928 18:24:14.580"/>
</kw>
<kw name="Sleep" library="BuiltIn">
<arg>2s</arg>
<doc>Pauses the test executed for the given time.</doc>
<msg timestamp="20230928 18:24:16.581" level="INFO">Slept 2 seconds</msg>
<status status="PASS" starttime="20230928 18:24:14.580" endtime="20230928 18:24:16.582"/>
</kw>
<kw name="Click Element" library="PuppeteerLibrary">
<arg>${DrawerLeadCreate}</arg>
<doc>Clicks element identified by ``locator``.</doc>
<msg timestamp="20230928 18:24:16.582" level="INFO">Clicking element 'xpath=(//*[@id="create-lead"]//*[contains(text(),'LD-')])[1]/../../../..//*[local-name()="svg"]//*'.</msg>
<status status="PASS" starttime="20230928 18:24:16.582" endtime="20230928 18:24:16.784"/>
</kw>
<kw name="Wait Until Element Is Visible" library="PuppeteerLibrary">
<arg>${ClickDuplicate}</arg>
<arg>${Wait}</arg>
<doc>Waits until ``locator`` element is displayed on web page.</doc>
<status status="PASS" starttime="20230928 18:24:16.784" endtime="20230928 18:24:16.788"/>
</kw>
<kw name="Click Element" library="PuppeteerLibrary">
<arg>${ClickDuplicate}</arg>
<doc>Clicks element identified by ``locator``.</doc>
<msg timestamp="20230928 18:24:16.788" level="INFO">Clicking element 'xpath=//*[text()="ทำสำเนา"]/..'.</msg>
<status status="PASS" starttime="20230928 18:24:16.788" endtime="20230928 18:24:16.850"/>
</kw>
<kw name="Wait Until Element Is Visible" library="PuppeteerLibrary">
<arg>${ButtonSaveLead}</arg>
<arg>${Wait}</arg>
<doc>Waits until ``locator`` element is displayed on web page.</doc>
<status status="PASS" starttime="20230928 18:24:16.851" endtime="20230928 18:24:16.854"/>
</kw>
<kw name="Click Element" library="PuppeteerLibrary">
<arg>${ButtonSaveLead}</arg>
<doc>Clicks element identified by ``locator``.</doc>
<msg timestamp="20230928 18:24:16.855" level="INFO">Clicking element 'xpath=(//*[@id="create-lead"]//*[text()='Save'])'.</msg>
<status status="PASS" starttime="20230928 18:24:16.855" endtime="20230928 18:24:17.000"/>
</kw>
<kw name="Wait Until Element Is Visible" library="PuppeteerLibrary">
<arg>${WaitSucces}</arg>
<arg>${Wait}</arg>
<doc>Waits until ``locator`` element is displayed on web page.</doc>
<status status="PASS" starttime="20230928 18:24:17.000" endtime="20230928 18:24:18.740"/>
</kw>
<kw name="Click Element" library="PuppeteerLibrary">
<arg>${Cross}</arg>
<doc>Clicks element identified by ``locator``.</doc>
<msg timestamp="20230928 18:24:18.740" level="INFO">Clicking element 'xpath=(//*[text()='Success']//..//..//..//*[local-name()="svg"])[2]//*'.</msg>
<status status="PASS" starttime="20230928 18:24:18.740" endtime="20230928 18:24:18.817"/>
</kw>
<kw name="Wait Until Element Is Visible" library="PuppeteerLibrary">
<arg>${waitdate}</arg>
<arg>${Wait}</arg>
<doc>Waits until ``locator`` element is displayed on web page.</doc>
<status status="PASS" starttime="20230928 18:24:18.817" endtime="20230928 18:24:18.821"/>
</kw>
<status status="PASS" starttime="20230928 18:24:10.351" endtime="20230928 18:24:18.821"/>
</kw>
<kw name="Close All Browser" library="PuppeteerLibrary" type="TEARDOWN">
<doc>Close all browser</doc>
<status status="PASS" starttime="20230928 18:24:18.821" endtime="20230928 18:24:18.877"/>
</kw>
<status status="PASS" starttime="20230928 18:23:50.455" endtime="20230928 18:24:18.877"/>
</test>
<status status="PASS" starttime="20230928 17:50:02.967" endtime="20230928 18:24:18.878"/>
</suite>
<status status="PASS" starttime="20230928 17:50:02.960" endtime="20230928 18:24:18.882"/>
</suite>
<statistics>
<total>
<stat pass="42" fail="0" skip="0">All Tests</stat>
</total>
<tag>
</tag>
<suite>
<stat pass="42" fail="0" skip="0" id="s1" name="Suites">Suites</stat>
<stat pass="42" fail="0" skip="0" id="s1-s1" name="TicketRevamp-Page">Suites.TicketRevamp-Page</stat>
</suite>
</statistics>
<errors>
</errors>
</robot>
